<?xml version="1.0" encoding="UTF-8"?>
<coverage generated="1788326426240" clover="3.2.0">
  <project timestamp="1788326426240" name="All files">
    <metrics statements="1092" coveredstatements="1092" conditionals="417" coveredconditionals="417" methods="57" coveredmethods="57" elements="1566" coveredelements="1566" complexity="0" loc="1092" ncloc="1092" packages="8" files="21" classes="21"/>
    <package name="src">
      <metrics statements="98" coveredstatements="98" conditionals="75" coveredconditionals="75" methods="4" coveredmethods="4"/>
      <file name="cli.ts" path="/Users/dmitri/dev/agent-skills-lint/src/cli.ts">
        <metrics statements="7" coveredstatements="7" conditionals="1" coveredconditionals="1" methods="0" coveredmethods="0"/>
        <line num="1" count="1" type="stmt"/>
        <line num="3" count="1" type="stmt"/>
        <line num="4" count="1" type="stmt"/>
        <line num="5" count="1" type="cond" truecount="1" falsecount="0"/>
        <line num="6" count="1" type="stmt"/>
        <line num="7" count="1" type="stmt"/>
        <line num="8" count="1" type="stmt"/>
      </file>
      <file name="diagnostic.ts" path="/Users/dmitri/dev/agent-skills-lint/src/diagnostic.ts">
        <metrics statements="8" coveredstatements="8" conditionals="22" coveredconditionals="22" methods="1" coveredmethods="1"/>
        <line num="24" count="1" type="cond" truecount="1" falsecount="0"/>
        <line num="25" count="37" type="cond" truecount="5" falsecount="0"/>
        <line num="26" count="37" type="cond" truecount="2" falsecount="0"/>
        <line num="27" count="37" type="cond" truecount="2" falsecount="0"/>
        <line num="28" count="37" type="cond" truecount="3" falsecount="0"/>
        <line num="29" count="36" type="cond" truecount="5" falsecount="0"/>
        <line num="30" count="37" type="cond" truecount="4" falsecount="0"/>
        <line num="31" count="37" type="stmt"/>
      </file>
      <file name="main.ts" path="/Users/dmitri/dev/agent-skills-lint/src/main.ts">
        <metrics statements="83" coveredstatements="83" conditionals="52" coveredconditionals="52" methods="3" coveredmethods="3"/>
        <line num="1" count="1" type="stmt"/>
        <line num="2" count="1" type="stmt"/>
        <line num="3" count="1" type="stmt"/>
        <line num="5" count="1" type="stmt"/>
        <line num="6" count="1" type="stmt"/>
        <line num="7" count="1" type="stmt"/>
        <line num="8" count="1" type="stmt"/>
        <line num="9" count="1" type="stmt"/>
        <line num="10" count="1" type="stmt"/>
        <line num="11" count="1" type="stmt"/>
        <line num="13" count="1" type="stmt"/>
        <line num="15" count="1" type="stmt"/>
        <line num="39" count="60" type="cond" truecount="1" falsecount="0"/>
        <line num="40" count="60" type="stmt"/>
        <line num="41" count="60" type="stmt"/>
        <line num="42" count="60" type="cond" truecount="1" falsecount="0"/>
        <line num="43" count="58" type="stmt"/>
        <line num="44" count="58" type="stmt"/>
        <line num="45" count="60" type="stmt"/>
        <line num="48" count="36" type="cond" truecount="1" falsecount="0"/>
        <line num="49" count="36" type="stmt"/>
        <line num="50" count="36" type="cond" truecount="1" falsecount="0"/>
        <line num="51" count="37" type="cond" truecount="4" falsecount="0"/>
        <line num="52" count="36" type="stmt"/>
        <line num="53" count="36" type="cond" truecount="1" falsecount="0"/>
        <line num="54" count="36" type="cond" truecount="2" falsecount="0"/>
        <line num="55" count="36" type="cond" truecount="3" falsecount="0"/>
        <line num="56" count="36" type="cond" truecount="2" falsecount="0"/>
        <line num="57" count="36" type="stmt"/>
        <line num="58" count="36" type="stmt"/>
        <line num="60" count="1" type="cond" truecount="1" falsecount="0"/>
        <line num="61" count="63" type="stmt"/>
        <line num="62" count="63" type="stmt"/>
        <line num="63" count="63" type="stmt"/>
        <line num="64" count="63" type="stmt"/>
        <line num="65" count="63" type="stmt"/>
        <line num="66" count="63" type="stmt"/>
        <line num="67" count="63" type="stmt"/>
        <line num="68" count="63" type="stmt"/>
        <line num="69" count="63" type="stmt"/>
        <line num="70" count="63" type="stmt"/>
        <line num="71" count="63" type="stmt"/>
        <line num="72" count="63" type="stmt"/>
        <line num="74" count="63" type="cond" truecount="1" falsecount="0"/>
        <line num="75" count="1" type="stmt"/>
        <line num="76" count="1" type="stmt"/>
        <line num="77" count="1" type="cond" truecount="1" falsecount="0"/>
        <line num="78" count="63" type="cond" truecount="1" falsecount="0"/>
        <line num="79" count="2" type="stmt"/>
        <line num="80" count="2" type="stmt"/>
        <line num="81" count="2" type="cond" truecount="1" falsecount="0"/>
        <line num="83" count="60" type="stmt"/>
        <line num="84" count="63" type="cond" truecount="2" falsecount="0"/>
        <line num="85" count="63" type="cond" truecount="1" falsecount="0"/>
        <line num="87" count="63" type="cond" truecount="3" falsecount="0"/>
        <line num="88" count="63" type="cond" truecount="1" falsecount="0"/>
        <line num="89" count="20" type="cond" truecount="1" falsecount="0"/>
        <line num="90" count="36" type="stmt"/>
        <line num="92" count="63" type="cond" truecount="1" falsecount="0"/>
        <line num="93" count="63" type="stmt"/>
        <line num="95" count="63" type="cond" truecount="1" falsecount="0"/>
        <line num="96" count="63" type="cond" truecount="1" falsecount="0"/>
        <line num="97" count="63" type="cond" truecount="1" falsecount="0"/>
        <line num="98" count="2" type="stmt"/>
        <line num="99" count="2" type="cond" truecount="3" falsecount="0"/>
        <line num="100" count="2" type="stmt"/>
        <line num="101" count="2" type="cond" truecount="1" falsecount="0"/>
        <line num="103" count="55" type="stmt"/>
        <line num="104" count="63" type="cond" truecount="3" falsecount="0"/>
        <line num="105" count="63" type="cond" truecount="1" falsecount="0"/>
        <line num="106" count="15" type="stmt"/>
        <line num="107" count="63" type="cond" truecount="2" falsecount="0"/>
        <line num="108" count="2" type="stmt"/>
        <line num="109" count="40" type="cond" truecount="2" falsecount="0"/>
        <line num="110" count="3" type="stmt"/>
        <line num="111" count="38" type="cond" truecount="2" falsecount="0"/>
        <line num="112" count="34" type="stmt"/>
        <line num="113" count="35" type="cond" truecount="1" falsecount="0"/>
        <line num="114" count="1" type="stmt"/>
        <line num="115" count="1" type="stmt"/>
        <line num="116" count="1" type="cond" truecount="1" falsecount="0"/>
        <line num="118" count="63" type="cond" truecount="3" falsecount="0"/>
        <line num="119" count="63" type="stmt"/>
      </file>
    </package>
    <package name="src.dialects">
      <metrics statements="57" coveredstatements="57" conditionals="21" coveredconditionals="21" methods="5" coveredmethods="5"/>
      <file name="registry.ts" path="/Users/dmitri/dev/agent-skills-lint/src/dialects/registry.ts">
        <metrics statements="54" coveredstatements="54" conditionals="20" coveredconditionals="20" methods="4" coveredmethods="4"/>
        <line num="1" count="1" type="stmt"/>
        <line num="2" count="1" type="stmt"/>
        <line num="3" count="1" type="stmt"/>
        <line num="4" count="1" type="stmt"/>
        <line num="7" count="1" type="stmt"/>
        <line num="8" count="1" type="cond" truecount="1" falsecount="0"/>
        <line num="9" count="32" type="stmt"/>
        <line num="10" count="32" type="stmt"/>
        <line num="17" count="1" type="stmt"/>
        <line num="18" count="1" type="stmt"/>
        <line num="19" count="1" type="stmt"/>
        <line num="20" count="1" type="stmt"/>
        <line num="21" count="1" type="stmt"/>
        <line num="22" count="1" type="stmt"/>
        <line num="23" count="1" type="stmt"/>
        <line num="24" count="1" type="stmt"/>
        <line num="25" count="1" type="stmt"/>
        <line num="32" count="1" type="cond" truecount="1" falsecount="0"/>
        <line num="33" count="80" type="stmt"/>
        <line num="34" count="80" type="cond" truecount="1" falsecount="0"/>
        <line num="35" count="109" type="cond" truecount="1" falsecount="0"/>
        <line num="36" count="109" type="cond" truecount="1" falsecount="0"/>
        <line num="37" count="172" type="cond" truecount="1" falsecount="0"/>
        <line num="38" count="1" type="stmt"/>
        <line num="39" count="1" type="stmt"/>
        <line num="40" count="1" type="cond" truecount="1" falsecount="0"/>
        <line num="41" count="171" type="cond" truecount="1" falsecount="0"/>
        <line num="42" count="172" type="cond" truecount="1" falsecount="0"/>
        <line num="43" count="108" type="cond" truecount="1" falsecount="0"/>
        <line num="44" count="79" type="stmt"/>
        <line num="45" count="79" type="stmt"/>
        <line num="48" count="1" type="cond" truecount="1" falsecount="0"/>
        <line num="49" count="210" type="stmt"/>
        <line num="50" count="210" type="stmt"/>
        <line num="51" count="210" type="stmt"/>
        <line num="52" count="210" type="stmt"/>
        <line num="53" count="210" type="cond" truecount="1" falsecount="0"/>
        <line num="54" count="915" type="cond" truecount="1" falsecount="0"/>
        <line num="55" count="1" type="stmt"/>
        <line num="56" count="915" type="cond" truecount="1" falsecount="0"/>
        <line num="57" count="914" type="stmt"/>
        <line num="58" count="914" type="stmt"/>
        <line num="59" count="915" type="stmt"/>
        <line num="60" count="210" type="stmt"/>
        <line num="61" count="210" type="stmt"/>
        <line num="63" count="1" type="cond" truecount="1" falsecount="0"/>
        <line num="64" count="210" type="stmt"/>
        <line num="65" count="210" type="cond" truecount="2" falsecount="0"/>
        <line num="66" count="210" type="cond" truecount="2" falsecount="0"/>
        <line num="67" count="210" type="stmt"/>
        <line num="68" count="210" type="stmt"/>
        <line num="70" count="1" type="cond" truecount="1" falsecount="0"/>
        <line num="72" count="37" type="stmt"/>
        <line num="73" count="37" type="stmt"/>
      </file>
      <file name="types.ts" path="/Users/dmitri/dev/agent-skills-lint/src/dialects/types.ts">
        <metrics statements="3" coveredstatements="3" conditionals="1" coveredconditionals="1" methods="1" coveredmethods="1"/>
        <line num="16" count="1" type="cond" truecount="1" falsecount="0"/>
        <line num="17" count="32" type="stmt"/>
        <line num="18" count="32" type="stmt"/>
      </file>
    </package>
    <package name="src.dialects.claude-code">
      <metrics statements="19" coveredstatements="19" conditionals="0" coveredconditionals="0" methods="0" coveredmethods="0"/>
      <file name="2026-09.ts" path="/Users/dmitri/dev/agent-skills-lint/src/dialects/claude-code/2026-09.ts">
        <metrics statements="19" coveredstatements="19" conditionals="0" coveredconditionals="0" methods="0" coveredmethods="0"/>
        <line num="1" count="1" type="stmt"/>
        <line num="9" count="1" type="stmt"/>
        <line num="10" count="1" type="stmt"/>
        <line num="11" count="1" type="stmt"/>
        <line num="12" count="1" type="stmt"/>
        <line num="13" count="1" type="stmt"/>
        <line num="14" count="1" type="stmt"/>
        <line num="15" count="1" type="stmt"/>
        <line num="16" count="1" type="stmt"/>
        <line num="17" count="1" type="stmt"/>
        <line num="18" count="1" type="stmt"/>
        <line num="19" count="1" type="stmt"/>
        <line num="20" count="1" type="stmt"/>
        <line num="21" count="1" type="stmt"/>
        <line num="22" count="1" type="stmt"/>
        <line num="23" count="1" type="stmt"/>
        <line num="24" count="1" type="stmt"/>
        <line num="25" count="1" type="stmt"/>
        <line num="26" count="1" type="stmt"/>
      </file>
    </package>
    <package name="src.dialects.codex">
      <metrics statements="15" coveredstatements="15" conditionals="0" coveredconditionals="0" methods="0" coveredmethods="0"/>
      <file name="2026-09.ts" path="/Users/dmitri/dev/agent-skills-lint/src/dialects/codex/2026-09.ts">
        <metrics statements="15" coveredstatements="15" conditionals="0" coveredconditionals="0" methods="0" coveredmethods="0"/>
        <line num="1" count="1" type="stmt"/>
        <line num="14" count="1" type="stmt"/>
        <line num="15" count="1" type="stmt"/>
        <line num="16" count="1" type="stmt"/>
        <line num="17" count="1" type="stmt"/>
        <line num="18" count="1" type="stmt"/>
        <line num="19" count="1" type="stmt"/>
        <line num="20" count="1" type="stmt"/>
        <line num="21" count="1" type="stmt"/>
        <line num="22" count="1" type="stmt"/>
        <line num="23" count="1" type="stmt"/>
        <line num="24" count="1" type="stmt"/>
        <line num="25" count="1" type="stmt"/>
        <line num="26" count="1" type="stmt"/>
        <line num="27" count="1" type="stmt"/>
      </file>
    </package>
    <package name="src.dialects.spec">
      <metrics statements="29" coveredstatements="29" conditionals="0" coveredconditionals="0" methods="0" coveredmethods="0"/>
      <file name="agent-plugins-1.0.0.ts" path="/Users/dmitri/dev/agent-skills-lint/src/dialects/spec/agent-plugins-1.0.0.ts">
        <metrics statements="16" coveredstatements="16" conditionals="0" coveredconditionals="0" methods="0" coveredmethods="0"/>
        <line num="1" count="1" type="stmt"/>
        <line num="8" count="1" type="stmt"/>
        <line num="9" count="1" type="stmt"/>
        <line num="10" count="1" type="stmt"/>
        <line num="11" count="1" type="stmt"/>
        <line num="12" count="1" type="stmt"/>
        <line num="13" count="1" type="stmt"/>
        <line num="14" count="1" type="stmt"/>
        <line num="15" count="1" type="stmt"/>
        <line num="16" count="1" type="stmt"/>
        <line num="17" count="1" type="stmt"/>
        <line num="18" count="1" type="stmt"/>
        <line num="19" count="1" type="stmt"/>
        <line num="20" count="1" type="stmt"/>
        <line num="21" count="1" type="stmt"/>
        <line num="22" count="1" type="stmt"/>
      </file>
      <file name="agentskills-1.0.0.ts" path="/Users/dmitri/dev/agent-skills-lint/src/dialects/spec/agentskills-1.0.0.ts">
        <metrics statements="13" coveredstatements="13" conditionals="0" coveredconditionals="0" methods="0" coveredmethods="0"/>
        <line num="1" count="1" type="stmt"/>
        <line num="7" count="1" type="stmt"/>
        <line num="8" count="1" type="stmt"/>
        <line num="9" count="1" type="stmt"/>
        <line num="10" count="1" type="stmt"/>
        <line num="11" count="1" type="stmt"/>
        <line num="12" count="1" type="stmt"/>
        <line num="13" count="1" type="stmt"/>
        <line num="14" count="1" type="stmt"/>
        <line num="15" count="1" type="stmt"/>
        <line num="16" count="1" type="stmt"/>
        <line num="17" count="1" type="stmt"/>
        <line num="18" count="1" type="stmt"/>
      </file>
    </package>
    <package name="src.engine">
      <metrics statements="321" coveredstatements="321" conditionals="148" coveredconditionals="148" methods="20" coveredmethods="20"/>
      <file name="detect.ts" path="/Users/dmitri/dev/agent-skills-lint/src/engine/detect.ts">
        <metrics statements="73" coveredstatements="73" conditionals="41" coveredconditionals="41" methods="4" coveredmethods="4"/>
        <line num="1" count="1" type="stmt"/>
        <line num="2" count="1" type="stmt"/>
        <line num="4" count="1" type="stmt"/>
        <line num="6" count="374" type="cond" truecount="1" falsecount="0"/>
        <line num="7" count="374" type="stmt"/>
        <line num="8" count="374" type="stmt"/>
        <line num="9" count="374" type="cond" truecount="2" falsecount="0"/>
        <line num="10" count="374" type="cond" truecount="1" falsecount="0"/>
        <line num="11" count="123" type="stmt"/>
        <line num="12" count="123" type="stmt"/>
        <line num="13" count="374" type="stmt"/>
        <line num="15" count="35" type="cond" truecount="1" falsecount="0"/>
        <line num="16" count="35" type="stmt"/>
        <line num="17" count="35" type="cond" truecount="1" falsecount="0"/>
        <line num="18" count="12" type="cond" truecount="1" falsecount="0"/>
        <line num="19" count="9" type="stmt"/>
        <line num="21" count="35" type="stmt"/>
        <line num="23" count="12" type="cond" truecount="1" falsecount="0"/>
        <line num="24" count="12" type="stmt"/>
        <line num="25" count="12" type="stmt"/>
        <line num="26" count="12" type="stmt"/>
        <line num="27" count="12" type="cond" truecount="2" falsecount="0"/>
        <line num="28" count="10" type="cond" truecount="1" falsecount="0"/>
        <line num="29" count="15" type="stmt"/>
        <line num="31" count="15" type="cond" truecount="2" falsecount="0"/>
        <line num="32" count="11" type="stmt"/>
        <line num="33" count="11" type="cond" truecount="1" falsecount="0"/>
        <line num="34" count="8" type="stmt"/>
        <line num="35" count="8" type="cond" truecount="1" falsecount="0"/>
        <line num="36" count="24" type="cond" truecount="1" falsecount="0"/>
        <line num="37" count="24" type="stmt"/>
        <line num="38" count="8" type="stmt"/>
        <line num="39" count="8" type="stmt"/>
        <line num="40" count="11" type="stmt"/>
        <line num="41" count="15" type="stmt"/>
        <line num="42" count="10" type="stmt"/>
        <line num="43" count="12" type="stmt"/>
        <line num="44" count="12" type="stmt"/>
        <line num="45" count="12" type="stmt"/>
        <line num="46" count="12" type="stmt"/>
        <line num="47" count="12" type="stmt"/>
        <line num="48" count="12" type="stmt"/>
        <line num="49" count="12" type="cond" truecount="2" falsecount="0"/>
        <line num="50" count="12" type="stmt"/>
        <line num="51" count="12" type="stmt"/>
        <line num="60" count="1" type="cond" truecount="1" falsecount="0"/>
        <line num="61" count="82" type="stmt"/>
        <line num="63" count="82" type="cond" truecount="1" falsecount="0"/>
        <line num="64" count="2" type="cond" truecount="1" falsecount="0"/>
        <line num="65" count="1" type="stmt"/>
        <line num="66" count="1" type="cond" truecount="1" falsecount="0"/>
        <line num="67" count="82" type="cond" truecount="1" falsecount="0"/>
        <line num="68" count="2" type="stmt"/>
        <line num="69" count="2" type="cond" truecount="1" falsecount="0"/>
        <line num="71" count="82" type="cond" truecount="3" falsecount="0"/>
        <line num="74" count="75" type="cond" truecount="2" falsecount="0"/>
        <line num="75" count="12" type="stmt"/>
        <line num="76" count="12" type="cond" truecount="1" falsecount="0"/>
        <line num="77" count="82" type="cond" truecount="3" falsecount="0"/>
        <line num="78" count="31" type="stmt"/>
        <line num="79" count="31" type="cond" truecount="2" falsecount="0"/>
        <line num="81" count="4" type="stmt"/>
        <line num="82" count="61" type="cond" truecount="1" falsecount="0"/>
        <line num="83" count="7" type="stmt"/>
        <line num="84" count="7" type="cond" truecount="2" falsecount="0"/>
        <line num="85" count="4" type="stmt"/>
        <line num="86" count="4" type="stmt"/>
        <line num="87" count="7" type="cond" truecount="1" falsecount="0"/>
        <line num="88" count="61" type="cond" truecount="2" falsecount="0"/>
        <line num="90" count="1" type="stmt"/>
        <line num="91" count="1" type="stmt"/>
        <line num="92" count="1" type="stmt"/>
        <line num="93" count="1" type="stmt"/>
      </file>
      <file name="parse.ts" path="/Users/dmitri/dev/agent-skills-lint/src/engine/parse.ts">
        <metrics statements="142" coveredstatements="142" conditionals="56" coveredconditionals="56" methods="10" coveredmethods="10"/>
        <line num="1" count="1" type="stmt"/>
        <line num="2" count="1" type="stmt"/>
        <line num="3" count="1" type="stmt"/>
        <line num="14" count="1" type="stmt"/>
        <line num="15" count="1" type="stmt"/>
        <line num="17" count="1" type="cond" truecount="1" falsecount="0"/>
        <line num="18" count="84" type="cond" truecount="1" falsecount="0"/>
        <line num="19" count="84" type="stmt"/>
        <line num="20" count="84" type="cond" truecount="2" falsecount="0"/>
        <line num="21" count="82" type="stmt"/>
        <line num="22" count="82" type="stmt"/>
        <line num="23" count="84" type="cond" truecount="3" falsecount="0"/>
        <line num="24" count="81" type="stmt"/>
        <line num="26" count="81" type="stmt"/>
        <line num="28" count="81" type="stmt"/>
        <line num="29" count="81" type="stmt"/>
        <line num="33" count="81" type="stmt"/>
        <line num="34" count="81" type="stmt"/>
        <line num="35" count="81" type="stmt"/>
        <line num="36" count="84" type="cond" truecount="1" falsecount="0"/>
        <line num="39" count="3" type="stmt"/>
        <line num="40" count="3" type="stmt"/>
        <line num="41" count="3" type="stmt"/>
        <line num="42" count="3" type="stmt"/>
        <line num="43" count="3" type="stmt"/>
        <line num="44" count="3" type="stmt"/>
        <line num="45" count="3" type="stmt"/>
        <line num="46" count="3" type="cond" truecount="1" falsecount="0"/>
        <line num="48" count="81" type="stmt"/>
        <line num="49" count="81" type="stmt"/>
        <line num="50" count="84" type="cond" truecount="1" falsecount="0"/>
        <line num="51" count="84" type="cond" truecount="1" falsecount="0"/>
        <line num="53" count="2" type="stmt"/>
        <line num="54" count="2" type="cond" truecount="1" falsecount="0"/>
        <line num="55" count="81" type="cond" truecount="1" falsecount="0"/>
        <line num="56" count="104" type="cond" truecount="2" falsecount="0"/>
        <line num="57" count="103" type="cond" truecount="1" falsecount="0"/>
        <line num="58" count="116" type="cond" truecount="3" falsecount="0"/>
        <line num="59" count="116" type="cond" truecount="2" falsecount="0"/>
        <line num="65" count="102" type="stmt"/>
        <line num="66" count="102" type="stmt"/>
        <line num="67" count="102" type="stmt"/>
        <line num="68" count="102" type="stmt"/>
        <line num="69" count="102" type="stmt"/>
        <line num="70" count="102" type="stmt"/>
        <line num="71" count="102" type="cond" truecount="1" falsecount="0"/>
        <line num="72" count="1" type="stmt"/>
        <line num="73" count="104" type="stmt"/>
        <line num="75" count="81" type="stmt"/>
        <line num="76" count="81" type="stmt"/>
        <line num="77" count="81" type="stmt"/>
        <line num="78" count="81" type="stmt"/>
        <line num="79" count="84" type="cond" truecount="2" falsecount="0"/>
        <line num="80" count="84" type="cond" truecount="2" falsecount="0"/>
        <line num="81" count="84" type="stmt"/>
        <line num="82" count="84" type="stmt"/>
        <line num="84" count="1" type="cond" truecount="1" falsecount="0"/>
        <line num="85" count="79" type="stmt"/>
        <line num="86" count="79" type="stmt"/>
        <line num="87" count="79" type="stmt"/>
        <line num="88" count="79" type="stmt"/>
        <line num="89" count="79" type="stmt"/>
        <line num="90" count="79" type="stmt"/>
        <line num="91" count="79" type="stmt"/>
        <line num="92" count="79" type="stmt"/>
        <line num="93" count="79" type="stmt"/>
        <line num="94" count="79" type="stmt"/>
        <line num="95" count="79" type="stmt"/>
        <line num="96" count="79" type="stmt"/>
        <line num="97" count="79" type="stmt"/>
        <line num="99" count="1" type="cond" truecount="1" falsecount="0"/>
        <line num="100" count="129" type="stmt"/>
        <line num="101" count="129" type="stmt"/>
        <line num="102" count="129" type="stmt"/>
        <line num="103" count="129" type="cond" truecount="2" falsecount="0"/>
        <line num="104" count="61" type="stmt"/>
        <line num="105" count="61" type="cond" truecount="1" falsecount="0"/>
        <line num="106" count="68" type="stmt"/>
        <line num="107" count="68" type="stmt"/>
        <line num="108" count="129" type="cond" truecount="1" falsecount="0"/>
        <line num="109" count="2" type="stmt"/>
        <line num="110" count="2" type="stmt"/>
        <line num="111" count="129" type="stmt"/>
        <line num="113" count="141" type="cond" truecount="1" falsecount="0"/>
        <line num="114" count="141" type="stmt"/>
        <line num="115" count="141" type="stmt"/>
        <line num="116" count="141" type="cond" truecount="1" falsecount="0"/>
        <line num="117" count="59" type="stmt"/>
        <line num="118" count="59" type="stmt"/>
        <line num="119" count="141" type="stmt"/>
        <line num="121" count="46" type="cond" truecount="1" falsecount="0"/>
        <line num="122" count="46" type="stmt"/>
        <line num="123" count="46" type="stmt"/>
        <line num="124" count="46" type="cond" truecount="1" falsecount="0"/>
        <line num="125" count="3" type="stmt"/>
        <line num="126" count="3" type="stmt"/>
        <line num="127" count="46" type="stmt"/>
        <line num="129" count="39" type="cond" truecount="1" falsecount="0"/>
        <line num="130" count="39" type="stmt"/>
        <line num="131" count="39" type="stmt"/>
        <line num="132" count="39" type="cond" truecount="1" falsecount="0"/>
        <line num="133" count="21" type="stmt"/>
        <line num="134" count="21" type="stmt"/>
        <line num="135" count="39" type="stmt"/>
        <line num="137" count="1" type="cond" truecount="1" falsecount="0"/>
        <line num="138" count="51" type="stmt"/>
        <line num="139" count="51" type="cond" truecount="2" falsecount="0"/>
        <line num="140" count="51" type="stmt"/>
        <line num="142" count="1" type="cond" truecount="1" falsecount="0"/>
        <line num="143" count="39" type="stmt"/>
        <line num="144" count="39" type="stmt"/>
        <line num="145" count="39" type="stmt"/>
        <line num="146" count="39" type="stmt"/>
        <line num="147" count="39" type="stmt"/>
        <line num="148" count="39" type="stmt"/>
        <line num="149" count="39" type="stmt"/>
        <line num="150" count="39" type="stmt"/>
        <line num="152" count="39" type="cond" truecount="1" falsecount="0"/>
        <line num="153" count="28" type="cond" truecount="1" falsecount="0"/>
        <line num="155" count="51" type="stmt"/>
        <line num="156" count="51" type="cond" truecount="3" falsecount="0"/>
        <line num="157" count="46" type="stmt"/>
        <line num="158" count="46" type="stmt"/>
        <line num="159" count="49" type="cond" truecount="1" falsecount="0"/>
        <line num="160" count="51" type="stmt"/>
        <line num="161" count="28" type="stmt"/>
        <line num="163" count="39" type="stmt"/>
        <line num="164" count="39" type="stmt"/>
        <line num="165" count="39" type="stmt"/>
        <line num="166" count="39" type="stmt"/>
        <line num="167" count="39" type="stmt"/>
        <line num="168" count="39" type="stmt"/>
        <line num="169" count="39" type="stmt"/>
        <line num="170" count="39" type="stmt"/>
        <line num="171" count="39" type="cond" truecount="2" falsecount="0"/>
        <line num="172" count="39" type="stmt"/>
        <line num="173" count="39" type="cond" truecount="2" falsecount="0"/>
        <line num="174" count="39" type="stmt"/>
        <line num="175" count="39" type="stmt"/>
        <line num="176" count="39" type="stmt"/>
        <line num="177" count="39" type="stmt"/>
        <line num="178" count="39" type="stmt"/>
      </file>
      <file name="run.ts" path="/Users/dmitri/dev/agent-skills-lint/src/engine/run.ts">
        <metrics statements="106" coveredstatements="106" conditionals="51" coveredconditionals="51" methods="6" coveredmethods="6"/>
        <line num="1" count="1" type="stmt"/>
        <line num="2" count="1" type="stmt"/>
        <line num="3" count="1" type="stmt"/>
        <line num="4" count="1" type="stmt"/>
        <line num="5" count="1" type="stmt"/>
        <line num="6" count="1" type="stmt"/>
        <line num="7" count="1" type="stmt"/>
        <line num="11" count="1" type="stmt"/>
        <line num="12" count="1" type="cond" truecount="1" falsecount="0"/>
        <line num="13" count="128" type="stmt"/>
        <line num="14" count="128" type="stmt"/>
        <line num="16" count="1" type="cond" truecount="1" falsecount="0"/>
        <line num="17" count="784" type="stmt"/>
        <line num="18" count="784" type="cond" truecount="2" falsecount="0"/>
        <line num="19" count="783" type="stmt"/>
        <line num="20" count="783" type="stmt"/>
        <line num="29" count="77" type="cond" truecount="1" falsecount="0"/>
        <line num="30" count="77" type="stmt"/>
        <line num="31" count="77" type="cond" truecount="1" falsecount="0"/>
        <line num="32" count="79" type="cond" truecount="1" falsecount="0"/>
        <line num="33" count="79" type="cond" truecount="1" falsecount="0"/>
        <line num="34" count="79" type="cond" truecount="1" falsecount="0"/>
        <line num="35" count="13" type="stmt"/>
        <line num="36" count="13" type="stmt"/>
        <line num="37" count="13" type="stmt"/>
        <line num="38" count="79" type="stmt"/>
        <line num="39" count="77" type="cond" truecount="1" falsecount="0"/>
        <line num="40" count="77" type="stmt"/>
        <line num="41" count="77" type="stmt"/>
        <line num="47" count="1" type="cond" truecount="1" falsecount="0"/>
        <line num="48" count="77" type="stmt"/>
        <line num="49" count="77" type="stmt"/>
        <line num="51" count="77" type="cond" truecount="1" falsecount="0"/>
        <line num="52" count="162" type="stmt"/>
        <line num="53" count="162" type="cond" truecount="1" falsecount="0"/>
        <line num="54" count="859" type="cond" truecount="3" falsecount="0"/>
        <line num="55" count="783" type="stmt"/>
        <line num="56" count="859" type="cond" truecount="1" falsecount="0"/>
        <line num="57" count="859" type="stmt"/>
        <line num="58" count="859" type="cond" truecount="1" falsecount="0"/>
        <line num="59" count="434" type="cond" truecount="1" falsecount="0"/>
        <line num="60" count="349" type="cond" truecount="1" falsecount="0"/>
        <line num="61" count="316" type="cond" truecount="1" falsecount="0"/>
        <line num="62" count="33" type="stmt"/>
        <line num="63" count="859" type="cond" truecount="2" falsecount="0"/>
        <line num="64" count="597" type="stmt"/>
        <line num="66" count="597" type="stmt"/>
        <line num="67" count="597" type="stmt"/>
        <line num="68" count="597" type="stmt"/>
        <line num="69" count="597" type="stmt"/>
        <line num="70" count="597" type="cond" truecount="1" falsecount="0"/>
        <line num="71" count="81" type="stmt"/>
        <line num="72" count="81" type="stmt"/>
        <line num="73" count="81" type="stmt"/>
        <line num="74" count="81" type="stmt"/>
        <line num="75" count="81" type="cond" truecount="1" falsecount="0"/>
        <line num="76" count="81" type="stmt"/>
        <line num="77" count="81" type="cond" truecount="2" falsecount="0"/>
        <line num="78" count="81" type="stmt"/>
        <line num="79" count="81" type="stmt"/>
        <line num="80" count="597" type="stmt"/>
        <line num="81" count="597" type="cond" truecount="1" falsecount="0"/>
        <line num="82" count="783" type="stmt"/>
        <line num="83" count="162" type="stmt"/>
        <line num="85" count="77" type="stmt"/>
        <line num="86" count="77" type="stmt"/>
        <line num="87" count="77" type="stmt"/>
        <line num="94" count="77" type="cond" truecount="1" falsecount="0"/>
        <line num="95" count="77" type="stmt"/>
        <line num="96" count="77" type="cond" truecount="1" falsecount="0"/>
        <line num="97" count="77" type="cond" truecount="1" falsecount="0"/>
        <line num="98" count="77" type="cond" truecount="3" falsecount="0"/>
        <line num="100" count="16" type="stmt"/>
        <line num="101" count="16" type="stmt"/>
        <line num="102" count="16" type="cond" truecount="1" falsecount="0"/>
        <line num="103" count="16" type="cond" truecount="3" falsecount="0"/>
        <line num="104" count="5" type="cond" truecount="1" falsecount="0"/>
        <line num="105" count="3" type="cond" truecount="1" falsecount="0"/>
        <line num="106" count="2" type="stmt"/>
        <line num="107" count="16" type="stmt"/>
        <line num="108" count="16" type="stmt"/>
        <line num="109" count="16" type="stmt"/>
        <line num="110" count="16" type="stmt"/>
        <line num="111" count="16" type="cond" truecount="1" falsecount="0"/>
        <line num="112" count="16" type="stmt"/>
        <line num="113" count="16" type="cond" truecount="2" falsecount="0"/>
        <line num="114" count="16" type="cond" truecount="2" falsecount="0"/>
        <line num="115" count="16" type="stmt"/>
        <line num="116" count="16" type="stmt"/>
        <line num="117" count="16" type="stmt"/>
        <line num="118" count="16" type="stmt"/>
        <line num="121" count="77" type="cond" truecount="1" falsecount="0"/>
        <line num="122" count="77" type="stmt"/>
        <line num="123" count="77" type="cond" truecount="1" falsecount="0"/>
        <line num="124" count="86" type="cond" truecount="2" falsecount="0"/>
        <line num="125" count="86" type="stmt"/>
        <line num="126" count="86" type="stmt"/>
        <line num="127" count="86" type="stmt"/>
        <line num="128" count="86" type="cond" truecount="1" falsecount="0"/>
        <line num="129" count="1" type="stmt"/>
        <line num="130" count="86" type="cond" truecount="1" falsecount="0"/>
        <line num="131" count="85" type="stmt"/>
        <line num="132" count="85" type="stmt"/>
        <line num="133" count="86" type="stmt"/>
        <line num="134" count="77" type="stmt"/>
        <line num="135" count="77" type="stmt"/>
      </file>
    </package>
    <package name="src.reporters">
      <metrics statements="102" coveredstatements="102" conditionals="37" coveredconditionals="37" methods="4" coveredmethods="4"/>
      <file name="github.ts" path="/Users/dmitri/dev/agent-skills-lint/src/reporters/github.ts">
        <metrics statements="24" coveredstatements="24" conditionals="6" coveredconditionals="6" methods="1" coveredmethods="1"/>
        <line num="4" count="1" type="cond" truecount="1" falsecount="0"/>
        <line num="5" count="3" type="stmt"/>
        <line num="6" count="3" type="stmt"/>
        <line num="7" count="3" type="cond" truecount="2" falsecount="0"/>
        <line num="8" count="3" type="stmt"/>
        <line num="9" count="3" type="stmt"/>
        <line num="10" count="3" type="cond" truecount="2" falsecount="0"/>
        <line num="11" count="3" type="stmt"/>
        <line num="12" count="3" type="stmt"/>
        <line num="13" count="3" type="stmt"/>
        <line num="14" count="3" type="stmt"/>
        <line num="16" count="3" type="stmt"/>
        <line num="17" count="3" type="stmt"/>
        <line num="18" count="3" type="stmt"/>
        <line num="19" count="3" type="stmt"/>
        <line num="20" count="3" type="stmt"/>
        <line num="21" count="3" type="stmt"/>
        <line num="22" count="3" type="cond" truecount="1" falsecount="0"/>
        <line num="23" count="3" type="stmt"/>
        <line num="24" count="3" type="stmt"/>
        <line num="25" count="3" type="stmt"/>
        <line num="26" count="3" type="stmt"/>
        <line num="27" count="3" type="stmt"/>
        <line num="28" count="3" type="stmt"/>
      </file>
      <file name="json.ts" path="/Users/dmitri/dev/agent-skills-lint/src/reporters/json.ts">
        <metrics statements="12" coveredstatements="12" conditionals="2" coveredconditionals="2" methods="1" coveredmethods="1"/>
        <line num="3" count="1" type="cond" truecount="1" falsecount="0"/>
        <line num="4" count="15" type="cond" truecount="1" falsecount="0"/>
        <line num="5" count="15" type="stmt"/>
        <line num="6" count="15" type="stmt"/>
        <line num="7" count="15" type="stmt"/>
        <line num="8" count="15" type="stmt"/>
        <line num="9" count="15" type="stmt"/>
        <line num="10" count="15" type="stmt"/>
        <line num="11" count="15" type="stmt"/>
        <line num="12" count="15" type="stmt"/>
        <line num="13" count="15" type="stmt"/>
        <line num="14" count="15" type="stmt"/>
      </file>
      <file name="sarif.ts" path="/Users/dmitri/dev/agent-skills-lint/src/reporters/sarif.ts">
        <metrics statements="39" coveredstatements="39" conditionals="10" coveredconditionals="10" methods="1" coveredmethods="1"/>
        <line num="4" count="1" type="cond" truecount="1" falsecount="0"/>
        <line num="5" count="2" type="cond" truecount="1" falsecount="0"/>
        <line num="6" count="2" type="stmt"/>
        <line num="7" count="2" type="stmt"/>
        <line num="8" count="2" type="stmt"/>
        <line num="9" count="2" type="stmt"/>
        <line num="10" count="2" type="stmt"/>
        <line num="11" count="2" type="stmt"/>
        <line num="12" count="2" type="stmt"/>
        <line num="13" count="2" type="stmt"/>
        <line num="14" count="2" type="stmt"/>
        <line num="15" count="2" type="stmt"/>
        <line num="16" count="2" type="stmt"/>
        <line num="17" count="2" type="cond" truecount="1" falsecount="0"/>
        <line num="18" count="2" type="stmt"/>
        <line num="19" count="2" type="stmt"/>
        <line num="20" count="2" type="cond" truecount="1" falsecount="0"/>
        <line num="21" count="2" type="stmt"/>
        <line num="22" count="2" type="cond" truecount="2" falsecount="0"/>
        <line num="23" count="2" type="stmt"/>
        <line num="24" count="2" type="stmt"/>
        <line num="25" count="2" type="stmt"/>
        <line num="26" count="2" type="stmt"/>
        <line num="27" count="2" type="stmt"/>
        <line num="28" count="2" type="stmt"/>
        <line num="29" count="2" type="cond" truecount="2" falsecount="0"/>
        <line num="30" count="2" type="cond" truecount="2" falsecount="0"/>
        <line num="31" count="2" type="stmt"/>
        <line num="32" count="2" type="stmt"/>
        <line num="33" count="2" type="stmt"/>
        <line num="34" count="2" type="stmt"/>
        <line num="35" count="2" type="stmt"/>
        <line num="36" count="2" type="stmt"/>
        <line num="37" count="2" type="stmt"/>
        <line num="38" count="2" type="stmt"/>
        <line num="39" count="2" type="stmt"/>
        <line num="40" count="2" type="stmt"/>
        <line num="41" count="2" type="stmt"/>
        <line num="42" count="2" type="stmt"/>
      </file>
      <file name="text.ts" path="/Users/dmitri/dev/agent-skills-lint/src/reporters/text.ts">
        <metrics statements="27" coveredstatements="27" conditionals="19" coveredconditionals="19" methods="1" coveredmethods="1"/>
        <line num="1" count="1" type="stmt"/>
        <line num="4" count="1" type="cond" truecount="1" falsecount="0"/>
        <line num="5" count="34" type="stmt"/>
        <line num="6" count="34" type="stmt"/>
        <line num="7" count="34" type="stmt"/>
        <line num="9" count="34" type="stmt"/>
        <line num="10" count="34" type="cond" truecount="1" falsecount="0"/>
        <line num="11" count="40" type="cond" truecount="1" falsecount="0"/>
        <line num="12" count="27" type="stmt"/>
        <line num="13" count="27" type="stmt"/>
        <line num="14" count="27" type="stmt"/>
        <line num="15" count="40" type="cond" truecount="2" falsecount="0"/>
        <line num="16" count="40" type="stmt"/>
        <line num="17" count="40" type="cond" truecount="2" falsecount="0"/>
        <line num="18" count="40" type="stmt"/>
        <line num="19" count="40" type="stmt"/>
        <line num="20" count="34" type="cond" truecount="1" falsecount="0"/>
        <line num="22" count="34" type="cond" truecount="1" falsecount="0"/>
        <line num="23" count="34" type="stmt"/>
        <line num="24" count="34" type="stmt"/>
        <line num="25" count="34" type="cond" truecount="1" falsecount="0"/>
        <line num="26" count="10" type="cond" truecount="1" falsecount="0"/>
        <line num="27" count="24" type="cond" truecount="4" falsecount="0"/>
        <line num="28" count="24" type="cond" truecount="4" falsecount="0"/>
        <line num="29" count="34" type="stmt"/>
        <line num="30" count="34" type="stmt"/>
        <line num="31" count="34" type="stmt"/>
      </file>
    </package>
    <package name="src.rules">
      <metrics statements="451" coveredstatements="451" conditionals="136" coveredconditionals="136" methods="24" coveredmethods="24"/>
      <file name="claude.ts" path="/Users/dmitri/dev/agent-skills-lint/src/rules/claude.ts">
        <metrics statements="95" coveredstatements="95" conditionals="28" coveredconditionals="28" methods="3" coveredmethods="3"/>
        <line num="4" count="1" type="stmt"/>
        <line num="5" count="1" type="stmt"/>
        <line num="6" count="1" type="stmt"/>
        <line num="7" count="1" type="stmt"/>
        <line num="8" count="1" type="stmt"/>
        <line num="9" count="1" type="stmt"/>
        <line num="10" count="1" type="stmt"/>
        <line num="11" count="1" type="stmt"/>
        <line num="12" count="1" type="stmt"/>
        <line num="13" count="1" type="stmt"/>
        <line num="14" count="1" type="stmt"/>
        <line num="15" count="1" type="stmt"/>
        <line num="16" count="1" type="stmt"/>
        <line num="17" count="1" type="stmt"/>
        <line num="18" count="1" type="stmt"/>
        <line num="19" count="1" type="stmt"/>
        <line num="20" count="1" type="stmt"/>
        <line num="21" count="1" type="stmt"/>
        <line num="23" count="1" type="stmt"/>
        <line num="24" count="1" type="stmt"/>
        <line num="26" count="1" type="stmt"/>
        <line num="27" count="1" type="stmt"/>
        <line num="28" count="1" type="stmt"/>
        <line num="29" count="1" type="stmt"/>
        <line num="30" count="1" type="cond" truecount="1" falsecount="0"/>
        <line num="31" count="19" type="cond" truecount="2" falsecount="0"/>
        <line num="32" count="4" type="stmt"/>
        <line num="33" count="4" type="stmt"/>
        <line num="34" count="4" type="stmt"/>
        <line num="35" count="4" type="stmt"/>
        <line num="37" count="4" type="stmt"/>
        <line num="38" count="4" type="stmt"/>
        <line num="39" count="19" type="stmt"/>
        <line num="40" count="1" type="stmt"/>
        <line num="42" count="1" type="stmt"/>
        <line num="43" count="1" type="stmt"/>
        <line num="44" count="1" type="stmt"/>
        <line num="45" count="1" type="stmt"/>
        <line num="46" count="1" type="cond" truecount="1" falsecount="0"/>
        <line num="47" count="19" type="cond" truecount="1" falsecount="0"/>
        <line num="48" count="17" type="cond" truecount="1" falsecount="0"/>
        <line num="49" count="2" type="stmt"/>
        <line num="50" count="2" type="stmt"/>
        <line num="51" count="2" type="stmt"/>
        <line num="52" count="2" type="stmt"/>
        <line num="54" count="2" type="stmt"/>
        <line num="55" count="2" type="stmt"/>
        <line num="56" count="17" type="stmt"/>
        <line num="57" count="19" type="stmt"/>
        <line num="58" count="1" type="stmt"/>
        <line num="60" count="1" type="stmt"/>
        <line num="61" count="1" type="stmt"/>
        <line num="62" count="1" type="stmt"/>
        <line num="63" count="1" type="stmt"/>
        <line num="64" count="1" type="cond" truecount="1" falsecount="0"/>
        <line num="65" count="9" type="stmt"/>
        <line num="66" count="9" type="stmt"/>
        <line num="67" count="9" type="cond" truecount="1" falsecount="0"/>
        <line num="68" count="1" type="stmt"/>
        <line num="69" count="1" type="stmt"/>
        <line num="70" count="1" type="cond" truecount="1" falsecount="0"/>
        <line num="71" count="8" type="stmt"/>
        <line num="72" count="8" type="stmt"/>
        <line num="73" count="9" type="cond" truecount="2" falsecount="0"/>
        <line num="74" count="1" type="stmt"/>
        <line num="75" count="9" type="cond" truecount="1" falsecount="0"/>
        <line num="76" count="7" type="cond" truecount="1" falsecount="0"/>
        <line num="77" count="1" type="stmt"/>
        <line num="78" count="1" type="stmt"/>
        <line num="79" count="7" type="cond" truecount="1" falsecount="0"/>
        <line num="80" count="1" type="stmt"/>
        <line num="81" count="1" type="stmt"/>
        <line num="82" count="7" type="cond" truecount="1" falsecount="0"/>
        <line num="83" count="8" type="stmt"/>
        <line num="84" count="9" type="cond" truecount="3" falsecount="0"/>
        <line num="85" count="3" type="stmt"/>
        <line num="86" count="3" type="cond" truecount="1" falsecount="0"/>
        <line num="87" count="9" type="cond" truecount="1" falsecount="0"/>
        <line num="88" count="1" type="stmt"/>
        <line num="89" count="1" type="stmt"/>
        <line num="90" count="1" type="cond" truecount="1" falsecount="0"/>
        <line num="91" count="7" type="cond" truecount="1" falsecount="0"/>
        <line num="92" count="10" type="stmt"/>
        <line num="93" count="10" type="cond" truecount="2" falsecount="0"/>
        <line num="94" count="1" type="stmt"/>
        <line num="95" count="10" type="cond" truecount="2" falsecount="0"/>
        <line num="96" count="1" type="stmt"/>
        <line num="97" count="1" type="stmt"/>
        <line num="98" count="10" type="cond" truecount="2" falsecount="0"/>
        <line num="99" count="2" type="stmt"/>
        <line num="100" count="2" type="stmt"/>
        <line num="101" count="7" type="stmt"/>
        <line num="102" count="9" type="stmt"/>
        <line num="103" count="1" type="stmt"/>
        <line num="105" count="1" type="stmt"/>
      </file>
      <file name="codex.ts" path="/Users/dmitri/dev/agent-skills-lint/src/rules/codex.ts">
        <metrics statements="87" coveredstatements="87" conditionals="20" coveredconditionals="20" methods="5" coveredmethods="5"/>
        <line num="1" count="1" type="stmt"/>
        <line num="2" count="1" type="stmt"/>
        <line num="5" count="1" type="stmt"/>
        <line num="7" count="1" type="stmt"/>
        <line num="8" count="1" type="stmt"/>
        <line num="9" count="1" type="stmt"/>
        <line num="10" count="1" type="stmt"/>
        <line num="11" count="1" type="cond" truecount="1" falsecount="0"/>
        <line num="12" count="26" type="stmt"/>
        <line num="13" count="26" type="cond" truecount="1" falsecount="0"/>
        <line num="14" count="6" type="stmt"/>
        <line num="15" count="6" type="stmt"/>
        <line num="16" count="6" type="stmt"/>
        <line num="17" count="6" type="stmt"/>
        <line num="18" count="6" type="stmt"/>
        <line num="20" count="6" type="stmt"/>
        <line num="21" count="6" type="stmt"/>
        <line num="22" count="26" type="stmt"/>
        <line num="23" count="1" type="stmt"/>
        <line num="25" count="1" type="stmt"/>
        <line num="26" count="1" type="stmt"/>
        <line num="27" count="1" type="stmt"/>
        <line num="28" count="1" type="stmt"/>
        <line num="29" count="1" type="cond" truecount="1" falsecount="0"/>
        <line num="30" count="15" type="stmt"/>
        <line num="31" count="15" type="cond" truecount="1" falsecount="0"/>
        <line num="32" count="23" type="stmt"/>
        <line num="33" count="23" type="cond" truecount="2" falsecount="0"/>
        <line num="34" count="15" type="stmt"/>
        <line num="35" count="15" type="cond" truecount="1" falsecount="0"/>
        <line num="36" count="1" type="stmt"/>
        <line num="37" count="1" type="stmt"/>
        <line num="38" count="1" type="stmt"/>
        <line num="39" count="1" type="stmt"/>
        <line num="42" count="1" type="stmt"/>
        <line num="43" count="1" type="stmt"/>
        <line num="44" count="15" type="stmt"/>
        <line num="45" count="1" type="stmt"/>
        <line num="47" count="2" type="cond" truecount="1" falsecount="0"/>
        <line num="48" count="2" type="stmt"/>
        <line num="49" count="2" type="stmt"/>
        <line num="50" count="2" type="stmt"/>
        <line num="51" count="2" type="stmt"/>
        <line num="52" count="2" type="cond" truecount="1" falsecount="0"/>
        <line num="53" count="2" type="cond" truecount="1" falsecount="0"/>
        <line num="54" count="6" type="stmt"/>
        <line num="55" count="6" type="cond" truecount="2" falsecount="0"/>
        <line num="56" count="4" type="stmt"/>
        <line num="57" count="4" type="stmt"/>
        <line num="58" count="4" type="stmt"/>
        <line num="59" count="4" type="stmt"/>
        <line num="60" count="6" type="cond" truecount="1" falsecount="0"/>
        <line num="61" count="1" type="stmt"/>
        <line num="62" count="1" type="cond" truecount="1" falsecount="0"/>
        <line num="63" count="6" type="cond" truecount="1" falsecount="0"/>
        <line num="64" count="2" type="stmt"/>
        <line num="65" count="2" type="stmt"/>
        <line num="66" count="2" type="stmt"/>
        <line num="67" count="2" type="stmt"/>
        <line num="70" count="2" type="stmt"/>
        <line num="71" count="2" type="stmt"/>
        <line num="72" count="6" type="stmt"/>
        <line num="73" count="2" type="stmt"/>
        <line num="75" count="1" type="stmt"/>
        <line num="76" count="1" type="stmt"/>
        <line num="77" count="1" type="stmt"/>
        <line num="78" count="1" type="stmt"/>
        <line num="79" count="1" type="cond" truecount="1" falsecount="0"/>
        <line num="80" count="6" type="cond" truecount="1" falsecount="0"/>
        <line num="81" count="6" type="stmt"/>
        <line num="82" count="1" type="stmt"/>
        <line num="84" count="1" type="stmt"/>
        <line num="85" count="1" type="stmt"/>
        <line num="86" count="1" type="stmt"/>
        <line num="87" count="1" type="stmt"/>
        <line num="88" count="1" type="cond" truecount="1" falsecount="0"/>
        <line num="89" count="2" type="cond" truecount="1" falsecount="0"/>
        <line num="90" count="1" type="cond" truecount="1" falsecount="0"/>
        <line num="91" count="1" type="stmt"/>
        <line num="92" count="2" type="stmt"/>
        <line num="93" count="1" type="stmt"/>
        <line num="95" count="1" type="stmt"/>
        <line num="96" count="1" type="stmt"/>
        <line num="97" count="1" type="stmt"/>
        <line num="98" count="1" type="stmt"/>
        <line num="99" count="1" type="stmt"/>
        <line num="100" count="1" type="stmt"/>
      </file>
      <file name="plugin.ts" path="/Users/dmitri/dev/agent-skills-lint/src/rules/plugin.ts">
        <metrics statements="137" coveredstatements="137" conditionals="45" coveredconditionals="45" methods="9" coveredmethods="9"/>
        <line num="1" count="1" type="stmt"/>
        <line num="3" count="1" type="stmt"/>
        <line num="6" count="1" type="stmt"/>
        <line num="7" count="23" type="cond" truecount="1" falsecount="0"/>
        <line num="8" count="23" type="cond" truecount="1" falsecount="0"/>
        <line num="9" count="4" type="stmt"/>
        <line num="10" count="4" type="stmt"/>
        <line num="11" count="23" type="stmt"/>
        <line num="12" count="23" type="stmt"/>
        <line num="14" count="1" type="stmt"/>
        <line num="15" count="1" type="stmt"/>
        <line num="16" count="1" type="stmt"/>
        <line num="17" count="1" type="stmt"/>
        <line num="18" count="1" type="cond" truecount="1" falsecount="0"/>
        <line num="19" count="31" type="cond" truecount="1" falsecount="0"/>
        <line num="20" count="7" type="stmt"/>
        <line num="21" count="7" type="stmt"/>
        <line num="22" count="7" type="stmt"/>
        <line num="23" count="7" type="stmt"/>
        <line num="25" count="7" type="stmt"/>
        <line num="26" count="7" type="stmt"/>
        <line num="27" count="31" type="stmt"/>
        <line num="28" count="1" type="stmt"/>
        <line num="30" count="1" type="stmt"/>
        <line num="31" count="1" type="stmt"/>
        <line num="32" count="1" type="stmt"/>
        <line num="33" count="1" type="stmt"/>
        <line num="34" count="1" type="cond" truecount="1" falsecount="0"/>
        <line num="35" count="31" type="stmt"/>
        <line num="36" count="31" type="cond" truecount="3" falsecount="0"/>
        <line num="37" count="31" type="cond" truecount="1" falsecount="0"/>
        <line num="38" count="1" type="stmt"/>
        <line num="39" count="1" type="stmt"/>
        <line num="40" count="1" type="stmt"/>
        <line num="41" count="1" type="stmt"/>
        <line num="42" count="1" type="stmt"/>
        <line num="43" count="1" type="cond" truecount="1" falsecount="0"/>
        <line num="44" count="23" type="stmt"/>
        <line num="45" count="23" type="cond" truecount="4" falsecount="0"/>
        <line num="46" count="26" type="cond" truecount="1" falsecount="0"/>
        <line num="47" count="6" type="cond" truecount="2" falsecount="0"/>
        <line num="48" count="6" type="stmt"/>
        <line num="49" count="6" type="cond" truecount="1" falsecount="0"/>
        <line num="50" count="31" type="stmt"/>
        <line num="51" count="1" type="stmt"/>
        <line num="53" count="1" type="stmt"/>
        <line num="54" count="1" type="stmt"/>
        <line num="55" count="1" type="stmt"/>
        <line num="56" count="1" type="stmt"/>
        <line num="57" count="1" type="cond" truecount="1" falsecount="0"/>
        <line num="58" count="31" type="cond" truecount="1" falsecount="0"/>
        <line num="59" count="24" type="cond" truecount="1" falsecount="0"/>
        <line num="60" count="3" type="stmt"/>
        <line num="61" count="3" type="stmt"/>
        <line num="62" count="3" type="stmt"/>
        <line num="63" count="3" type="stmt"/>
        <line num="65" count="3" type="stmt"/>
        <line num="66" count="3" type="stmt"/>
        <line num="67" count="24" type="stmt"/>
        <line num="68" count="31" type="stmt"/>
        <line num="69" count="1" type="stmt"/>
        <line num="76" count="201" type="cond" truecount="1" falsecount="0"/>
        <line num="77" count="201" type="cond" truecount="5" falsecount="0"/>
        <line num="78" count="98" type="stmt"/>
        <line num="79" count="98" type="stmt"/>
        <line num="82" count="67" type="cond" truecount="1" falsecount="0"/>
        <line num="83" count="67" type="stmt"/>
        <line num="84" count="67" type="stmt"/>
        <line num="85" count="67" type="stmt"/>
        <line num="86" count="67" type="stmt"/>
        <line num="87" count="67" type="cond" truecount="1" falsecount="0"/>
        <line num="88" count="67" type="cond" truecount="2" falsecount="0"/>
        <line num="89" count="10" type="stmt"/>
        <line num="90" count="10" type="stmt"/>
        <line num="91" count="67" type="stmt"/>
        <line num="92" count="67" type="stmt"/>
        <line num="94" count="67" type="cond" truecount="1" falsecount="0"/>
        <line num="95" count="67" type="stmt"/>
        <line num="96" count="67" type="stmt"/>
        <line num="97" count="67" type="stmt"/>
        <line num="98" count="67" type="stmt"/>
        <line num="99" count="67" type="stmt"/>
        <line num="100" count="67" type="stmt"/>
        <line num="101" count="67" type="stmt"/>
        <line num="102" count="67" type="cond" truecount="1" falsecount="0"/>
        <line num="103" count="67" type="cond" truecount="1" falsecount="0"/>
        <line num="104" count="67" type="cond" truecount="4" falsecount="0"/>
        <line num="105" count="6" type="stmt"/>
        <line num="106" count="6" type="stmt"/>
        <line num="107" count="6" type="cond" truecount="3" falsecount="0"/>
        <line num="108" count="6" type="stmt"/>
        <line num="109" count="6" type="stmt"/>
        <line num="110" count="67" type="cond" truecount="2" falsecount="0"/>
        <line num="111" count="67" type="stmt"/>
        <line num="112" count="67" type="stmt"/>
        <line num="114" count="1" type="stmt"/>
        <line num="115" count="1" type="stmt"/>
        <line num="116" count="1" type="stmt"/>
        <line num="117" count="1" type="stmt"/>
        <line num="118" count="1" type="cond" truecount="1" falsecount="0"/>
        <line num="119" count="31" type="stmt"/>
        <line num="120" count="31" type="stmt"/>
        <line num="121" count="31" type="stmt"/>
        <line num="122" count="31" type="stmt"/>
        <line num="123" count="31" type="stmt"/>
        <line num="124" count="31" type="stmt"/>
        <line num="125" count="31" type="stmt"/>
        <line num="126" count="31" type="stmt"/>
        <line num="127" count="31" type="stmt"/>
        <line num="128" count="31" type="stmt"/>
        <line num="129" count="31" type="stmt"/>
        <line num="130" count="31" type="stmt"/>
        <line num="132" count="31" type="stmt"/>
        <line num="133" count="31" type="stmt"/>
        <line num="134" count="31" type="stmt"/>
        <line num="135" count="1" type="stmt"/>
        <line num="137" count="1" type="stmt"/>
        <line num="138" count="1" type="stmt"/>
        <line num="139" count="1" type="stmt"/>
        <line num="140" count="1" type="stmt"/>
        <line num="141" count="1" type="cond" truecount="1" falsecount="0"/>
        <line num="144" count="5" type="stmt"/>
        <line num="145" count="5" type="stmt"/>
        <line num="146" count="5" type="stmt"/>
        <line num="147" count="5" type="stmt"/>
        <line num="148" count="5" type="stmt"/>
        <line num="149" count="5" type="stmt"/>
        <line num="150" count="5" type="stmt"/>
        <line num="151" count="5" type="stmt"/>
        <line num="152" count="1" type="stmt"/>
        <line num="154" count="1" type="stmt"/>
        <line num="155" count="1" type="stmt"/>
        <line num="156" count="1" type="stmt"/>
        <line num="157" count="1" type="stmt"/>
        <line num="158" count="1" type="stmt"/>
        <line num="159" count="1" type="stmt"/>
        <line num="160" count="1" type="stmt"/>
      </file>
      <file name="skill.ts" path="/Users/dmitri/dev/agent-skills-lint/src/rules/skill.ts">
        <metrics statements="120" coveredstatements="120" conditionals="34" coveredconditionals="34" methods="4" coveredmethods="4"/>
        <line num="2" count="1" type="stmt"/>
        <line num="5" count="1" type="stmt"/>
        <line num="7" count="1" type="stmt"/>
        <line num="8" count="1" type="stmt"/>
        <line num="9" count="1" type="stmt"/>
        <line num="10" count="1" type="stmt"/>
        <line num="11" count="1" type="cond" truecount="1" falsecount="0"/>
        <line num="12" count="93" type="stmt"/>
        <line num="13" count="93" type="cond" truecount="1" falsecount="0"/>
        <line num="14" count="2" type="stmt"/>
        <line num="15" count="2" type="stmt"/>
        <line num="16" count="2" type="stmt"/>
        <line num="17" count="2" type="stmt"/>
        <line num="18" count="2" type="stmt"/>
        <line num="19" count="2" type="cond" truecount="1" falsecount="0"/>
        <line num="20" count="93" type="cond" truecount="1" falsecount="0"/>
        <line num="23" count="4" type="stmt"/>
        <line num="24" count="4" type="stmt"/>
        <line num="25" count="4" type="stmt"/>
        <line num="26" count="4" type="stmt"/>
        <line num="27" count="4" type="stmt"/>
        <line num="28" count="4" type="stmt"/>
        <line num="29" count="4" type="cond" truecount="1" falsecount="0"/>
        <line num="30" count="93" type="cond" truecount="1" falsecount="0"/>
        <line num="31" count="174" type="stmt"/>
        <line num="32" count="174" type="cond" truecount="2" falsecount="0"/>
        <line num="33" count="1" type="stmt"/>
        <line num="34" count="174" type="cond" truecount="3" falsecount="0"/>
        <line num="35" count="2" type="stmt"/>
        <line num="36" count="2" type="stmt"/>
        <line num="37" count="2" type="stmt"/>
        <line num="38" count="2" type="stmt"/>
        <line num="39" count="2" type="stmt"/>
        <line num="40" count="2" type="stmt"/>
        <line num="41" count="174" type="cond" truecount="1" falsecount="0"/>
        <line num="42" count="87" type="stmt"/>
        <line num="43" count="93" type="cond" truecount="2" falsecount="0"/>
        <line num="44" count="1" type="stmt"/>
        <line num="45" count="1" type="stmt"/>
        <line num="46" count="1" type="stmt"/>
        <line num="47" count="1" type="stmt"/>
        <line num="48" count="1" type="stmt"/>
        <line num="49" count="1" type="stmt"/>
        <line num="50" count="93" type="stmt"/>
        <line num="51" count="1" type="stmt"/>
        <line num="53" count="1" type="stmt"/>
        <line num="54" count="1" type="stmt"/>
        <line num="55" count="1" type="stmt"/>
        <line num="56" count="1" type="stmt"/>
        <line num="57" count="1" type="cond" truecount="1" falsecount="0"/>
        <line num="58" count="93" type="stmt"/>
        <line num="59" count="93" type="cond" truecount="3" falsecount="0"/>
        <line num="60" count="88" type="stmt"/>
        <line num="61" count="93" type="cond" truecount="1" falsecount="0"/>
        <line num="62" count="1" type="stmt"/>
        <line num="63" count="1" type="stmt"/>
        <line num="64" count="1" type="stmt"/>
        <line num="65" count="1" type="stmt"/>
        <line num="66" count="1" type="stmt"/>
        <line num="67" count="1" type="cond" truecount="1" falsecount="0"/>
        <line num="68" count="93" type="cond" truecount="1" falsecount="0"/>
        <line num="69" count="1" type="stmt"/>
        <line num="70" count="1" type="stmt"/>
        <line num="71" count="1" type="stmt"/>
        <line num="72" count="1" type="stmt"/>
        <line num="74" count="1" type="stmt"/>
        <line num="75" count="1" type="stmt"/>
        <line num="76" count="1" type="cond" truecount="1" falsecount="0"/>
        <line num="77" count="93" type="cond" truecount="1" falsecount="0"/>
        <line num="78" count="1" type="stmt"/>
        <line num="79" count="1" type="stmt"/>
        <line num="80" count="1" type="stmt"/>
        <line num="81" count="1" type="stmt"/>
        <line num="82" count="1" type="stmt"/>
        <line num="83" count="1" type="stmt"/>
        <line num="84" count="93" type="stmt"/>
        <line num="85" count="1" type="stmt"/>
        <line num="87" count="1" type="stmt"/>
        <line num="88" count="1" type="stmt"/>
        <line num="89" count="1" type="stmt"/>
        <line num="90" count="1" type="stmt"/>
        <line num="91" count="1" type="cond" truecount="1" falsecount="0"/>
        <line num="92" count="94" type="stmt"/>
        <line num="93" count="94" type="cond" truecount="2" falsecount="0"/>
        <line num="94" count="86" type="stmt"/>
        <line num="95" count="86" type="stmt"/>
        <line num="96" count="86" type="stmt"/>
        <line num="98" count="86" type="stmt"/>
        <line num="99" count="86" type="stmt"/>
        <line num="100" count="86" type="stmt"/>
        <line num="101" count="94" type="cond" truecount="2" falsecount="0"/>
        <line num="102" count="4" type="stmt"/>
        <line num="103" count="4" type="stmt"/>
        <line num="104" count="4" type="cond" truecount="1" falsecount="0"/>
        <line num="105" count="94" type="cond" truecount="2" falsecount="0"/>
        <line num="106" count="94" type="cond" truecount="1" falsecount="0"/>
        <line num="107" count="11" type="stmt"/>
        <line num="108" count="11" type="stmt"/>
        <line num="109" count="11" type="stmt"/>
        <line num="110" count="11" type="stmt"/>
        <line num="111" count="11" type="stmt"/>
        <line num="112" count="11" type="stmt"/>
        <line num="113" count="94" type="stmt"/>
        <line num="114" count="1" type="stmt"/>
        <line num="116" count="1" type="stmt"/>
        <line num="117" count="1" type="stmt"/>
        <line num="118" count="1" type="stmt"/>
        <line num="119" count="1" type="stmt"/>
        <line num="120" count="1" type="cond" truecount="1" falsecount="0"/>
        <line num="121" count="93" type="stmt"/>
        <line num="122" count="93" type="cond" truecount="1" falsecount="0"/>
        <line num="123" count="8" type="stmt"/>
        <line num="124" count="8" type="stmt"/>
        <line num="125" count="8" type="stmt"/>
        <line num="126" count="8" type="stmt"/>
        <line num="128" count="8" type="stmt"/>
        <line num="129" count="8" type="stmt"/>
        <line num="130" count="93" type="stmt"/>
        <line num="131" count="1" type="stmt"/>
        <line num="133" count="1" type="stmt"/>
      </file>
      <file name="types.ts" path="/Users/dmitri/dev/agent-skills-lint/src/rules/types.ts">
        <metrics statements="12" coveredstatements="12" conditionals="9" coveredconditionals="9" methods="3" coveredmethods="3"/>
        <line num="32" count="1" type="cond" truecount="1" falsecount="0"/>
        <line num="33" count="221" type="stmt"/>
        <line num="34" count="221" type="cond" truecount="2" falsecount="0"/>
        <line num="35" count="221" type="stmt"/>
        <line num="37" count="1" type="cond" truecount="1" falsecount="0"/>
        <line num="38" count="87" type="stmt"/>
        <line num="39" count="87" type="cond" truecount="2" falsecount="0"/>
        <line num="40" count="87" type="stmt"/>
        <line num="42" count="1" type="cond" truecount="1" falsecount="0"/>
        <line num="43" count="87" type="stmt"/>
        <line num="44" count="87" type="cond" truecount="2" falsecount="0"/>
        <line num="45" count="87" type="stmt"/>
      </file>
    </package>
  </project>
</coverage>
