{"/Users/dmitri/dev/agent-skills-lint/src/cli.ts": {"path":"/Users/dmitri/dev/agent-skills-lint/src/cli.ts","all":false,"statementMap":{"0":{"start":{"line":1,"column":0},"end":{"line":1,"column":33}},"2":{"start":{"line":3,"column":0},"end":{"line":3,"column":5}},"3":{"start":{"line":4,"column":0},"end":{"line":4,"column":49}},"4":{"start":{"line":5,"column":0},"end":{"line":5,"column":15}},"5":{"start":{"line":6,"column":0},"end":{"line":6,"column":51}},"6":{"start":{"line":7,"column":0},"end":{"line":7,"column":23}},"7":{"start":{"line":8,"column":0},"end":{"line":8,"column":1}}},"s":{"0":1,"2":1,"3":1,"4":1,"5":1,"6":1,"7":1},"branchMap":{"0":{"type":"branch","line":5,"loc":{"start":{"line":5,"column":0},"end":{"line":8,"column":1}},"locations":[{"start":{"line":5,"column":0},"end":{"line":8,"column":1}}]}},"b":{"0":[1]},"fnMap":{},"f":{}}
,"/Users/dmitri/dev/agent-skills-lint/src/diagnostic.ts": {"path":"/Users/dmitri/dev/agent-skills-lint/src/diagnostic.ts","all":false,"statementMap":{"23":{"start":{"line":24,"column":0},"end":{"line":24,"column":74}},"24":{"start":{"line":25,"column":0},"end":{"line":25,"column":57}},"25":{"start":{"line":26,"column":0},"end":{"line":26,"column":38}},"26":{"start":{"line":27,"column":0},"end":{"line":27,"column":38}},"27":{"start":{"line":28,"column":0},"end":{"line":28,"column":32}},"28":{"start":{"line":29,"column":0},"end":{"line":29,"column":72}},"29":{"start":{"line":30,"column":0},"end":{"line":30,"column":56}},"30":{"start":{"line":31,"column":0},"end":{"line":31,"column":1}}},"s":{"23":1,"24":37,"25":37,"26":37,"27":37,"28":36,"29":37,"30":37},"branchMap":{"0":{"type":"branch","line":24,"loc":{"start":{"line":24,"column":7},"end":{"line":31,"column":1}},"locations":[{"start":{"line":24,"column":7},"end":{"line":31,"column":1}}]},"1":{"type":"branch","line":25,"loc":{"start":{"line":25,"column":25},"end":{"line":26,"column":22}},"locations":[{"start":{"line":25,"column":25},"end":{"line":26,"column":22}}]},"2":{"type":"branch","line":25,"loc":{"start":{"line":25,"column":25},"end":{"line":25,"column":57}},"locations":[{"start":{"line":25,"column":25},"end":{"line":25,"column":57}}]},"3":{"type":"branch","line":25,"loc":{"start":{"line":25,"column":43},"end":{"line":25,"column":55}},"locations":[{"start":{"line":25,"column":43},"end":{"line":25,"column":55}}]},"4":{"type":"branch","line":25,"loc":{"start":{"line":25,"column":50},"end":{"line":25,"column":57}},"locations":[{"start":{"line":25,"column":50},"end":{"line":25,"column":57}}]},"5":{"type":"branch","line":25,"loc":{"start":{"line":25,"column":55},"end":{"line":26,"column":22}},"locations":[{"start":{"line":25,"column":55},"end":{"line":26,"column":22}}]},"6":{"type":"branch","line":26,"loc":{"start":{"line":26,"column":15},"end":{"line":26,"column":28}},"locations":[{"start":{"line":26,"column":15},"end":{"line":26,"column":28}}]},"7":{"type":"branch","line":26,"loc":{"start":{"line":26,"column":28},"end":{"line":26,"column":38}},"locations":[{"start":{"line":26,"column":28},"end":{"line":26,"column":38}}]},"8":{"type":"branch","line":27,"loc":{"start":{"line":27,"column":15},"end":{"line":27,"column":28}},"locations":[{"start":{"line":27,"column":15},"end":{"line":27,"column":28}}]},"9":{"type":"branch","line":27,"loc":{"start":{"line":27,"column":28},"end":{"line":27,"column":38}},"locations":[{"start":{"line":27,"column":28},"end":{"line":27,"column":38}}]},"10":{"type":"branch","line":28,"loc":{"start":{"line":28,"column":17},"end":{"line":28,"column":32}},"locations":[{"start":{"line":28,"column":17},"end":{"line":28,"column":32}}]},"11":{"type":"branch","line":28,"loc":{"start":{"line":28,"column":29},"end":{"line":29,"column":72}},"locations":[{"start":{"line":28,"column":29},"end":{"line":29,"column":72}}]},"12":{"type":"branch","line":28,"loc":{"start":{"line":28,"column":29},"end":{"line":29,"column":40}},"locations":[{"start":{"line":28,"column":29},"end":{"line":29,"column":40}}]},"13":{"type":"branch","line":29,"loc":{"start":{"line":29,"column":33},"end":{"line":29,"column":72}},"locations":[{"start":{"line":29,"column":33},"end":{"line":29,"column":72}}]},"14":{"type":"branch","line":29,"loc":{"start":{"line":29,"column":55},"end":{"line":29,"column":70}},"locations":[{"start":{"line":29,"column":55},"end":{"line":29,"column":70}}]},"15":{"type":"branch","line":29,"loc":{"start":{"line":29,"column":65},"end":{"line":29,"column":72}},"locations":[{"start":{"line":29,"column":65},"end":{"line":29,"column":72}}]},"16":{"type":"branch","line":29,"loc":{"start":{"line":29,"column":70},"end":{"line":30,"column":32}},"locations":[{"start":{"line":29,"column":70},"end":{"line":30,"column":32}}]},"17":{"type":"branch","line":29,"loc":{"start":{"line":29,"column":70},"end":{"line":30,"column":27}},"locations":[{"start":{"line":29,"column":70},"end":{"line":30,"column":27}}]},"18":{"type":"branch","line":30,"loc":{"start":{"line":30,"column":20},"end":{"line":30,"column":32}},"locations":[{"start":{"line":30,"column":20},"end":{"line":30,"column":32}}]},"19":{"type":"branch","line":30,"loc":{"start":{"line":30,"column":27},"end":{"line":30,"column":56}},"locations":[{"start":{"line":30,"column":27},"end":{"line":30,"column":56}}]},"20":{"type":"branch","line":30,"loc":{"start":{"line":30,"column":43},"end":{"line":30,"column":54}},"locations":[{"start":{"line":30,"column":43},"end":{"line":30,"column":54}}]},"21":{"type":"branch","line":30,"loc":{"start":{"line":30,"column":50},"end":{"line":30,"column":56}},"locations":[{"start":{"line":30,"column":50},"end":{"line":30,"column":56}}]}},"b":{"0":[37],"1":[36],"2":[9],"3":[4],"4":[5],"5":[28],"6":[2],"7":[26],"8":[2],"9":[26],"10":[2],"11":[36],"12":[26],"13":[9],"14":[1],"15":[8],"16":[35],"17":[17],"18":[4],"19":[13],"20":[1],"21":[12]},"fnMap":{"0":{"name":"compareDiagnostics","decl":{"start":{"line":24,"column":7},"end":{"line":31,"column":1}},"loc":{"start":{"line":24,"column":7},"end":{"line":31,"column":1}},"line":24}},"f":{"0":37}}
,"/Users/dmitri/dev/agent-skills-lint/src/main.ts": {"path":"/Users/dmitri/dev/agent-skills-lint/src/main.ts","all":false,"statementMap":{"0":{"start":{"line":1,"column":0},"end":{"line":1,"column":39}},"1":{"start":{"line":2,"column":0},"end":{"line":2,"column":33}},"2":{"start":{"line":3,"column":0},"end":{"line":3,"column":38}},"4":{"start":{"line":5,"column":0},"end":{"line":5,"column":76}},"5":{"start":{"line":6,"column":0},"end":{"line":6,"column":51}},"6":{"start":{"line":7,"column":0},"end":{"line":7,"column":38}},"7":{"start":{"line":8,"column":0},"end":{"line":8,"column":53}},"8":{"start":{"line":9,"column":0},"end":{"line":9,"column":49}},"9":{"start":{"line":10,"column":0},"end":{"line":10,"column":51}},"10":{"start":{"line":11,"column":0},"end":{"line":11,"column":49}},"12":{"start":{"line":13,"column":0},"end":{"line":13,"column":24}},"14":{"start":{"line":15,"column":0},"end":{"line":15,"column":70}},"38":{"start":{"line":39,"column":0},"end":{"line":39,"column":31}},"39":{"start":{"line":40,"column":0},"end":{"line":40,"column":7}},"40":{"start":{"line":41,"column":0},"end":{"line":41,"column":85}},"41":{"start":{"line":42,"column":0},"end":{"line":42,"column":11}},"42":{"start":{"line":43,"column":0},"end":{"line":43,"column":14}},"43":{"start":{"line":44,"column":0},"end":{"line":44,"column":3}},"44":{"start":{"line":45,"column":0},"end":{"line":45,"column":1}},"47":{"start":{"line":48,"column":0},"end":{"line":48,"column":77}},"48":{"start":{"line":49,"column":0},"end":{"line":49,"column":31}},"49":{"start":{"line":50,"column":0},"end":{"line":50,"column":40}},"50":{"start":{"line":51,"column":0},"end":{"line":51,"column":74}},"51":{"start":{"line":52,"column":0},"end":{"line":52,"column":4}},"52":{"start":{"line":53,"column":0},"end":{"line":53,"column":71}},"53":{"start":{"line":54,"column":0},"end":{"line":54,"column":98}},"54":{"start":{"line":55,"column":0},"end":{"line":55,"column":91}},"55":{"start":{"line":56,"column":0},"end":{"line":56,"column":87}},"56":{"start":{"line":57,"column":0},"end":{"line":57,"column":17}},"57":{"start":{"line":58,"column":0},"end":{"line":58,"column":1}},"59":{"start":{"line":60,"column":0},"end":{"line":60,"column":46}},"60":{"start":{"line":61,"column":0},"end":{"line":61,"column":45}},"61":{"start":{"line":62,"column":0},"end":{"line":62,"column":15}},"62":{"start":{"line":63,"column":0},"end":{"line":63,"column":27}},"63":{"start":{"line":64,"column":0},"end":{"line":64,"column":14}},"64":{"start":{"line":65,"column":0},"end":{"line":65,"column":50}},"65":{"start":{"line":66,"column":0},"end":{"line":66,"column":50}},"66":{"start":{"line":67,"column":0},"end":{"line":67,"column":52}},"67":{"start":{"line":68,"column":0},"end":{"line":68,"column":50}},"68":{"start":{"line":69,"column":0},"end":{"line":69,"column":51}},"69":{"start":{"line":70,"column":0},"end":{"line":70,"column":48}},"70":{"start":{"line":71,"column":0},"end":{"line":71,"column":6}},"71":{"start":{"line":72,"column":0},"end":{"line":72,"column":5}},"73":{"start":{"line":74,"column":0},"end":{"line":74,"column":20}},"74":{"start":{"line":75,"column":0},"end":{"line":75,"column":22}},"75":{"start":{"line":76,"column":0},"end":{"line":76,"column":13}},"76":{"start":{"line":77,"column":0},"end":{"line":77,"column":3}},"77":{"start":{"line":78,"column":0},"end":{"line":78,"column":23}},"78":{"start":{"line":79,"column":0},"end":{"line":79,"column":25}},"79":{"start":{"line":80,"column":0},"end":{"line":80,"column":13}},"80":{"start":{"line":81,"column":0},"end":{"line":81,"column":3}},"82":{"start":{"line":83,"column":0},"end":{"line":83,"column":30}},"83":{"start":{"line":84,"column":0},"end":{"line":84,"column":61}},"84":{"start":{"line":85,"column":0},"end":{"line":85,"column":57}},"86":{"start":{"line":87,"column":0},"end":{"line":87,"column":84}},"87":{"start":{"line":88,"column":0},"end":{"line":88,"column":30}},"88":{"start":{"line":89,"column":0},"end":{"line":89,"column":33}},"89":{"start":{"line":90,"column":0},"end":{"line":90,"column":47}},"91":{"start":{"line":92,"column":0},"end":{"line":92,"column":63}},"92":{"start":{"line":93,"column":0},"end":{"line":93,"column":59}},"94":{"start":{"line":95,"column":0},"end":{"line":95,"column":47}},"95":{"start":{"line":96,"column":0},"end":{"line":96,"column":64}},"96":{"start":{"line":97,"column":0},"end":{"line":97,"column":22}},"97":{"start":{"line":98,"column":0},"end":{"line":98,"column":34}},"98":{"start":{"line":99,"column":0},"end":{"line":99,"column":83}},"99":{"start":{"line":100,"column":0},"end":{"line":100,"column":6}},"100":{"start":{"line":101,"column":0},"end":{"line":101,"column":3}},"102":{"start":{"line":103,"column":0},"end":{"line":103,"column":16}},"103":{"start":{"line":104,"column":0},"end":{"line":104,"column":97}},"104":{"start":{"line":105,"column":0},"end":{"line":105,"column":26}},"105":{"start":{"line":106,"column":0},"end":{"line":106,"column":53}},"106":{"start":{"line":107,"column":0},"end":{"line":107,"column":34}},"107":{"start":{"line":108,"column":0},"end":{"line":108,"column":51}},"108":{"start":{"line":109,"column":0},"end":{"line":109,"column":35}},"109":{"start":{"line":110,"column":0},"end":{"line":110,"column":55}},"110":{"start":{"line":111,"column":0},"end":{"line":111,"column":33}},"111":{"start":{"line":112,"column":0},"end":{"line":112,"column":53}},"112":{"start":{"line":113,"column":0},"end":{"line":113,"column":10}},"113":{"start":{"line":114,"column":0},"end":{"line":114,"column":90}},"114":{"start":{"line":115,"column":0},"end":{"line":115,"column":13}},"115":{"start":{"line":116,"column":0},"end":{"line":116,"column":3}},"117":{"start":{"line":118,"column":0},"end":{"line":118,"column":65}},"118":{"start":{"line":119,"column":0},"end":{"line":119,"column":1}}},"s":{"0":1,"1":1,"2":1,"4":1,"5":1,"6":1,"7":1,"8":1,"9":1,"10":1,"12":1,"14":1,"38":60,"39":60,"40":60,"41":60,"42":58,"43":58,"44":60,"47":36,"48":36,"49":36,"50":37,"51":36,"52":36,"53":36,"54":36,"55":36,"56":36,"57":36,"59":1,"60":63,"61":63,"62":63,"63":63,"64":63,"65":63,"66":63,"67":63,"68":63,"69":63,"70":63,"71":63,"73":63,"74":1,"75":1,"76":1,"77":63,"78":2,"79":2,"80":2,"82":60,"83":63,"84":63,"86":63,"87":63,"88":20,"89":36,"91":63,"92":63,"94":63,"95":63,"96":63,"97":2,"98":2,"99":2,"100":2,"102":55,"103":63,"104":63,"105":15,"106":63,"107":2,"108":40,"109":3,"110":38,"111":34,"112":35,"113":1,"114":1,"115":1,"117":63,"118":63},"branchMap":{"0":{"type":"branch","line":39,"loc":{"start":{"line":39,"column":0},"end":{"line":45,"column":1}},"locations":[{"start":{"line":39,"column":0},"end":{"line":45,"column":1}}]},"1":{"type":"branch","line":42,"loc":{"start":{"line":42,"column":2},"end":{"line":44,"column":3}},"locations":[{"start":{"line":42,"column":2},"end":{"line":44,"column":3}}]},"2":{"type":"branch","line":48,"loc":{"start":{"line":48,"column":0},"end":{"line":58,"column":1}},"locations":[{"start":{"line":48,"column":0},"end":{"line":58,"column":1}}]},"3":{"type":"branch","line":55,"loc":{"start":{"line":55,"column":6},"end":{"line":55,"column":68}},"locations":[{"start":{"line":55,"column":6},"end":{"line":55,"column":68}}]},"4":{"type":"branch","line":55,"loc":{"start":{"line":55,"column":68},"end":{"line":55,"column":91}},"locations":[{"start":{"line":55,"column":68},"end":{"line":55,"column":91}}]},"5":{"type":"branch","line":56,"loc":{"start":{"line":56,"column":65},"end":{"line":56,"column":87}},"locations":[{"start":{"line":56,"column":65},"end":{"line":56,"column":87}}]},"6":{"type":"branch","line":50,"loc":{"start":{"line":50,"column":34},"end":{"line":51,"column":74}},"locations":[{"start":{"line":50,"column":34},"end":{"line":51,"column":74}}]},"7":{"type":"branch","line":51,"loc":{"start":{"line":51,"column":15},"end":{"line":51,"column":32}},"locations":[{"start":{"line":51,"column":15},"end":{"line":51,"column":32}}]},"8":{"type":"branch","line":51,"loc":{"start":{"line":51,"column":28},"end":{"line":51,"column":74}},"locations":[{"start":{"line":51,"column":28},"end":{"line":51,"column":74}}]},"9":{"type":"branch","line":51,"loc":{"start":{"line":51,"column":43},"end":{"line":51,"column":71}},"locations":[{"start":{"line":51,"column":43},"end":{"line":51,"column":71}}]},"10":{"type":"branch","line":51,"loc":{"start":{"line":51,"column":61},"end":{"line":51,"column":74}},"locations":[{"start":{"line":51,"column":61},"end":{"line":51,"column":74}}]},"11":{"type":"branch","line":53,"loc":{"start":{"line":53,"column":38},"end":{"line":53,"column":69}},"locations":[{"start":{"line":53,"column":38},"end":{"line":53,"column":69}}]},"12":{"type":"branch","line":54,"loc":{"start":{"line":54,"column":36},"end":{"line":54,"column":96}},"locations":[{"start":{"line":54,"column":36},"end":{"line":54,"column":96}}]},"13":{"type":"branch","line":54,"loc":{"start":{"line":54,"column":54},"end":{"line":54,"column":96}},"locations":[{"start":{"line":54,"column":54},"end":{"line":54,"column":96}}]},"14":{"type":"branch","line":55,"loc":{"start":{"line":55,"column":37},"end":{"line":55,"column":65}},"locations":[{"start":{"line":55,"column":37},"end":{"line":55,"column":65}}]},"15":{"type":"branch","line":56,"loc":{"start":{"line":56,"column":35},"end":{"line":56,"column":62}},"locations":[{"start":{"line":56,"column":35},"end":{"line":56,"column":62}}]},"16":{"type":"branch","line":60,"loc":{"start":{"line":60,"column":7},"end":{"line":119,"column":1}},"locations":[{"start":{"line":60,"column":7},"end":{"line":119,"column":1}}]},"17":{"type":"branch","line":74,"loc":{"start":{"line":74,"column":19},"end":{"line":77,"column":3}},"locations":[{"start":{"line":74,"column":19},"end":{"line":77,"column":3}}]},"18":{"type":"branch","line":77,"loc":{"start":{"line":77,"column":2},"end":{"line":78,"column":22}},"locations":[{"start":{"line":77,"column":2},"end":{"line":78,"column":22}}]},"19":{"type":"branch","line":78,"loc":{"start":{"line":78,"column":22},"end":{"line":81,"column":3}},"locations":[{"start":{"line":78,"column":22},"end":{"line":81,"column":3}}]},"20":{"type":"branch","line":81,"loc":{"start":{"line":81,"column":2},"end":{"line":84,"column":41}},"locations":[{"start":{"line":81,"column":2},"end":{"line":84,"column":41}}]},"21":{"type":"branch","line":84,"loc":{"start":{"line":84,"column":37},"end":{"line":84,"column":55}},"locations":[{"start":{"line":84,"column":37},"end":{"line":84,"column":55}}]},"22":{"type":"branch","line":84,"loc":{"start":{"line":84,"column":41},"end":{"line":84,"column":61}},"locations":[{"start":{"line":84,"column":41},"end":{"line":84,"column":61}}]},"23":{"type":"branch","line":87,"loc":{"start":{"line":87,"column":27},"end":{"line":87,"column":44}},"locations":[{"start":{"line":87,"column":27},"end":{"line":87,"column":44}}]},"24":{"type":"branch","line":87,"loc":{"start":{"line":87,"column":63},"end":{"line":87,"column":84}},"locations":[{"start":{"line":87,"column":63},"end":{"line":87,"column":84}}]},"25":{"type":"branch","line":88,"loc":{"start":{"line":88,"column":21},"end":{"line":89,"column":33}},"locations":[{"start":{"line":88,"column":21},"end":{"line":89,"column":33}}]},"26":{"type":"branch","line":89,"loc":{"start":{"line":89,"column":32},"end":{"line":90,"column":47}},"locations":[{"start":{"line":89,"column":32},"end":{"line":90,"column":47}}]},"27":{"type":"branch","line":92,"loc":{"start":{"line":92,"column":26},"end":{"line":92,"column":63}},"locations":[{"start":{"line":92,"column":26},"end":{"line":92,"column":63}}]},"28":{"type":"branch","line":95,"loc":{"start":{"line":95,"column":33},"end":{"line":95,"column":45}},"locations":[{"start":{"line":95,"column":33},"end":{"line":95,"column":45}}]},"29":{"type":"branch","line":97,"loc":{"start":{"line":97,"column":21},"end":{"line":101,"column":3}},"locations":[{"start":{"line":97,"column":21},"end":{"line":101,"column":3}}]},"30":{"type":"branch","line":101,"loc":{"start":{"line":101,"column":2},"end":{"line":104,"column":32}},"locations":[{"start":{"line":101,"column":2},"end":{"line":104,"column":32}}]},"31":{"type":"branch","line":104,"loc":{"start":{"line":104,"column":22},"end":{"line":104,"column":72}},"locations":[{"start":{"line":104,"column":22},"end":{"line":104,"column":72}}]},"32":{"type":"branch","line":104,"loc":{"start":{"line":104,"column":63},"end":{"line":104,"column":88}},"locations":[{"start":{"line":104,"column":63},"end":{"line":104,"column":88}}]},"33":{"type":"branch","line":104,"loc":{"start":{"line":104,"column":79},"end":{"line":104,"column":97}},"locations":[{"start":{"line":104,"column":79},"end":{"line":104,"column":97}}]},"34":{"type":"branch","line":105,"loc":{"start":{"line":105,"column":25},"end":{"line":107,"column":13}},"locations":[{"start":{"line":105,"column":25},"end":{"line":107,"column":13}}]},"35":{"type":"branch","line":107,"loc":{"start":{"line":107,"column":2},"end":{"line":116,"column":3}},"locations":[{"start":{"line":107,"column":2},"end":{"line":116,"column":3}}]},"36":{"type":"branch","line":107,"loc":{"start":{"line":107,"column":33},"end":{"line":109,"column":13}},"locations":[{"start":{"line":107,"column":33},"end":{"line":109,"column":13}}]},"37":{"type":"branch","line":109,"loc":{"start":{"line":109,"column":2},"end":{"line":116,"column":3}},"locations":[{"start":{"line":109,"column":2},"end":{"line":116,"column":3}}]},"38":{"type":"branch","line":109,"loc":{"start":{"line":109,"column":34},"end":{"line":111,"column":13}},"locations":[{"start":{"line":109,"column":34},"end":{"line":111,"column":13}}]},"39":{"type":"branch","line":111,"loc":{"start":{"line":111,"column":2},"end":{"line":116,"column":3}},"locations":[{"start":{"line":111,"column":2},"end":{"line":116,"column":3}}]},"40":{"type":"branch","line":111,"loc":{"start":{"line":111,"column":32},"end":{"line":113,"column":9}},"locations":[{"start":{"line":111,"column":32},"end":{"line":113,"column":9}}]},"41":{"type":"branch","line":113,"loc":{"start":{"line":113,"column":2},"end":{"line":116,"column":3}},"locations":[{"start":{"line":113,"column":2},"end":{"line":116,"column":3}}]},"42":{"type":"branch","line":116,"loc":{"start":{"line":116,"column":2},"end":{"line":118,"column":59}},"locations":[{"start":{"line":116,"column":2},"end":{"line":118,"column":59}}]},"43":{"type":"branch","line":118,"loc":{"start":{"line":118,"column":55},"end":{"line":118,"column":63}},"locations":[{"start":{"line":118,"column":55},"end":{"line":118,"column":63}}]},"44":{"type":"branch","line":118,"loc":{"start":{"line":118,"column":59},"end":{"line":118,"column":65}},"locations":[{"start":{"line":118,"column":59},"end":{"line":118,"column":65}}]},"45":{"type":"branch","line":85,"loc":{"start":{"line":85,"column":32},"end":{"line":85,"column":55}},"locations":[{"start":{"line":85,"column":32},"end":{"line":85,"column":55}}]},"46":{"type":"branch","line":87,"loc":{"start":{"line":87,"column":44},"end":{"line":87,"column":63}},"locations":[{"start":{"line":87,"column":44},"end":{"line":87,"column":63}}]},"47":{"type":"branch","line":96,"loc":{"start":{"line":96,"column":35},"end":{"line":96,"column":62}},"locations":[{"start":{"line":96,"column":35},"end":{"line":96,"column":62}}]},"48":{"type":"branch","line":99,"loc":{"start":{"line":99,"column":6},"end":{"line":99,"column":83}},"locations":[{"start":{"line":99,"column":6},"end":{"line":99,"column":83}}]},"49":{"type":"branch","line":99,"loc":{"start":{"line":99,"column":41},"end":{"line":99,"column":80}},"locations":[{"start":{"line":99,"column":41},"end":{"line":99,"column":80}}]},"50":{"type":"branch","line":99,"loc":{"start":{"line":99,"column":76},"end":{"line":99,"column":83}},"locations":[{"start":{"line":99,"column":76},"end":{"line":99,"column":83}}]},"51":{"type":"branch","line":118,"loc":{"start":{"line":118,"column":26},"end":{"line":118,"column":55}},"locations":[{"start":{"line":118,"column":26},"end":{"line":118,"column":55}}]}},"b":{"0":[60],"1":[58],"2":[36],"3":[32],"4":[11],"5":[7],"6":[37],"7":[15],"8":[22],"9":[4],"10":[18],"11":[37],"12":[37],"13":[19],"14":[15],"15":[19],"16":[63],"17":[1],"18":[62],"19":[2],"20":[60],"21":[57],"22":[3],"23":[19],"24":[37],"25":[20],"26":[36],"27":[48],"28":[53],"29":[2],"30":[55],"31":[35],"32":[54],"33":[1],"34":[15],"35":[40],"36":[2],"37":[38],"38":[3],"39":[35],"40":[34],"41":[1],"42":[54],"43":[26],"44":[28],"45":[61],"46":[20],"47":[62],"48":[4],"49":[2],"50":[2],"51":[41]},"fnMap":{"0":{"name":"loadConfig","decl":{"start":{"line":39,"column":0},"end":{"line":45,"column":1}},"loc":{"start":{"line":39,"column":0},"end":{"line":45,"column":1}},"line":39},"1":{"name":"detectVendors","decl":{"start":{"line":48,"column":0},"end":{"line":58,"column":1}},"loc":{"start":{"line":48,"column":0},"end":{"line":58,"column":1}},"line":48},"2":{"name":"main","decl":{"start":{"line":60,"column":7},"end":{"line":119,"column":1}},"loc":{"start":{"line":60,"column":7},"end":{"line":119,"column":1}},"line":60}},"f":{"0":60,"1":36,"2":63}}
,"/Users/dmitri/dev/agent-skills-lint/src/dialects/registry.ts": {"path":"/Users/dmitri/dev/agent-skills-lint/src/dialects/registry.ts","all":false,"statementMap":{"0":{"start":{"line":1,"column":0},"end":{"line":1,"column":56}},"1":{"start":{"line":2,"column":0},"end":{"line":2,"column":45}},"2":{"start":{"line":3,"column":0},"end":{"line":3,"column":60}},"3":{"start":{"line":4,"column":0},"end":{"line":4,"column":57}},"6":{"start":{"line":7,"column":0},"end":{"line":7,"column":43}},"7":{"start":{"line":8,"column":0},"end":{"line":8,"column":85}},"8":{"start":{"line":9,"column":0},"end":{"line":9,"column":24}},"9":{"start":{"line":10,"column":0},"end":{"line":10,"column":1}},"16":{"start":{"line":17,"column":0},"end":{"line":17,"column":43}},"17":{"start":{"line":18,"column":0},"end":{"line":18,"column":37}},"18":{"start":{"line":19,"column":0},"end":{"line":19,"column":43}},"19":{"start":{"line":20,"column":0},"end":{"line":20,"column":34}},"20":{"start":{"line":21,"column":0},"end":{"line":21,"column":41}},"21":{"start":{"line":22,"column":0},"end":{"line":22,"column":27}},"22":{"start":{"line":23,"column":0},"end":{"line":23,"column":53}},"23":{"start":{"line":24,"column":0},"end":{"line":24,"column":24}},"24":{"start":{"line":25,"column":0},"end":{"line":25,"column":2}},"31":{"start":{"line":32,"column":0},"end":{"line":32,"column":61}},"32":{"start":{"line":33,"column":0},"end":{"line":33,"column":27}},"33":{"start":{"line":34,"column":0},"end":{"line":34,"column":29}},"34":{"start":{"line":35,"column":0},"end":{"line":35,"column":45}},"35":{"start":{"line":36,"column":0},"end":{"line":36,"column":32}},"36":{"start":{"line":37,"column":0},"end":{"line":37,"column":26}},"37":{"start":{"line":38,"column":0},"end":{"line":38,"column":82}},"38":{"start":{"line":39,"column":0},"end":{"line":39,"column":73}},"39":{"start":{"line":40,"column":0},"end":{"line":40,"column":7}},"40":{"start":{"line":41,"column":0},"end":{"line":41,"column":42}},"41":{"start":{"line":42,"column":0},"end":{"line":42,"column":5}},"42":{"start":{"line":43,"column":0},"end":{"line":43,"column":3}},"43":{"start":{"line":44,"column":0},"end":{"line":44,"column":13}},"44":{"start":{"line":45,"column":0},"end":{"line":45,"column":1}},"47":{"start":{"line":48,"column":0},"end":{"line":48,"column":34}},"48":{"start":{"line":49,"column":0},"end":{"line":49,"column":33}},"49":{"start":{"line":50,"column":0},"end":{"line":50,"column":39}},"50":{"start":{"line":51,"column":0},"end":{"line":51,"column":29}},"51":{"start":{"line":52,"column":0},"end":{"line":52,"column":54}},"52":{"start":{"line":53,"column":0},"end":{"line":53,"column":60}},"53":{"start":{"line":54,"column":0},"end":{"line":54,"column":28}},"54":{"start":{"line":55,"column":0},"end":{"line":55,"column":27}},"55":{"start":{"line":56,"column":0},"end":{"line":56,"column":12}},"56":{"start":{"line":57,"column":0},"end":{"line":57,"column":55}},"57":{"start":{"line":58,"column":0},"end":{"line":58,"column":5}},"58":{"start":{"line":59,"column":0},"end":{"line":59,"column":3}},"59":{"start":{"line":60,"column":0},"end":{"line":60,"column":15}},"60":{"start":{"line":61,"column":0},"end":{"line":61,"column":1}},"62":{"start":{"line":63,"column":0},"end":{"line":63,"column":61}},"63":{"start":{"line":64,"column":0},"end":{"line":64,"column":27}},"64":{"start":{"line":65,"column":0},"end":{"line":65,"column":60}},"65":{"start":{"line":66,"column":0},"end":{"line":66,"column":68}},"66":{"start":{"line":67,"column":0},"end":{"line":67,"column":59}},"67":{"start":{"line":68,"column":0},"end":{"line":68,"column":1}},"69":{"start":{"line":70,"column":0},"end":{"line":70,"column":68}},"71":{"start":{"line":72,"column":0},"end":{"line":72,"column":48}},"72":{"start":{"line":73,"column":0},"end":{"line":73,"column":1}}},"s":{"0":1,"1":1,"2":1,"3":1,"6":1,"7":1,"8":32,"9":32,"16":1,"17":1,"18":1,"19":1,"20":1,"21":1,"22":1,"23":1,"24":1,"31":1,"32":80,"33":80,"34":109,"35":109,"36":172,"37":1,"38":1,"39":1,"40":171,"41":172,"42":108,"43":79,"44":79,"47":1,"48":210,"49":210,"50":210,"51":210,"52":210,"53":915,"54":1,"55":915,"56":914,"57":914,"58":915,"59":210,"60":210,"62":1,"63":210,"64":210,"65":210,"66":210,"67":210,"69":1,"71":37,"72":37},"branchMap":{"0":{"type":"branch","line":8,"loc":{"start":{"line":8,"column":84},"end":{"line":10,"column":1}},"locations":[{"start":{"line":8,"column":84},"end":{"line":10,"column":1}}]},"1":{"type":"branch","line":32,"loc":{"start":{"line":32,"column":7},"end":{"line":45,"column":1}},"locations":[{"start":{"line":32,"column":7},"end":{"line":45,"column":1}}]},"2":{"type":"branch","line":34,"loc":{"start":{"line":34,"column":28},"end":{"line":43,"column":3}},"locations":[{"start":{"line":34,"column":28},"end":{"line":43,"column":3}}]},"3":{"type":"branch","line":35,"loc":{"start":{"line":35,"column":33},"end":{"line":35,"column":45}},"locations":[{"start":{"line":35,"column":33},"end":{"line":35,"column":45}}]},"4":{"type":"branch","line":36,"loc":{"start":{"line":36,"column":31},"end":{"line":42,"column":5}},"locations":[{"start":{"line":36,"column":31},"end":{"line":42,"column":5}}]},"5":{"type":"branch","line":37,"loc":{"start":{"line":37,"column":25},"end":{"line":40,"column":7}},"locations":[{"start":{"line":37,"column":25},"end":{"line":40,"column":7}}]},"6":{"type":"branch","line":40,"loc":{"start":{"line":40,"column":6},"end":{"line":41,"column":42}},"locations":[{"start":{"line":40,"column":6},"end":{"line":41,"column":42}}]},"7":{"type":"branch","line":41,"loc":{"start":{"line":41,"column":29},"end":{"line":41,"column":42}},"locations":[{"start":{"line":41,"column":29},"end":{"line":41,"column":42}}]},"8":{"type":"branch","line":42,"loc":{"start":{"line":42,"column":4},"end":{"line":43,"column":3}},"locations":[{"start":{"line":42,"column":4},"end":{"line":43,"column":3}}]},"9":{"type":"branch","line":43,"loc":{"start":{"line":43,"column":2},"end":{"line":45,"column":1}},"locations":[{"start":{"line":43,"column":2},"end":{"line":45,"column":1}}]},"10":{"type":"branch","line":48,"loc":{"start":{"line":48,"column":7},"end":{"line":61,"column":1}},"locations":[{"start":{"line":48,"column":7},"end":{"line":61,"column":1}}]},"11":{"type":"branch","line":53,"loc":{"start":{"line":53,"column":59},"end":{"line":59,"column":3}},"locations":[{"start":{"line":53,"column":59},"end":{"line":59,"column":3}}]},"12":{"type":"branch","line":54,"loc":{"start":{"line":54,"column":27},"end":{"line":56,"column":11}},"locations":[{"start":{"line":54,"column":27},"end":{"line":56,"column":11}}]},"13":{"type":"branch","line":56,"loc":{"start":{"line":56,"column":4},"end":{"line":58,"column":5}},"locations":[{"start":{"line":56,"column":4},"end":{"line":58,"column":5}}]},"14":{"type":"branch","line":63,"loc":{"start":{"line":63,"column":7},"end":{"line":68,"column":1}},"locations":[{"start":{"line":63,"column":7},"end":{"line":68,"column":1}}]},"15":{"type":"branch","line":65,"loc":{"start":{"line":65,"column":12},"end":{"line":65,"column":60}},"locations":[{"start":{"line":65,"column":12},"end":{"line":65,"column":60}}]},"16":{"type":"branch","line":65,"loc":{"start":{"line":65,"column":58},"end":{"line":66,"column":29}},"locations":[{"start":{"line":65,"column":58},"end":{"line":66,"column":29}}]},"17":{"type":"branch","line":66,"loc":{"start":{"line":66,"column":19},"end":{"line":66,"column":65}},"locations":[{"start":{"line":66,"column":19},"end":{"line":66,"column":65}}]},"18":{"type":"branch","line":66,"loc":{"start":{"line":66,"column":57},"end":{"line":66,"column":68}},"locations":[{"start":{"line":66,"column":57},"end":{"line":66,"column":68}}]},"19":{"type":"branch","line":70,"loc":{"start":{"line":70,"column":7},"end":{"line":73,"column":1}},"locations":[{"start":{"line":70,"column":7},"end":{"line":73,"column":1}}]}},"b":{"0":[32],"1":[80],"2":[109],"3":[2],"4":[172],"5":[1],"6":[171],"7":[169],"8":[108],"9":[79],"10":[210],"11":[915],"12":[1],"13":[914],"14":[210],"15":[1],"16":[209],"17":[46],"18":[163],"19":[37]},"fnMap":{"0":{"name":"resolveSelection","decl":{"start":{"line":32,"column":7},"end":{"line":45,"column":1}},"loc":{"start":{"line":32,"column":7},"end":{"line":45,"column":1}},"line":32},"1":{"name":"applyRuleSettings","decl":{"start":{"line":48,"column":7},"end":{"line":61,"column":1}},"loc":{"start":{"line":48,"column":7},"end":{"line":61,"column":1}},"line":48},"2":{"name":"resolveDialect","decl":{"start":{"line":63,"column":7},"end":{"line":68,"column":1}},"loc":{"start":{"line":63,"column":7},"end":{"line":68,"column":1}},"line":63},"3":{"name":"defaultSelection","decl":{"start":{"line":70,"column":7},"end":{"line":73,"column":1}},"loc":{"start":{"line":70,"column":7},"end":{"line":73,"column":1}},"line":70}},"f":{"0":80,"1":210,"2":210,"3":37}}
,"/Users/dmitri/dev/agent-skills-lint/src/dialects/types.ts": {"path":"/Users/dmitri/dev/agent-skills-lint/src/dialects/types.ts","all":false,"statementMap":{"15":{"start":{"line":16,"column":0},"end":{"line":16,"column":60}},"16":{"start":{"line":17,"column":0},"end":{"line":17,"column":13}},"17":{"start":{"line":18,"column":0},"end":{"line":18,"column":1}}},"s":{"15":1,"16":32,"17":32},"branchMap":{"0":{"type":"branch","line":16,"loc":{"start":{"line":16,"column":7},"end":{"line":18,"column":1}},"locations":[{"start":{"line":16,"column":7},"end":{"line":18,"column":1}}]}},"b":{"0":[32]},"fnMap":{"0":{"name":"defineDialect","decl":{"start":{"line":16,"column":7},"end":{"line":18,"column":1}},"loc":{"start":{"line":16,"column":7},"end":{"line":18,"column":1}},"line":16}},"f":{"0":32}}
,"/Users/dmitri/dev/agent-skills-lint/src/dialects/claude-code/2026-09.ts": {"path":"/Users/dmitri/dev/agent-skills-lint/src/dialects/claude-code/2026-09.ts","all":false,"statementMap":{"0":{"start":{"line":1,"column":0},"end":{"line":1,"column":44}},"8":{"start":{"line":9,"column":0},"end":{"line":9,"column":30}},"9":{"start":{"line":10,"column":0},"end":{"line":10,"column":28}},"10":{"start":{"line":11,"column":0},"end":{"line":11,"column":31}},"11":{"start":{"line":12,"column":0},"end":{"line":12,"column":9}},"12":{"start":{"line":13,"column":0},"end":{"line":13,"column":54}},"13":{"start":{"line":14,"column":0},"end":{"line":14,"column":115}},"14":{"start":{"line":15,"column":0},"end":{"line":15,"column":4}},"15":{"start":{"line":16,"column":0},"end":{"line":16,"column":10}},"16":{"start":{"line":17,"column":0},"end":{"line":17,"column":33}},"17":{"start":{"line":18,"column":0},"end":{"line":18,"column":23}},"18":{"start":{"line":19,"column":0},"end":{"line":19,"column":16}},"19":{"start":{"line":20,"column":0},"end":{"line":20,"column":29}},"20":{"start":{"line":21,"column":0},"end":{"line":21,"column":6}},"21":{"start":{"line":22,"column":0},"end":{"line":22,"column":52}},"22":{"start":{"line":23,"column":0},"end":{"line":23,"column":55}},"23":{"start":{"line":24,"column":0},"end":{"line":24,"column":55}},"24":{"start":{"line":25,"column":0},"end":{"line":25,"column":4}},"25":{"start":{"line":26,"column":0},"end":{"line":26,"column":3}}},"s":{"0":1,"8":1,"9":1,"10":1,"11":1,"12":1,"13":1,"14":1,"15":1,"16":1,"17":1,"18":1,"19":1,"20":1,"21":1,"22":1,"23":1,"24":1,"25":1},"branchMap":{},"b":{},"fnMap":{},"f":{}}
,"/Users/dmitri/dev/agent-skills-lint/src/dialects/codex/2026-09.ts": {"path":"/Users/dmitri/dev/agent-skills-lint/src/dialects/codex/2026-09.ts","all":false,"statementMap":{"0":{"start":{"line":1,"column":0},"end":{"line":1,"column":44}},"13":{"start":{"line":14,"column":0},"end":{"line":14,"column":30}},"14":{"start":{"line":15,"column":0},"end":{"line":15,"column":22}},"15":{"start":{"line":16,"column":0},"end":{"line":16,"column":31}},"16":{"start":{"line":17,"column":0},"end":{"line":17,"column":9}},"17":{"start":{"line":18,"column":0},"end":{"line":18,"column":90}},"18":{"start":{"line":19,"column":0},"end":{"line":19,"column":4}},"19":{"start":{"line":20,"column":0},"end":{"line":20,"column":10}},"20":{"start":{"line":21,"column":0},"end":{"line":21,"column":82}},"21":{"start":{"line":22,"column":0},"end":{"line":22,"column":68}},"22":{"start":{"line":23,"column":0},"end":{"line":23,"column":64}},"23":{"start":{"line":24,"column":0},"end":{"line":24,"column":66}},"24":{"start":{"line":25,"column":0},"end":{"line":25,"column":78}},"25":{"start":{"line":26,"column":0},"end":{"line":26,"column":4}},"26":{"start":{"line":27,"column":0},"end":{"line":27,"column":3}}},"s":{"0":1,"13":1,"14":1,"15":1,"16":1,"17":1,"18":1,"19":1,"20":1,"21":1,"22":1,"23":1,"24":1,"25":1,"26":1},"branchMap":{},"b":{},"fnMap":{},"f":{}}
,"/Users/dmitri/dev/agent-skills-lint/src/dialects/spec/agent-plugins-1.0.0.ts": {"path":"/Users/dmitri/dev/agent-skills-lint/src/dialects/spec/agent-plugins-1.0.0.ts","all":false,"statementMap":{"0":{"start":{"line":1,"column":0},"end":{"line":1,"column":44}},"7":{"start":{"line":8,"column":0},"end":{"line":8,"column":30}},"8":{"start":{"line":9,"column":0},"end":{"line":9,"column":28}},"9":{"start":{"line":10,"column":0},"end":{"line":10,"column":9}},"10":{"start":{"line":11,"column":0},"end":{"line":11,"column":41}},"11":{"start":{"line":12,"column":0},"end":{"line":12,"column":47}},"12":{"start":{"line":13,"column":0},"end":{"line":13,"column":214}},"13":{"start":{"line":14,"column":0},"end":{"line":14,"column":4}},"14":{"start":{"line":15,"column":0},"end":{"line":15,"column":10}},"15":{"start":{"line":16,"column":0},"end":{"line":16,"column":54}},"16":{"start":{"line":17,"column":0},"end":{"line":17,"column":52}},"17":{"start":{"line":18,"column":0},"end":{"line":18,"column":52}},"18":{"start":{"line":19,"column":0},"end":{"line":19,"column":54}},"19":{"start":{"line":20,"column":0},"end":{"line":20,"column":73}},"20":{"start":{"line":21,"column":0},"end":{"line":21,"column":4}},"21":{"start":{"line":22,"column":0},"end":{"line":22,"column":3}}},"s":{"0":1,"7":1,"8":1,"9":1,"10":1,"11":1,"12":1,"13":1,"14":1,"15":1,"16":1,"17":1,"18":1,"19":1,"20":1,"21":1},"branchMap":{},"b":{},"fnMap":{},"f":{}}
,"/Users/dmitri/dev/agent-skills-lint/src/dialects/spec/agentskills-1.0.0.ts": {"path":"/Users/dmitri/dev/agent-skills-lint/src/dialects/spec/agentskills-1.0.0.ts","all":false,"statementMap":{"0":{"start":{"line":1,"column":0},"end":{"line":1,"column":44}},"6":{"start":{"line":7,"column":0},"end":{"line":7,"column":30}},"7":{"start":{"line":8,"column":0},"end":{"line":8,"column":26}},"8":{"start":{"line":9,"column":0},"end":{"line":9,"column":9}},"9":{"start":{"line":10,"column":0},"end":{"line":10,"column":51}},"10":{"start":{"line":11,"column":0},"end":{"line":11,"column":4}},"11":{"start":{"line":12,"column":0},"end":{"line":12,"column":10}},"12":{"start":{"line":13,"column":0},"end":{"line":13,"column":54}},"13":{"start":{"line":14,"column":0},"end":{"line":14,"column":47}},"14":{"start":{"line":15,"column":0},"end":{"line":15,"column":80}},"15":{"start":{"line":16,"column":0},"end":{"line":16,"column":78}},"16":{"start":{"line":17,"column":0},"end":{"line":17,"column":4}},"17":{"start":{"line":18,"column":0},"end":{"line":18,"column":3}}},"s":{"0":1,"6":1,"7":1,"8":1,"9":1,"10":1,"11":1,"12":1,"13":1,"14":1,"15":1,"16":1,"17":1},"branchMap":{},"b":{},"fnMap":{},"f":{}}
,"/Users/dmitri/dev/agent-skills-lint/src/engine/detect.ts": {"path":"/Users/dmitri/dev/agent-skills-lint/src/engine/detect.ts","all":false,"statementMap":{"0":{"start":{"line":1,"column":0},"end":{"line":1,"column":48}},"1":{"start":{"line":2,"column":0},"end":{"line":2,"column":61}},"3":{"start":{"line":4,"column":0},"end":{"line":4,"column":84}},"5":{"start":{"line":6,"column":0},"end":{"line":6,"column":62}},"6":{"start":{"line":7,"column":0},"end":{"line":7,"column":7}},"7":{"start":{"line":8,"column":0},"end":{"line":8,"column":30}},"8":{"start":{"line":9,"column":0},"end":{"line":9,"column":60}},"9":{"start":{"line":10,"column":0},"end":{"line":10,"column":11}},"10":{"start":{"line":11,"column":0},"end":{"line":11,"column":17}},"11":{"start":{"line":12,"column":0},"end":{"line":12,"column":3}},"12":{"start":{"line":13,"column":0},"end":{"line":13,"column":1}},"14":{"start":{"line":15,"column":0},"end":{"line":15,"column":53}},"15":{"start":{"line":16,"column":0},"end":{"line":16,"column":10}},"16":{"start":{"line":17,"column":0},"end":{"line":17,"column":47}},"17":{"start":{"line":18,"column":0},"end":{"line":18,"column":65}},"18":{"start":{"line":19,"column":0},"end":{"line":19,"column":61}},"20":{"start":{"line":21,"column":0},"end":{"line":21,"column":1}},"22":{"start":{"line":23,"column":0},"end":{"line":23,"column":56}},"23":{"start":{"line":24,"column":0},"end":{"line":24,"column":82}},"24":{"start":{"line":25,"column":0},"end":{"line":25,"column":21}},"25":{"start":{"line":26,"column":0},"end":{"line":26,"column":66}},"26":{"start":{"line":27,"column":0},"end":{"line":27,"column":37}},"27":{"start":{"line":28,"column":0},"end":{"line":28,"column":39}},"28":{"start":{"line":29,"column":0},"end":{"line":29,"column":49}},"30":{"start":{"line":31,"column":0},"end":{"line":31,"column":70}},"31":{"start":{"line":32,"column":0},"end":{"line":32,"column":44}},"32":{"start":{"line":33,"column":0},"end":{"line":33,"column":33}},"33":{"start":{"line":34,"column":0},"end":{"line":34,"column":50}},"34":{"start":{"line":35,"column":0},"end":{"line":35,"column":74}},"35":{"start":{"line":36,"column":0},"end":{"line":36,"column":73}},"36":{"start":{"line":37,"column":0},"end":{"line":37,"column":11}},"37":{"start":{"line":38,"column":0},"end":{"line":38,"column":52}},"38":{"start":{"line":39,"column":0},"end":{"line":39,"column":9}},"39":{"start":{"line":40,"column":0},"end":{"line":40,"column":7}},"40":{"start":{"line":41,"column":0},"end":{"line":41,"column":5}},"41":{"start":{"line":42,"column":0},"end":{"line":42,"column":3}},"42":{"start":{"line":43,"column":0},"end":{"line":43,"column":50}},"43":{"start":{"line":44,"column":0},"end":{"line":44,"column":10}},"44":{"start":{"line":45,"column":0},"end":{"line":45,"column":24}},"45":{"start":{"line":46,"column":0},"end":{"line":46,"column":9}},"46":{"start":{"line":47,"column":0},"end":{"line":47,"column":13}},"47":{"start":{"line":48,"column":0},"end":{"line":48,"column":12}},"48":{"start":{"line":49,"column":0},"end":{"line":49,"column":66}},"49":{"start":{"line":50,"column":0},"end":{"line":50,"column":4}},"50":{"start":{"line":51,"column":0},"end":{"line":51,"column":1}},"59":{"start":{"line":60,"column":0},"end":{"line":60,"column":60}},"60":{"start":{"line":61,"column":0},"end":{"line":61,"column":34}},"62":{"start":{"line":63,"column":0},"end":{"line":63,"column":29}},"63":{"start":{"line":64,"column":0},"end":{"line":64,"column":73}},"64":{"start":{"line":65,"column":0},"end":{"line":65,"column":92}},"65":{"start":{"line":66,"column":0},"end":{"line":66,"column":3}},"66":{"start":{"line":67,"column":0},"end":{"line":67,"column":29}},"67":{"start":{"line":68,"column":0},"end":{"line":68,"column":52}},"68":{"start":{"line":69,"column":0},"end":{"line":69,"column":3}},"70":{"start":{"line":71,"column":0},"end":{"line":71,"column":71}},"73":{"start":{"line":74,"column":0},"end":{"line":74,"column":73}},"74":{"start":{"line":75,"column":0},"end":{"line":75,"column":35}},"75":{"start":{"line":76,"column":0},"end":{"line":76,"column":3}},"76":{"start":{"line":77,"column":0},"end":{"line":77,"column":74}},"77":{"start":{"line":78,"column":0},"end":{"line":78,"column":30}},"78":{"start":{"line":79,"column":0},"end":{"line":79,"column":3}},"80":{"start":{"line":81,"column":0},"end":{"line":81,"column":35}},"81":{"start":{"line":82,"column":0},"end":{"line":82,"column":67}},"82":{"start":{"line":83,"column":0},"end":{"line":83,"column":39}},"83":{"start":{"line":84,"column":0},"end":{"line":84,"column":70}},"84":{"start":{"line":85,"column":0},"end":{"line":85,"column":39}},"85":{"start":{"line":86,"column":0},"end":{"line":86,"column":5}},"86":{"start":{"line":87,"column":0},"end":{"line":87,"column":3}},"87":{"start":{"line":88,"column":0},"end":{"line":88,"column":49}},"89":{"start":{"line":90,"column":0},"end":{"line":90,"column":18}},"90":{"start":{"line":91,"column":0},"end":{"line":91,"column":109}},"91":{"start":{"line":92,"column":0},"end":{"line":92,"column":4}},"92":{"start":{"line":93,"column":0},"end":{"line":93,"column":1}}},"s":{"0":1,"1":1,"3":1,"5":374,"6":374,"7":374,"8":374,"9":374,"10":123,"11":123,"12":374,"14":35,"15":35,"16":35,"17":12,"18":9,"20":35,"22":12,"23":12,"24":12,"25":12,"26":12,"27":10,"28":15,"30":15,"31":11,"32":11,"33":8,"34":8,"35":24,"36":24,"37":8,"38":8,"39":11,"40":15,"41":10,"42":12,"43":12,"44":12,"45":12,"46":12,"47":12,"48":12,"49":12,"50":12,"59":1,"60":82,"62":82,"63":2,"64":1,"65":1,"66":82,"67":2,"68":2,"70":82,"73":75,"74":12,"75":12,"76":82,"77":31,"78":31,"80":4,"81":61,"82":7,"83":7,"84":4,"85":4,"86":7,"87":61,"89":1,"90":1,"91":1,"92":1},"branchMap":{"0":{"type":"branch","line":6,"loc":{"start":{"line":6,"column":0},"end":{"line":13,"column":1}},"locations":[{"start":{"line":6,"column":0},"end":{"line":13,"column":1}}]},"1":{"type":"branch","line":9,"loc":{"start":{"line":9,"column":20},"end":{"line":9,"column":43}},"locations":[{"start":{"line":9,"column":20},"end":{"line":9,"column":43}}]},"2":{"type":"branch","line":9,"loc":{"start":{"line":9,"column":39},"end":{"line":9,"column":60}},"locations":[{"start":{"line":9,"column":39},"end":{"line":9,"column":60}}]},"3":{"type":"branch","line":10,"loc":{"start":{"line":10,"column":2},"end":{"line":12,"column":3}},"locations":[{"start":{"line":10,"column":2},"end":{"line":12,"column":3}}]},"4":{"type":"branch","line":15,"loc":{"start":{"line":15,"column":0},"end":{"line":21,"column":1}},"locations":[{"start":{"line":15,"column":0},"end":{"line":21,"column":1}}]},"5":{"type":"branch","line":17,"loc":{"start":{"line":17,"column":43},"end":{"line":18,"column":65}},"locations":[{"start":{"line":17,"column":43},"end":{"line":18,"column":65}}]},"6":{"type":"branch","line":18,"loc":{"start":{"line":18,"column":61},"end":{"line":19,"column":61}},"locations":[{"start":{"line":18,"column":61},"end":{"line":19,"column":61}}]},"7":{"type":"branch","line":23,"loc":{"start":{"line":23,"column":0},"end":{"line":51,"column":1}},"locations":[{"start":{"line":23,"column":0},"end":{"line":51,"column":1}}]},"8":{"type":"branch","line":27,"loc":{"start":{"line":27,"column":20},"end":{"line":27,"column":33}},"locations":[{"start":{"line":27,"column":20},"end":{"line":27,"column":33}}]},"9":{"type":"branch","line":27,"loc":{"start":{"line":27,"column":36},"end":{"line":42,"column":3}},"locations":[{"start":{"line":27,"column":36},"end":{"line":42,"column":3}}]},"10":{"type":"branch","line":28,"loc":{"start":{"line":28,"column":38},"end":{"line":41,"column":5}},"locations":[{"start":{"line":28,"column":38},"end":{"line":41,"column":5}}]},"11":{"type":"branch","line":31,"loc":{"start":{"line":31,"column":30},"end":{"line":31,"column":69}},"locations":[{"start":{"line":31,"column":30},"end":{"line":31,"column":69}}]},"12":{"type":"branch","line":31,"loc":{"start":{"line":31,"column":69},"end":{"line":40,"column":7}},"locations":[{"start":{"line":31,"column":69},"end":{"line":40,"column":7}}]},"13":{"type":"branch","line":33,"loc":{"start":{"line":33,"column":32},"end":{"line":39,"column":9}},"locations":[{"start":{"line":33,"column":32},"end":{"line":39,"column":9}}]},"14":{"type":"branch","line":35,"loc":{"start":{"line":35,"column":73},"end":{"line":37,"column":11}},"locations":[{"start":{"line":35,"column":73},"end":{"line":37,"column":11}}]},"15":{"type":"branch","line":36,"loc":{"start":{"line":36,"column":44},"end":{"line":36,"column":73}},"locations":[{"start":{"line":36,"column":44},"end":{"line":36,"column":73}}]},"16":{"type":"branch","line":49,"loc":{"start":{"line":49,"column":28},"end":{"line":49,"column":62}},"locations":[{"start":{"line":49,"column":28},"end":{"line":49,"column":62}}]},"17":{"type":"branch","line":49,"loc":{"start":{"line":49,"column":58},"end":{"line":49,"column":66}},"locations":[{"start":{"line":49,"column":58},"end":{"line":49,"column":66}}]},"18":{"type":"branch","line":60,"loc":{"start":{"line":60,"column":7},"end":{"line":93,"column":1}},"locations":[{"start":{"line":60,"column":7},"end":{"line":93,"column":1}}]},"19":{"type":"branch","line":63,"loc":{"start":{"line":63,"column":28},"end":{"line":66,"column":3}},"locations":[{"start":{"line":63,"column":28},"end":{"line":66,"column":3}}]},"20":{"type":"branch","line":64,"loc":{"start":{"line":64,"column":39},"end":{"line":66,"column":3}},"locations":[{"start":{"line":64,"column":39},"end":{"line":66,"column":3}}]},"21":{"type":"branch","line":66,"loc":{"start":{"line":66,"column":2},"end":{"line":67,"column":28}},"locations":[{"start":{"line":66,"column":2},"end":{"line":67,"column":28}}]},"22":{"type":"branch","line":67,"loc":{"start":{"line":67,"column":28},"end":{"line":69,"column":3}},"locations":[{"start":{"line":67,"column":28},"end":{"line":69,"column":3}}]},"23":{"type":"branch","line":69,"loc":{"start":{"line":69,"column":2},"end":{"line":71,"column":53}},"locations":[{"start":{"line":69,"column":2},"end":{"line":71,"column":53}}]},"24":{"type":"branch","line":71,"loc":{"start":{"line":71,"column":46},"end":{"line":71,"column":71}},"locations":[{"start":{"line":71,"column":46},"end":{"line":71,"column":71}}]},"25":{"type":"branch","line":71,"loc":{"start":{"line":71,"column":69},"end":{"line":77,"column":73}},"locations":[{"start":{"line":71,"column":69},"end":{"line":77,"column":73}}]},"26":{"type":"branch","line":71,"loc":{"start":{"line":71,"column":69},"end":{"line":74,"column":72}},"locations":[{"start":{"line":71,"column":69},"end":{"line":74,"column":72}}]},"27":{"type":"branch","line":74,"loc":{"start":{"line":74,"column":72},"end":{"line":77,"column":36}},"locations":[{"start":{"line":74,"column":72},"end":{"line":77,"column":36}}]},"28":{"type":"branch","line":74,"loc":{"start":{"line":74,"column":72},"end":{"line":76,"column":3}},"locations":[{"start":{"line":74,"column":72},"end":{"line":76,"column":3}}]},"29":{"type":"branch","line":76,"loc":{"start":{"line":76,"column":2},"end":{"line":77,"column":36}},"locations":[{"start":{"line":76,"column":2},"end":{"line":77,"column":36}}]},"30":{"type":"branch","line":77,"loc":{"start":{"line":77,"column":31},"end":{"line":77,"column":73}},"locations":[{"start":{"line":77,"column":31},"end":{"line":77,"column":73}}]},"31":{"type":"branch","line":77,"loc":{"start":{"line":77,"column":73},"end":{"line":93,"column":1}},"locations":[{"start":{"line":77,"column":73},"end":{"line":93,"column":1}}]},"32":{"type":"branch","line":77,"loc":{"start":{"line":77,"column":73},"end":{"line":79,"column":3}},"locations":[{"start":{"line":77,"column":73},"end":{"line":79,"column":3}}]},"33":{"type":"branch","line":79,"loc":{"start":{"line":79,"column":2},"end":{"line":93,"column":1}},"locations":[{"start":{"line":79,"column":2},"end":{"line":93,"column":1}}]},"34":{"type":"branch","line":79,"loc":{"start":{"line":79,"column":2},"end":{"line":82,"column":66}},"locations":[{"start":{"line":79,"column":2},"end":{"line":82,"column":66}}]},"35":{"type":"branch","line":82,"loc":{"start":{"line":82,"column":66},"end":{"line":87,"column":3}},"locations":[{"start":{"line":82,"column":66},"end":{"line":87,"column":3}}]},"36":{"type":"branch","line":84,"loc":{"start":{"line":84,"column":25},"end":{"line":84,"column":69}},"locations":[{"start":{"line":84,"column":25},"end":{"line":84,"column":69}}]},"37":{"type":"branch","line":84,"loc":{"start":{"line":84,"column":69},"end":{"line":86,"column":5}},"locations":[{"start":{"line":84,"column":69},"end":{"line":86,"column":5}}]},"38":{"type":"branch","line":87,"loc":{"start":{"line":87,"column":2},"end":{"line":88,"column":37}},"locations":[{"start":{"line":87,"column":2},"end":{"line":88,"column":37}}]},"39":{"type":"branch","line":88,"loc":{"start":{"line":88,"column":30},"end":{"line":88,"column":49}},"locations":[{"start":{"line":88,"column":30},"end":{"line":88,"column":49}}]},"40":{"type":"branch","line":88,"loc":{"start":{"line":88,"column":37},"end":{"line":93,"column":1}},"locations":[{"start":{"line":88,"column":37},"end":{"line":93,"column":1}}]}},"b":{"0":[374],"1":[153],"2":[98],"3":[123],"4":[35],"5":[12],"6":[9],"7":[12],"8":[11],"9":[10],"10":[15],"11":[11],"12":[11],"13":[8],"14":[24],"15":[19],"16":[1],"17":[11],"18":[82],"19":[2],"20":[1],"21":[80],"22":[2],"23":[78],"24":[31],"25":[75],"26":[47],"27":[74],"28":[12],"29":[35],"30":[9],"31":[75],"32":[31],"33":[61],"34":[4],"35":[7],"36":[4],"37":[4],"38":[4],"39":[3],"40":[1]},"fnMap":{"0":{"name":"exists","decl":{"start":{"line":6,"column":0},"end":{"line":13,"column":1}},"loc":{"start":{"line":6,"column":0},"end":{"line":13,"column":1}},"line":6},"1":{"name":"hasAnyPluginManifest","decl":{"start":{"line":15,"column":0},"end":{"line":21,"column":1}},"loc":{"start":{"line":15,"column":0},"end":{"line":21,"column":1}},"line":15},"2":{"name":"readMarketplace","decl":{"start":{"line":23,"column":0},"end":{"line":51,"column":1}},"loc":{"start":{"line":23,"column":0},"end":{"line":51,"column":1}},"line":23},"3":{"name":"detectTargets","decl":{"start":{"line":60,"column":7},"end":{"line":93,"column":1}},"loc":{"start":{"line":60,"column":7},"end":{"line":93,"column":1}},"line":60}},"f":{"0":374,"1":35,"2":12,"3":82}}
,"/Users/dmitri/dev/agent-skills-lint/src/engine/parse.ts": {"path":"/Users/dmitri/dev/agent-skills-lint/src/engine/parse.ts","all":false,"statementMap":{"0":{"start":{"line":1,"column":0},"end":{"line":1,"column":62}},"1":{"start":{"line":2,"column":0},"end":{"line":2,"column":43}},"2":{"start":{"line":3,"column":0},"end":{"line":3,"column":67}},"13":{"start":{"line":14,"column":0},"end":{"line":14,"column":28}},"14":{"start":{"line":15,"column":0},"end":{"line":15,"column":37}},"16":{"start":{"line":17,"column":0},"end":{"line":17,"column":60}},"17":{"start":{"line":18,"column":0},"end":{"line":18,"column":86}},"18":{"start":{"line":19,"column":0},"end":{"line":19,"column":34}},"19":{"start":{"line":20,"column":0},"end":{"line":20,"column":25}},"20":{"start":{"line":21,"column":0},"end":{"line":21,"column":41}},"21":{"start":{"line":22,"column":0},"end":{"line":22,"column":37}},"22":{"start":{"line":23,"column":0},"end":{"line":23,"column":63}},"23":{"start":{"line":24,"column":0},"end":{"line":24,"column":44}},"25":{"start":{"line":26,"column":0},"end":{"line":26,"column":23}},"27":{"start":{"line":28,"column":0},"end":{"line":28,"column":31}},"28":{"start":{"line":29,"column":0},"end":{"line":29,"column":57}},"32":{"start":{"line":33,"column":0},"end":{"line":33,"column":37}},"33":{"start":{"line":34,"column":0},"end":{"line":34,"column":41}},"34":{"start":{"line":35,"column":0},"end":{"line":35,"column":35}},"35":{"start":{"line":36,"column":0},"end":{"line":36,"column":19}},"38":{"start":{"line":39,"column":0},"end":{"line":39,"column":95}},"39":{"start":{"line":40,"column":0},"end":{"line":40,"column":39}},"40":{"start":{"line":41,"column":0},"end":{"line":41,"column":31}},"41":{"start":{"line":42,"column":0},"end":{"line":42,"column":35}},"42":{"start":{"line":43,"column":0},"end":{"line":43,"column":60}},"43":{"start":{"line":44,"column":0},"end":{"line":44,"column":49}},"44":{"start":{"line":45,"column":0},"end":{"line":45,"column":5}},"45":{"start":{"line":46,"column":0},"end":{"line":46,"column":3}},"47":{"start":{"line":48,"column":0},"end":{"line":48,"column":41}},"48":{"start":{"line":49,"column":0},"end":{"line":49,"column":7}},"49":{"start":{"line":50,"column":0},"end":{"line":50,"column":57}},"50":{"start":{"line":51,"column":0},"end":{"line":51,"column":17}},"52":{"start":{"line":53,"column":0},"end":{"line":53,"column":57}},"53":{"start":{"line":54,"column":0},"end":{"line":54,"column":3}},"54":{"start":{"line":55,"column":0},"end":{"line":55,"column":58}},"55":{"start":{"line":56,"column":0},"end":{"line":56,"column":47}},"56":{"start":{"line":57,"column":0},"end":{"line":57,"column":44}},"57":{"start":{"line":58,"column":0},"end":{"line":58,"column":66}},"58":{"start":{"line":59,"column":0},"end":{"line":59,"column":64}},"64":{"start":{"line":65,"column":0},"end":{"line":65,"column":34}},"65":{"start":{"line":66,"column":0},"end":{"line":66,"column":32}},"66":{"start":{"line":67,"column":0},"end":{"line":67,"column":14}},"67":{"start":{"line":68,"column":0},"end":{"line":68,"column":57}},"68":{"start":{"line":69,"column":0},"end":{"line":69,"column":55}},"69":{"start":{"line":70,"column":0},"end":{"line":70,"column":8}},"70":{"start":{"line":71,"column":0},"end":{"line":71,"column":5}},"71":{"start":{"line":72,"column":0},"end":{"line":72,"column":21}},"72":{"start":{"line":73,"column":0},"end":{"line":73,"column":4}},"74":{"start":{"line":75,"column":0},"end":{"line":75,"column":10}},"75":{"start":{"line":76,"column":0},"end":{"line":76,"column":18}},"76":{"start":{"line":77,"column":0},"end":{"line":77,"column":9}},"77":{"start":{"line":78,"column":0},"end":{"line":78,"column":15}},"78":{"start":{"line":79,"column":0},"end":{"line":79,"column":56}},"79":{"start":{"line":80,"column":0},"end":{"line":80,"column":66}},"80":{"start":{"line":81,"column":0},"end":{"line":81,"column":4}},"81":{"start":{"line":82,"column":0},"end":{"line":82,"column":1}},"83":{"start":{"line":84,"column":0},"end":{"line":84,"column":50}},"84":{"start":{"line":85,"column":0},"end":{"line":85,"column":37}},"85":{"start":{"line":86,"column":0},"end":{"line":86,"column":41}},"86":{"start":{"line":87,"column":0},"end":{"line":87,"column":10}},"87":{"start":{"line":88,"column":0},"end":{"line":88,"column":18}},"88":{"start":{"line":89,"column":0},"end":{"line":89,"column":8}},"89":{"start":{"line":90,"column":0},"end":{"line":90,"column":9}},"90":{"start":{"line":91,"column":0},"end":{"line":91,"column":27}},"91":{"start":{"line":92,"column":0},"end":{"line":92,"column":30}},"92":{"start":{"line":93,"column":0},"end":{"line":93,"column":8}},"93":{"start":{"line":94,"column":0},"end":{"line":94,"column":34}},"94":{"start":{"line":95,"column":0},"end":{"line":95,"column":42}},"95":{"start":{"line":96,"column":0},"end":{"line":96,"column":4}},"96":{"start":{"line":97,"column":0},"end":{"line":97,"column":1}},"98":{"start":{"line":99,"column":0},"end":{"line":99,"column":58}},"99":{"start":{"line":100,"column":0},"end":{"line":100,"column":19}},"100":{"start":{"line":101,"column":0},"end":{"line":101,"column":7}},"101":{"start":{"line":102,"column":0},"end":{"line":102,"column":38}},"102":{"start":{"line":103,"column":0},"end":{"line":103,"column":11}},"103":{"start":{"line":104,"column":0},"end":{"line":104,"column":35}},"104":{"start":{"line":105,"column":0},"end":{"line":105,"column":3}},"105":{"start":{"line":106,"column":0},"end":{"line":106,"column":7}},"106":{"start":{"line":107,"column":0},"end":{"line":107,"column":58}},"107":{"start":{"line":108,"column":0},"end":{"line":108,"column":17}},"108":{"start":{"line":109,"column":0},"end":{"line":109,"column":70}},"109":{"start":{"line":110,"column":0},"end":{"line":110,"column":3}},"110":{"start":{"line":111,"column":0},"end":{"line":111,"column":1}},"112":{"start":{"line":113,"column":0},"end":{"line":113,"column":39}},"113":{"start":{"line":114,"column":0},"end":{"line":114,"column":7}},"114":{"start":{"line":115,"column":0},"end":{"line":115,"column":40}},"115":{"start":{"line":116,"column":0},"end":{"line":116,"column":11}},"116":{"start":{"line":117,"column":0},"end":{"line":117,"column":17}},"117":{"start":{"line":118,"column":0},"end":{"line":118,"column":3}},"118":{"start":{"line":119,"column":0},"end":{"line":119,"column":1}},"120":{"start":{"line":121,"column":0},"end":{"line":121,"column":40}},"121":{"start":{"line":122,"column":0},"end":{"line":122,"column":7}},"122":{"start":{"line":123,"column":0},"end":{"line":123,"column":35}},"123":{"start":{"line":124,"column":0},"end":{"line":124,"column":11}},"124":{"start":{"line":125,"column":0},"end":{"line":125,"column":17}},"125":{"start":{"line":126,"column":0},"end":{"line":126,"column":3}},"126":{"start":{"line":127,"column":0},"end":{"line":127,"column":1}},"128":{"start":{"line":129,"column":0},"end":{"line":129,"column":47}},"129":{"start":{"line":130,"column":0},"end":{"line":130,"column":7}},"130":{"start":{"line":131,"column":0},"end":{"line":131,"column":29}},"131":{"start":{"line":132,"column":0},"end":{"line":132,"column":11}},"132":{"start":{"line":133,"column":0},"end":{"line":133,"column":14}},"133":{"start":{"line":134,"column":0},"end":{"line":134,"column":3}},"134":{"start":{"line":135,"column":0},"end":{"line":135,"column":1}},"136":{"start":{"line":137,"column":0},"end":{"line":137,"column":69}},"137":{"start":{"line":138,"column":0},"end":{"line":138,"column":46}},"138":{"start":{"line":139,"column":0},"end":{"line":139,"column":38}},"139":{"start":{"line":140,"column":0},"end":{"line":140,"column":1}},"141":{"start":{"line":142,"column":0},"end":{"line":142,"column":27}},"142":{"start":{"line":143,"column":0},"end":{"line":143,"column":15}},"143":{"start":{"line":144,"column":0},"end":{"line":144,"column":25}},"144":{"start":{"line":145,"column":0},"end":{"line":145,"column":42}},"145":{"start":{"line":146,"column":0},"end":{"line":146,"column":14}},"146":{"start":{"line":147,"column":0},"end":{"line":147,"column":41}},"147":{"start":{"line":148,"column":0},"end":{"line":148,"column":43}},"148":{"start":{"line":149,"column":0},"end":{"line":149,"column":48}},"149":{"start":{"line":150,"column":0},"end":{"line":150,"column":32}},"151":{"start":{"line":152,"column":0},"end":{"line":152,"column":24}},"152":{"start":{"line":153,"column":0},"end":{"line":153,"column":74}},"154":{"start":{"line":155,"column":0},"end":{"line":155,"column":46}},"155":{"start":{"line":156,"column":0},"end":{"line":156,"column":32}},"156":{"start":{"line":157,"column":0},"end":{"line":157,"column":55}},"157":{"start":{"line":158,"column":0},"end":{"line":158,"column":67}},"158":{"start":{"line":159,"column":0},"end":{"line":159,"column":50}},"159":{"start":{"line":160,"column":0},"end":{"line":160,"column":5}},"160":{"start":{"line":161,"column":0},"end":{"line":161,"column":3}},"162":{"start":{"line":163,"column":0},"end":{"line":163,"column":50}},"163":{"start":{"line":164,"column":0},"end":{"line":164,"column":10}},"164":{"start":{"line":165,"column":0},"end":{"line":165,"column":19}},"165":{"start":{"line":166,"column":0},"end":{"line":166,"column":9}},"166":{"start":{"line":167,"column":0},"end":{"line":167,"column":58}},"167":{"start":{"line":168,"column":0},"end":{"line":168,"column":76}},"168":{"start":{"line":169,"column":0},"end":{"line":169,"column":74}},"169":{"start":{"line":170,"column":0},"end":{"line":170,"column":19}},"170":{"start":{"line":171,"column":0},"end":{"line":171,"column":68}},"171":{"start":{"line":172,"column":0},"end":{"line":172,"column":71}},"172":{"start":{"line":173,"column":0},"end":{"line":173,"column":66}},"173":{"start":{"line":174,"column":0},"end":{"line":174,"column":20}},"174":{"start":{"line":175,"column":0},"end":{"line":175,"column":21}},"175":{"start":{"line":176,"column":0},"end":{"line":176,"column":11}},"176":{"start":{"line":177,"column":0},"end":{"line":177,"column":4}},"177":{"start":{"line":178,"column":0},"end":{"line":178,"column":1}}},"s":{"0":1,"1":1,"2":1,"13":1,"14":1,"16":1,"17":84,"18":84,"19":84,"20":82,"21":82,"22":84,"23":81,"25":81,"27":81,"28":81,"32":81,"33":81,"34":81,"35":84,"38":3,"39":3,"40":3,"41":3,"42":3,"43":3,"44":3,"45":3,"47":81,"48":81,"49":84,"50":84,"52":2,"53":2,"54":81,"55":104,"56":103,"57":116,"58":116,"64":102,"65":102,"66":102,"67":102,"68":102,"69":102,"70":102,"71":1,"72":104,"74":81,"75":81,"76":81,"77":81,"78":84,"79":84,"80":84,"81":84,"83":1,"84":79,"85":79,"86":79,"87":79,"88":79,"89":79,"90":79,"91":79,"92":79,"93":79,"94":79,"95":79,"96":79,"98":1,"99":129,"100":129,"101":129,"102":129,"103":61,"104":61,"105":68,"106":68,"107":129,"108":2,"109":2,"110":129,"112":141,"113":141,"114":141,"115":141,"116":59,"117":59,"118":141,"120":46,"121":46,"122":46,"123":46,"124":3,"125":3,"126":46,"128":39,"129":39,"130":39,"131":39,"132":21,"133":21,"134":39,"136":1,"137":51,"138":51,"139":51,"141":1,"142":39,"143":39,"144":39,"145":39,"146":39,"147":39,"148":39,"149":39,"151":39,"152":28,"154":51,"155":51,"156":46,"157":46,"158":49,"159":51,"160":28,"162":39,"163":39,"164":39,"165":39,"166":39,"167":39,"168":39,"169":39,"170":39,"171":39,"172":39,"173":39,"174":39,"175":39,"176":39,"177":39},"branchMap":{"0":{"type":"branch","line":17,"loc":{"start":{"line":17,"column":7},"end":{"line":82,"column":1}},"locations":[{"start":{"line":17,"column":7},"end":{"line":82,"column":1}}]},"1":{"type":"branch","line":20,"loc":{"start":{"line":20,"column":13},"end":{"line":20,"column":25}},"locations":[{"start":{"line":20,"column":13},"end":{"line":20,"column":25}}]},"2":{"type":"branch","line":20,"loc":{"start":{"line":20,"column":20},"end":{"line":23,"column":51}},"locations":[{"start":{"line":20,"column":20},"end":{"line":23,"column":51}}]},"3":{"type":"branch","line":23,"loc":{"start":{"line":23,"column":16},"end":{"line":23,"column":51}},"locations":[{"start":{"line":23,"column":16},"end":{"line":23,"column":51}}]},"4":{"type":"branch","line":23,"loc":{"start":{"line":23,"column":51},"end":{"line":23,"column":63}},"locations":[{"start":{"line":23,"column":51},"end":{"line":23,"column":63}}]},"5":{"type":"branch","line":23,"loc":{"start":{"line":23,"column":58},"end":{"line":36,"column":18}},"locations":[{"start":{"line":23,"column":58},"end":{"line":36,"column":18}}]},"6":{"type":"branch","line":36,"loc":{"start":{"line":36,"column":18},"end":{"line":46,"column":3}},"locations":[{"start":{"line":36,"column":18},"end":{"line":46,"column":3}}]},"7":{"type":"branch","line":46,"loc":{"start":{"line":46,"column":2},"end":{"line":50,"column":26}},"locations":[{"start":{"line":46,"column":2},"end":{"line":50,"column":26}}]},"8":{"type":"branch","line":50,"loc":{"start":{"line":50,"column":21},"end":{"line":50,"column":57}},"locations":[{"start":{"line":50,"column":21},"end":{"line":50,"column":57}}]},"9":{"type":"branch","line":51,"loc":{"start":{"line":51,"column":2},"end":{"line":54,"column":3}},"locations":[{"start":{"line":51,"column":2},"end":{"line":54,"column":3}}]},"10":{"type":"branch","line":54,"loc":{"start":{"line":54,"column":2},"end":{"line":79,"column":35}},"locations":[{"start":{"line":54,"column":2},"end":{"line":79,"column":35}}]},"11":{"type":"branch","line":79,"loc":{"start":{"line":79,"column":23},"end":{"line":79,"column":52}},"locations":[{"start":{"line":79,"column":23},"end":{"line":79,"column":52}}]},"12":{"type":"branch","line":79,"loc":{"start":{"line":79,"column":48},"end":{"line":79,"column":56}},"locations":[{"start":{"line":79,"column":48},"end":{"line":79,"column":56}}]},"13":{"type":"branch","line":80,"loc":{"start":{"line":80,"column":28},"end":{"line":80,"column":62}},"locations":[{"start":{"line":80,"column":28},"end":{"line":80,"column":62}}]},"14":{"type":"branch","line":80,"loc":{"start":{"line":80,"column":58},"end":{"line":80,"column":66}},"locations":[{"start":{"line":80,"column":58},"end":{"line":80,"column":66}}]},"15":{"type":"branch","line":18,"loc":{"start":{"line":18,"column":68},"end":{"line":18,"column":84}},"locations":[{"start":{"line":18,"column":68},"end":{"line":18,"column":84}}]},"16":{"type":"branch","line":55,"loc":{"start":{"line":55,"column":21},"end":{"line":73,"column":4}},"locations":[{"start":{"line":55,"column":21},"end":{"line":73,"column":4}}]},"17":{"type":"branch","line":56,"loc":{"start":{"line":56,"column":30},"end":{"line":56,"column":47}},"locations":[{"start":{"line":56,"column":30},"end":{"line":56,"column":47}}]},"18":{"type":"branch","line":56,"loc":{"start":{"line":56,"column":37},"end":{"line":71,"column":5}},"locations":[{"start":{"line":56,"column":37},"end":{"line":71,"column":5}}]},"19":{"type":"branch","line":57,"loc":{"start":{"line":57,"column":43},"end":{"line":71,"column":5}},"locations":[{"start":{"line":57,"column":43},"end":{"line":71,"column":5}}]},"20":{"type":"branch","line":58,"loc":{"start":{"line":58,"column":57},"end":{"line":59,"column":42}},"locations":[{"start":{"line":58,"column":57},"end":{"line":59,"column":42}}]},"21":{"type":"branch","line":58,"loc":{"start":{"line":58,"column":57},"end":{"line":58,"column":66}},"locations":[{"start":{"line":58,"column":57},"end":{"line":58,"column":66}}]},"22":{"type":"branch","line":58,"loc":{"start":{"line":58,"column":57},"end":{"line":59,"column":42}},"locations":[{"start":{"line":58,"column":57},"end":{"line":59,"column":42}}]},"23":{"type":"branch","line":59,"loc":{"start":{"line":59,"column":38},"end":{"line":59,"column":55}},"locations":[{"start":{"line":59,"column":38},"end":{"line":59,"column":55}}]},"24":{"type":"branch","line":59,"loc":{"start":{"line":59,"column":47},"end":{"line":59,"column":64}},"locations":[{"start":{"line":59,"column":47},"end":{"line":59,"column":64}}]},"25":{"type":"branch","line":63,"loc":{"start":{"line":63,"column":34},"end":{"line":63,"column":46}},"locations":[{"start":{"line":63,"column":34},"end":{"line":63,"column":46}}]},"26":{"type":"branch","line":64,"loc":{"start":{"line":64,"column":20},"end":{"line":64,"column":52}},"locations":[{"start":{"line":64,"column":20},"end":{"line":64,"column":52}}]},"27":{"type":"branch","line":64,"loc":{"start":{"line":64,"column":52},"end":{"line":64,"column":69}},"locations":[{"start":{"line":64,"column":52},"end":{"line":64,"column":69}}]},"28":{"type":"branch","line":64,"loc":{"start":{"line":64,"column":59},"end":{"line":71,"column":5}},"locations":[{"start":{"line":64,"column":59},"end":{"line":71,"column":5}}]},"29":{"type":"branch","line":71,"loc":{"start":{"line":71,"column":4},"end":{"line":72,"column":21}},"locations":[{"start":{"line":71,"column":4},"end":{"line":72,"column":21}}]},"30":{"type":"branch","line":84,"loc":{"start":{"line":84,"column":7},"end":{"line":97,"column":1}},"locations":[{"start":{"line":84,"column":7},"end":{"line":97,"column":1}}]},"31":{"type":"branch","line":99,"loc":{"start":{"line":99,"column":7},"end":{"line":111,"column":1}},"locations":[{"start":{"line":99,"column":7},"end":{"line":111,"column":1}}]},"32":{"type":"branch","line":103,"loc":{"start":{"line":103,"column":2},"end":{"line":108,"column":11}},"locations":[{"start":{"line":103,"column":2},"end":{"line":108,"column":11}}]},"33":{"type":"branch","line":103,"loc":{"start":{"line":103,"column":2},"end":{"line":105,"column":3}},"locations":[{"start":{"line":103,"column":2},"end":{"line":105,"column":3}}]},"34":{"type":"branch","line":105,"loc":{"start":{"line":105,"column":2},"end":{"line":108,"column":11}},"locations":[{"start":{"line":105,"column":2},"end":{"line":108,"column":11}}]},"35":{"type":"branch","line":108,"loc":{"start":{"line":108,"column":2},"end":{"line":110,"column":3}},"locations":[{"start":{"line":108,"column":2},"end":{"line":110,"column":3}}]},"36":{"type":"branch","line":113,"loc":{"start":{"line":113,"column":0},"end":{"line":119,"column":1}},"locations":[{"start":{"line":113,"column":0},"end":{"line":119,"column":1}}]},"37":{"type":"branch","line":116,"loc":{"start":{"line":116,"column":2},"end":{"line":118,"column":3}},"locations":[{"start":{"line":116,"column":2},"end":{"line":118,"column":3}}]},"38":{"type":"branch","line":121,"loc":{"start":{"line":121,"column":0},"end":{"line":127,"column":1}},"locations":[{"start":{"line":121,"column":0},"end":{"line":127,"column":1}}]},"39":{"type":"branch","line":124,"loc":{"start":{"line":124,"column":2},"end":{"line":126,"column":3}},"locations":[{"start":{"line":124,"column":2},"end":{"line":126,"column":3}}]},"40":{"type":"branch","line":129,"loc":{"start":{"line":129,"column":0},"end":{"line":135,"column":1}},"locations":[{"start":{"line":129,"column":0},"end":{"line":135,"column":1}}]},"41":{"type":"branch","line":132,"loc":{"start":{"line":132,"column":2},"end":{"line":134,"column":3}},"locations":[{"start":{"line":132,"column":2},"end":{"line":134,"column":3}}]},"42":{"type":"branch","line":137,"loc":{"start":{"line":137,"column":7},"end":{"line":140,"column":1}},"locations":[{"start":{"line":137,"column":7},"end":{"line":140,"column":1}}]},"43":{"type":"branch","line":139,"loc":{"start":{"line":139,"column":18},"end":{"line":139,"column":28}},"locations":[{"start":{"line":139,"column":18},"end":{"line":139,"column":28}}]},"44":{"type":"branch","line":139,"loc":{"start":{"line":139,"column":22},"end":{"line":139,"column":38}},"locations":[{"start":{"line":139,"column":22},"end":{"line":139,"column":38}}]},"45":{"type":"branch","line":142,"loc":{"start":{"line":142,"column":7},"end":{"line":178,"column":1}},"locations":[{"start":{"line":142,"column":7},"end":{"line":178,"column":1}}]},"46":{"type":"branch","line":152,"loc":{"start":{"line":152,"column":23},"end":{"line":161,"column":3}},"locations":[{"start":{"line":152,"column":23},"end":{"line":161,"column":3}}]},"47":{"type":"branch","line":153,"loc":{"start":{"line":153,"column":73},"end":{"line":160,"column":5}},"locations":[{"start":{"line":153,"column":73},"end":{"line":160,"column":5}}]},"48":{"type":"branch","line":156,"loc":{"start":{"line":156,"column":23},"end":{"line":156,"column":32}},"locations":[{"start":{"line":156,"column":23},"end":{"line":156,"column":32}}]},"49":{"type":"branch","line":156,"loc":{"start":{"line":156,"column":23},"end":{"line":159,"column":50}},"locations":[{"start":{"line":156,"column":23},"end":{"line":159,"column":50}}]},"50":{"type":"branch","line":156,"loc":{"start":{"line":156,"column":23},"end":{"line":159,"column":29}},"locations":[{"start":{"line":156,"column":23},"end":{"line":159,"column":29}}]},"51":{"type":"branch","line":159,"loc":{"start":{"line":159,"column":22},"end":{"line":159,"column":50}},"locations":[{"start":{"line":159,"column":22},"end":{"line":159,"column":50}}]},"52":{"type":"branch","line":171,"loc":{"start":{"line":171,"column":29},"end":{"line":171,"column":64}},"locations":[{"start":{"line":171,"column":29},"end":{"line":171,"column":64}}]},"53":{"type":"branch","line":171,"loc":{"start":{"line":171,"column":60},"end":{"line":171,"column":68}},"locations":[{"start":{"line":171,"column":60},"end":{"line":171,"column":68}}]},"54":{"type":"branch","line":173,"loc":{"start":{"line":173,"column":28},"end":{"line":173,"column":62}},"locations":[{"start":{"line":173,"column":28},"end":{"line":173,"column":62}}]},"55":{"type":"branch","line":173,"loc":{"start":{"line":173,"column":58},"end":{"line":173,"column":66}},"locations":[{"start":{"line":173,"column":58},"end":{"line":173,"column":66}}]}},"b":{"0":[84],"1":[2],"2":[82],"3":[81],"4":[1],"5":[81],"6":[3],"7":[81],"8":[1],"9":[2],"10":[81],"11":[4],"12":[77],"13":[3],"14":[78],"15":[1],"16":[104],"17":[1],"18":[103],"19":[116],"20":[115],"21":[14],"22":[102],"23":[101],"24":[1],"25":[1],"26":[1],"27":[1],"28":[1],"29":[1],"30":[79],"31":[129],"32":[113],"33":[61],"34":[68],"35":[2],"36":[141],"37":[59],"38":[46],"39":[3],"40":[39],"41":[21],"42":[51],"43":[3],"44":[48],"45":[39],"46":[28],"47":[51],"48":[5],"49":[49],"50":[46],"51":[43],"52":[8],"53":[31],"54":[2],"55":[37]},"fnMap":{"0":{"name":"parseFrontmatter","decl":{"start":{"line":17,"column":7},"end":{"line":82,"column":1}},"loc":{"start":{"line":17,"column":7},"end":{"line":82,"column":1}},"line":17},"1":{"name":"valueRange","decl":{"start":{"line":18,"column":68},"end":{"line":18,"column":84}},"loc":{"start":{"line":18,"column":68},"end":{"line":18,"column":84}},"line":18},"2":{"name":"valueRange","decl":{"start":{"line":55,"column":21},"end":{"line":73,"column":4}},"loc":{"start":{"line":55,"column":21},"end":{"line":73,"column":4}},"line":55},"3":{"name":"readSkill","decl":{"start":{"line":84,"column":7},"end":{"line":97,"column":1}},"loc":{"start":{"line":84,"column":7},"end":{"line":97,"column":1}},"line":84},"4":{"name":"readManifest","decl":{"start":{"line":99,"column":7},"end":{"line":111,"column":1}},"loc":{"start":{"line":99,"column":7},"end":{"line":111,"column":1}},"line":99},"5":{"name":"isDir","decl":{"start":{"line":113,"column":0},"end":{"line":119,"column":1}},"loc":{"start":{"line":113,"column":0},"end":{"line":119,"column":1}},"line":113},"6":{"name":"isFile","decl":{"start":{"line":121,"column":0},"end":{"line":127,"column":1}},"loc":{"start":{"line":121,"column":0},"end":{"line":127,"column":1}},"line":121},"7":{"name":"listDirNames","decl":{"start":{"line":129,"column":0},"end":{"line":135,"column":1}},"loc":{"start":{"line":129,"column":0},"end":{"line":135,"column":1}},"line":129},"8":{"name":"agentsSkillsDirOf","decl":{"start":{"line":137,"column":7},"end":{"line":140,"column":1}},"loc":{"start":{"line":137,"column":7},"end":{"line":140,"column":1}},"line":137},"9":{"name":"readPlugin","decl":{"start":{"line":142,"column":7},"end":{"line":178,"column":1}},"loc":{"start":{"line":142,"column":7},"end":{"line":178,"column":1}},"line":142}},"f":{"0":84,"1":1,"2":104,"3":79,"4":129,"5":141,"6":46,"7":39,"8":51,"9":39}}
,"/Users/dmitri/dev/agent-skills-lint/src/engine/run.ts": {"path":"/Users/dmitri/dev/agent-skills-lint/src/engine/run.ts","all":false,"statementMap":{"0":{"start":{"line":1,"column":0},"end":{"line":1,"column":37}},"1":{"start":{"line":2,"column":0},"end":{"line":2,"column":86}},"2":{"start":{"line":3,"column":0},"end":{"line":3,"column":57}},"3":{"start":{"line":4,"column":0},"end":{"line":4,"column":49}},"4":{"start":{"line":5,"column":0},"end":{"line":5,"column":47}},"5":{"start":{"line":6,"column":0},"end":{"line":6,"column":49}},"6":{"start":{"line":7,"column":0},"end":{"line":7,"column":47}},"10":{"start":{"line":11,"column":0},"end":{"line":11,"column":45}},"11":{"start":{"line":12,"column":0},"end":{"line":12,"column":84}},"12":{"start":{"line":13,"column":0},"end":{"line":13,"column":42}},"13":{"start":{"line":14,"column":0},"end":{"line":14,"column":1}},"15":{"start":{"line":16,"column":0},"end":{"line":16,"column":70}},"16":{"start":{"line":17,"column":0},"end":{"line":17,"column":40}},"17":{"start":{"line":18,"column":0},"end":{"line":18,"column":87}},"18":{"start":{"line":19,"column":0},"end":{"line":19,"column":14}},"19":{"start":{"line":20,"column":0},"end":{"line":20,"column":1}},"28":{"start":{"line":29,"column":0},"end":{"line":29,"column":50}},"29":{"start":{"line":30,"column":0},"end":{"line":30,"column":74}},"30":{"start":{"line":31,"column":0},"end":{"line":31,"column":33}},"31":{"start":{"line":32,"column":0},"end":{"line":32,"column":58}},"32":{"start":{"line":33,"column":0},"end":{"line":33,"column":60}},"33":{"start":{"line":34,"column":0},"end":{"line":34,"column":40}},"34":{"start":{"line":35,"column":0},"end":{"line":35,"column":37}},"35":{"start":{"line":36,"column":0},"end":{"line":36,"column":43}},"36":{"start":{"line":37,"column":0},"end":{"line":37,"column":5}},"37":{"start":{"line":38,"column":0},"end":{"line":38,"column":3}},"38":{"start":{"line":39,"column":0},"end":{"line":39,"column":72}},"39":{"start":{"line":40,"column":0},"end":{"line":40,"column":14}},"40":{"start":{"line":41,"column":0},"end":{"line":41,"column":1}},"46":{"start":{"line":47,"column":0},"end":{"line":47,"column":99}},"47":{"start":{"line":48,"column":0},"end":{"line":48,"column":32}},"48":{"start":{"line":49,"column":0},"end":{"line":49,"column":37}},"50":{"start":{"line":51,"column":0},"end":{"line":51,"column":39}},"51":{"start":{"line":52,"column":0},"end":{"line":52,"column":46}},"52":{"start":{"line":53,"column":0},"end":{"line":53,"column":68}},"53":{"start":{"line":54,"column":0},"end":{"line":54,"column":64}},"54":{"start":{"line":55,"column":0},"end":{"line":55,"column":50}},"55":{"start":{"line":56,"column":0},"end":{"line":56,"column":74}},"56":{"start":{"line":57,"column":0},"end":{"line":57,"column":28}},"57":{"start":{"line":58,"column":0},"end":{"line":58,"column":34}},"58":{"start":{"line":59,"column":0},"end":{"line":59,"column":23}},"59":{"start":{"line":60,"column":0},"end":{"line":60,"column":39}},"60":{"start":{"line":61,"column":0},"end":{"line":61,"column":26}},"61":{"start":{"line":62,"column":0},"end":{"line":62,"column":32}},"62":{"start":{"line":63,"column":0},"end":{"line":63,"column":44}},"63":{"start":{"line":64,"column":0},"end":{"line":64,"column":20}},"65":{"start":{"line":66,"column":0},"end":{"line":66,"column":34}},"66":{"start":{"line":67,"column":0},"end":{"line":67,"column":29}},"67":{"start":{"line":68,"column":0},"end":{"line":68,"column":19}},"68":{"start":{"line":69,"column":0},"end":{"line":69,"column":26}},"69":{"start":{"line":70,"column":0},"end":{"line":70,"column":32}},"70":{"start":{"line":71,"column":0},"end":{"line":71,"column":28}},"71":{"start":{"line":72,"column":0},"end":{"line":72,"column":27}},"72":{"start":{"line":73,"column":0},"end":{"line":73,"column":36}},"73":{"start":{"line":74,"column":0},"end":{"line":74,"column":23}},"74":{"start":{"line":75,"column":0},"end":{"line":75,"column":65}},"75":{"s
[...]
,"/Users/dmitri/dev/agent-skills-lint/src/rules/skill.ts": {"path":"/Users/dmitri/dev/agent-skills-lint/src/rules/skill.ts","all":false,"statementMap":{"1":{"start":{"line":2,"column":0},"end":{"line":2,"column":44}},"4":{"start":{"line":5,"column":0},"end":{"line":5,"column":48}},"6":{"start":{"line":7,"column":0},"end":{"line":7,"column":45}},"7":{"start":{"line":8,"column":0},"end":{"line":8,"column":33}},"8":{"start":{"line":9,"column":0},"end":{"line":9,"column":21}},"9":{"start":{"line":10,"column":0},"end":{"line":10,"column":27}},"10":{"start":{"line":11,"column":0},"end":{"line":11,"column":29}},"11":{"start":{"line":12,"column":0},"end":{"line":12,"column":32}},"12":{"start":{"line":13,"column":0},"end":{"line":13,"column":22}},"13":{"start":{"line":14,"column":0},"end":{"line":14,"column":14}},"14":{"start":{"line":15,"column":0},"end":{"line":15,"column":19}},"15":{"start":{"line":16,"column":0},"end":{"line":16,"column":79}},"16":{"start":{"line":17,"column":0},"end":{"line":17,"column":9}},"17":{"start":{"line":18,"column":0},"end":{"line":18,"column":13}},"18":{"start":{"line":19,"column":0},"end":{"line":19,"column":5}},"19":{"start":{"line":20,"column":0},"end":{"line":20,"column":24}},"22":{"start":{"line":23,"column":0},"end":{"line":23,"column":14}},"23":{"start":{"line":24,"column":0},"end":{"line":24,"column":19}},"24":{"start":{"line":25,"column":0},"end":{"line":25,"column":67}},"25":{"start":{"line":26,"column":0},"end":{"line":26,"column":34}},"26":{"start":{"line":27,"column":0},"end":{"line":27,"column":9}},"27":{"start":{"line":28,"column":0},"end":{"line":28,"column":13}},"28":{"start":{"line":29,"column":0},"end":{"line":29,"column":5}},"29":{"start":{"line":30,"column":0},"end":{"line":30,"column":57}},"30":{"start":{"line":31,"column":0},"end":{"line":31,"column":33}},"31":{"start":{"line":32,"column":0},"end":{"line":32,"column":50}},"32":{"start":{"line":33,"column":0},"end":{"line":33,"column":92}},"33":{"start":{"line":34,"column":0},"end":{"line":34,"column":68}},"34":{"start":{"line":35,"column":0},"end":{"line":35,"column":16}},"35":{"start":{"line":36,"column":0},"end":{"line":36,"column":21}},"36":{"start":{"line":37,"column":0},"end":{"line":37,"column":77}},"37":{"start":{"line":38,"column":0},"end":{"line":38,"column":36}},"38":{"start":{"line":39,"column":0},"end":{"line":39,"column":11}},"39":{"start":{"line":40,"column":0},"end":{"line":40,"column":7}},"40":{"start":{"line":41,"column":0},"end":{"line":41,"column":5}},"41":{"start":{"line":42,"column":0},"end":{"line":42,"column":48}},"42":{"start":{"line":43,"column":0},"end":{"line":43,"column":74}},"43":{"start":{"line":44,"column":0},"end":{"line":44,"column":14}},"44":{"start":{"line":45,"column":0},"end":{"line":45,"column":19}},"45":{"start":{"line":46,"column":0},"end":{"line":46,"column":85}},"46":{"start":{"line":47,"column":0},"end":{"line":47,"column":46}},"47":{"start":{"line":48,"column":0},"end":{"line":48,"column":9}},"48":{"start":{"line":49,"column":0},"end":{"line":49,"column":5}},"49":{"start":{"line":50,"column":0},"end":{"line":50,"column":4}},"50":{"start":{"line":51,"column":0},"end":{"line":51,"column":2}},"52":{"start":{"line":53,"column":0},"end":{"line":53,"column":38}},"53":{"start":{"line":54,"column":0},"end":{"line":54,"column":26}},"54":{"start":{"line":55,"column":0},"end":{"line":55,"column":21}},"55":{"start":{"line":56,"column":0},"end":{"line":56,"column":27}},"56":{"start":{"line":57,"column":0},"end":{"line":57,"column":29}},"57":{"start":{"line":58,"column":0},"end":{"line":58,"column":37}},"58":{"start":{"line":59,"column":0},"end":{"line":59,"column":91}},"59":{"start":{"line":60,"column":0},"end":{"line":60,"column":47}},"60":{"start":{"line":61,"column":0},"end":{"line":61,"column":27}},"61":{"start":{"line":62,"column":0},"end":{"line":62,"column":14}},"62":{"start":{"line":63,"column":0},"end":{"line":63,"column":26}},"63":{"start":{"line":64,"column":0},"end":{"line":64,"column":57}},"64":{"start":{"line":65,"column":0},"end":{"line":65,"column":14}},"65":{"start":{"line":66,"column":0},"end":{"line":66,"column":9}},"66":{"start":{"line":67,"column":0},"end":{"line":67,"column":5}},"67":{"start":{"line":68,"column":0},"end":{"line":68,"column":35}},"68":{"start":{"line":69,"column":0},"end":{"line":69,"column":14}},"69":{"start":{"line":70,"column":0},"end":{"line":70,"column":26}},"70":{"start":{"line":71,"column":0},"end":{"line":71,"column":16}},"71":{"start":{"line":72,"column":0},"end":{"line":72,"column":97}},"73":{"start":{"line":74,"column":0},"end":{"line":74,"column":14}},"74":{"start":{"line":75,"column":0},"end":{"line":75,"column":9}},"75":{"start":{"line":76,"column":0},"end":{"line":76,"column":5}},"76":{"start":{"line":77,"column":0},"end":{"line":77,"column":34}},"77":{"start":{"line":78,"column":0},"end":{"line":78,"column":14}},"78":{"start":{"line":79,"column":0},"end":{"line":79,"column":26}},"79":{"start":{"line":80,"column":0},"end":{"line":80,"column":94}},"80":{"start":{"line":81,"column":0},"end":{"line":81,"column":14}},"81":{"start":{"line":82,"column":0},"end":{"line":82,"column":9}},"82":{"start":{"line":83,"column":0},"end":{"line":83,"column":5}},"83":{"start":{"line":84,"column":0},"end":{"line":84,"column":4}},"84":{"start":{"line":85,"column":0},"end":{"line":85,"column":2}},"86":{"start":{"line":87,"column":0},"end":{"line":87,"column":45}},"87":{"start":{"line":88,"column":0},"end":{"line":88,"column":33}},"88":{"start":{"line":89,"column":0},"end":{"line":89,"column":21}},"89":{"start":{"line":90,"column":0},"end":{"line":90,"column":27}},"90":{"start":{"line":91,"column":0},"end":{"line":91,"column":37}},"91":{"start":{"line":92,"column":0},"end":{"line":92,"column":51}},"92":{"start":{"line":93,"column":0},"end":{"line":93,"column":83}},"93":{"start":{"line":94,"column":0},"end":{"line":94,"column":41}},"94":{"start":{"line":95,"column":0},"end":{"line":95,"column":46}},"95":{"start":{"line":96,"column":0},"end":{"line":96,"column":69}},"97":{"start":{"line":98,"column":0},"end":{"line":98,"column":27}},"98":{"start":{"line":99,"column":0},"end":{"line":99,"column":29}},"99":{"start":{"line":100,"column":0},"end":{"line":100,"column":49}},"100":{"start":{"line":101,"column":0},"end":{"line":101,"column":60}},"101":{"start":{"line":102,"column":0},"end":{"line":102,"column":43}},"102":{"start":{"line":103,"column":0},"end":{"line":103,"column":41}},"103":{"start":{"line":104,"column":0},"end":{"line":104,"column":5}},"104":{"start":{"line":105,"column":0},"end":{"line":105,"column":87}},"105":{"start":{"line":106,"column":0},"end":{"line":106,"column":21}},"106":{"start":{"line":107,"column":0},"end":{"line":107,"column":14}},"107":{"start":{"line":108,"column":0},"end":{"line":108,"column":26}},"108":{"start":{"line":109,"column":0},"end":{"line":109,"column":59}},"109":{"start":{"line":110,"column":0},"end":{"line":110,"column":51}},"110":{"start":{"line":111,"column":0},"end":{"line":111,"column":9}},"111":{"start":{"line":112,"column":0},"end":{"line":112,"column":5}},"112":{"start":{"line":113,"column":0},"end":{"line":113,"column":4}},"113":{"start":{"line":114,"column":0},"end":{"line":114,"column":2}},"115":{"start":{"line":116,"column":0},"end":{"line":116,"column":36}},"116":{"start":{"line":117,"column":0},"end":{"line":117,"column":24}},"117":{"start":{"line":118,"column":0},"end":{"line":118,"column":21}},"118":{"start":{"line":119,"column":0},"end":{"line":119,"column":26}},"119":{"start":{"line":120,"column":0},"end":{"line":120,"column":37}},"120":{"start":{"line":121,"column":0},"end":{"line":121,"column":50}},"121":{"start":{"line":122,"column":0},"end":{"line":122,"column":34}},"122":{"start":{"line":123,"column":0},"end":{"line":123,"column":14}},"123":{"start":{"line":124,"column":0},"end":{"line":124,"column":26}},"124":{"start":{"line":125,"column":0},"end":{"line":125,"column":16}},"125":{"start":{"line":126,"column":0},"end":{"line":126,"column":81}},"127":{"start":{"line":128,"column":0},"end":{"line":128,"column":9}},"128":{"start":{"line":129,"column":0},"end":{"line":129,"column":5}},"129":{"start":{"line":130,"column":0},"end":{"line":130,"column":4}},"130":{"start":{"line":131,"column":0},"end":{"line":131,"column":2}},"132":{"start":{"line":133,"column":0},"end":{"line":133,"column":100}}},"s":{"1":1,"4":1,"6":1,"7":1,"8":1,"9":1,"10":1,"11":93,"12":93,"13":2,"14":2,"15":2,"16":2,"17":2,"18":2,"19":93,"22":4,"23":4,"24":4,"25":4,"26":4,"27":4,"28":4,"29":93,"30":174,"31":174,"32":1,"33":174,"34":2,"35":2,"36":2,"37":2,"38":2,"39":2,"40":174,"41":87,"42":93,"43":1,"44":1,"45":1,"46":1,"47":1,"48":1,"49":93,"50":1,"52":1,"53":1,"54":1,"55":1,"56":1,"57":93,"58":93,"59":88,"60":93,"61":1,"62":1,"63":1,"64":1,"65":1,"66":1,"67":93,"68":1,"69":1,"70":1,"71":1,"73":1,"74":1,"75":1,"76":93,"77":1,"78":1,"79":1,"80":1,"81":1,"82":1,"83":93,"84":1,"86":1,"87":1,"88":1,"89":1,"90":1,"91":94,"92":94,"93":86,"94":86,"95":86,"97":86,"98":86,"99":86,"100":94,"101":4,"102":4,"103":4,"104":94,"105":94,"106":11,"107":11,"108":11,"109":11,"110":11,"111":11,"112":94,"113":1,"115":1,"116":1,"117":1,"118":1,"119":1,"120":93,"121":93,"122":8,"123":8,"124":8,"125":8,"127":8,"128":8,"129":93,"130":1,"132":1},"branchMap":{"0":{"type":"branch","line":11,"loc":{"start":{"line":11,"column":2},"end":{"line":50,"column":4}},"locations":[{"start":{"line":11,"column":2},"end":{"line":50,"column":4}}]},"1":{"type":"branch","line":13,"loc":{"start":{"line":13,"column":21},"end":{"line":19,"column":5}},"locations":[{"start":{"line":13,"column":21},"end":{"line":19,"column":5}}]},"2":{"type":"branch","line":19,"loc":{"start":{"line":19,"column":4},"end":{"line":20,"column":23}},"locations":[{"start":{"line":19,"column":4},"end":{"line":20,"column":23}}]},"3":{"type":"branch","line":20,"loc":{"start":{"line":20,"column":23},"end":{"line":29,"column":5}},"locations":[{"start":{"line":20,"column":23},"end":{"line":29,"column":5}}]},"4":{"type":"branch","line":29,"loc":{"start":{"line":29,"column":4},"end":{"line":30,"column":56}},"locations":[{"start":{"line":29,"column":4},"end":{"line":30,"column":56}}]},"5":{"type":"branch","line":30,"loc":{"start":{"line":30,"column":56},"end":{"line":41,"column":5}},"locations":[{"start":{"line":30,"column":56},"end":{"line":41,"column":5}}]},"6":{"type":"branch","line":32,"loc":{"start":{"line":32,"column":20},"end":{"line":32,"column":49}},"locations":[{"start":{"line":32,"column":20},"end":{"line":32,"column":49}}]},"7":{"type":"branch","line":32,"loc":{"start":{"line":32,"column":49},"end":{"line":34,"column":17}},"locations":[{"start":{"line":32,"column":49},"end":{"line":34,"column":17}}]},"8":{"type":"branch","line":34,"loc":{"start":{"line":34,"column":6},"end":{"line":40,"column":7}},"locations":[{"start":{"line":34,"column":6},"end":{"line":40,"column":7}}]},"9":{"type":"branch","line":34,"loc":{"start":{"line":34,"column":34},"end":{"line":34,"column":67}},"locations":[{"start":{"line":34,"column":34},"end":{"line":34,"column":67}}]},"10":{"type":"branch","line":34,"loc":{"start":{"line":34,"column":67},"end":{"line":40,"column":7}},"locations":[{"start":{"line":34,"column":67},"end":{"line":40,"column":7}}]},"11":{"type":"branch","line":41,"loc":{"start":{"line":41,"column":4},"end":{"line":43,"column":45}},"locations":[{"start":{"line":41,"column":4},"end":{"line":43,"column":45}}]},"12":{"type":"branch","line":43,"loc":{"start":{"line":43,"column":33},"end":{"line":43,"column":73}},"locations":[{"start":{"line":43,"column":33},"end":{"line":43,"column":73}}]},"13":{"type":"branch","line":43,"loc":{"start":{"line":43,"column":73},"end":{"line":49,"column":5}},"locations":[{"start":{"line":43,"column":73},"end":{"line":49,"column":5}}]},"14":{"type":"branch","line":57,"loc":{"start":{"line":57,"column":2},"end":{"line":84,"column":4}},"locations":[{"start":{"line":57,"column":2},"end":{"line":84,"column":4}}]},"15":{"type":"branch","line":59,"loc":{"start":{"line":59,"column":24},"end":{"line":59,"column":49}},"locations":[{"start":{"line":59,"column":24},"end":{"line":59,"column":49}}]},"16":{"type":"branch","line":59,"loc":{"start":{"line":59,"column":49},"end":{"line":59,"column":91}},"locations":[{"start":{"line":59,"column":49},"end":{"line":59,"column":91}}]},"17":{"type":"branch","line":59,"loc":{"start":{"line":59,"column":49},"end":{"line":61,"column":26}},"locations":[{"start":{"line":59,"column":49},"end":{"line":61,"column":26}}]},"18":{"type":"branch","line":61,"loc":{"start":{"line":61,"column":26},"end":{"line":67,"column":5}},"locations":[{"start":{"line":61,"column":26},"end":{"line":67,"column":5}}]},"19":{"type":"branch","line":67,"loc":{"start":{"line":67,"column":4},"end":{"line":68,"column":34}},"locations":[{"start":{"line":67,"column":4},"end":{"line":68,"column":34}}]},"20":{"type":"branch","line":68,"loc":{"start":{"line":68,"column":34},"end":{"line":76,"column":5}},"locations":[{"start":{"line":68,"column":34},"end":{"line":76,"column":5}}]},"21":{"type":"branch","line":76,"loc":{"start":{"line":76,"column":4},"end":{"line":77,"column":33}},"locations":[{"start":{"line":76,"column":4},"end":{"line":77,"column":33}}]},"22":{"type":"branch","line":77,"loc":{"start":{"line":77,"column":33},"end":{"line":83,"column":5}},"locations":[{"start":{"line":77,"column":33},"end":{"line":83,"column":5}}]},"23":{"type":"branch","line":91,"loc":{"start":{"line":91,"column":2},"end":{"line":113,"column":4}},"locations":[{"start":{"line":91,"column":2},"end":{"line":113,"column":4}}]},"24":{"type":"branch","line":93,"loc":{"start":{"line":93,"column":41},"end":{"line":93,"column":83}},"locations":[{"start":{"line":93,"column":41},"end":{"line":93,"column":83}}]},"25":{"type":"branch","line":93,"loc":{"start":{"line":93,"column":41},"end":{"line":101,"column":28}},"locations":[{"start":{"line":93,"column":41},"end":{"line":101,"column":28}}]},"26":{"type":"branch","line":101,"loc":{"start":{"line":101,"column":8},"end":{"line":101,"column":59}},"locations":[{"start":{"line":101,"column":8},"end":{"line":101,"column":59}}]},"27":{"type":"branch","line":101,"loc":{"start":{"line":101,"column":59},"end":{"line":104,"column":5}},"locations":[{"start":{"line":101,"column":59},"end":{"line":104,"column":5}}]},"28":{"type":"branch","line":104,"loc":{"start":{"line":104,"column":4},"end":{"line":105,"column":36}},"locations":[{"start":{"line":104,"column":4},"end":{"line":105,"column":36}}]},"29":{"type":"branch","line":105,"loc":{"start":{"line":105,"column":26},"end":{"line":105,"column":70}},"locations":[{"start":{"line":105,"column":26},"end":{"line":105,"column":70}}]},"30":{"type":"branch","line":105,"loc":{"start":{"line":105,"column":66},"end":{"line":105,"column":87}},"locations":[{"start":{"line":105,"column":66},"end":{"line":105,"column":87}}]},"31":{"type":"branch","line":106,"loc":{"start":{"line":106,"column":20},"end":{"line":112,"column":5}},"locations":[{"start":{"line":106,"column":20},"end":{"line":112,"column":5}}]},"32":{"type":"branch","line":120,"loc":{"start":{"line":120,"column":2},"end":{"line":130,"column":4}},"locations":[{"start":{"line":120,"column":2},"end":{"line":130,"column":4}}]},"33":{"type":"branch","line":122,"loc":{"start":{"line":122,"column":33},"end":{"line":129,"column":5}},"locations":[{"start":{"line":122,"column":33},"end":{"line":129,"column":5}}]}},"b":{"0":[93],"1":[2],"2":[91],"3":[4],"4":[87],"5":[174],"6":[173],"7":[1],"8":[173],"9":[171],"10":[2],"11":[87],"12":[15],"13":[1],"14":[93],"15":[88],"16":[5],"17":[88],"18":[1],"19":[88],"20":[1],"21":[88],"22":[1],"23":[94],"24":[8],"25":[86],"26":[16],"27":[4],"28":[86],"29":[1],"30":[85],"31":[11],"32":[93],"33":[8]},"fnMap":{"0":{"name":"check","decl":{"start":{"line":11,"column":2},"end":{"line":50,"column":4}},"loc":{"start":{"line":11,"column":2},"end":{"line":50,"column":4}},"line":11},"1":{"name":"check","decl":{"start":{"line":57,"column":2},"end":{"line":84,"column":4}},"loc":{"start":{"line":57,"column":2},"end":{"line":84,"column":4}},"line":57},"2":{"name":"check","decl":{"start":{"line":91,"column":2},"end":{"line":113,"column":4}},"loc":{"start":{"line":91,"column":2},"end":{"line":113,"column":4}},"line":91},"3":{"name":"check","decl":{"start":{"line":120,"column":2},"end":{"line":130,"column":4}},"loc":{"start":{"line":120,"column":2},"end":{"line":130,"column":4}},"line":120}},"f":{"0":93,"1":93,"2":94,"3":93}}
,"/Users/dmitri/dev/agent-skills-lint/src/rules/types.ts": {"path":"/Users/dmitri/dev/agent-skills-lint/src/rules/types.ts","all":false,"statementMap":{"31":{"start":{"line":32,"column":0},"end":{"line":32,"column":93}},"32":{"start":{"line":33,"column":0},"end":{"line":33,"column":24}},"33":{"start":{"line":34,"column":0},"end":{"line":34,"column":46}},"34":{"start":{"line":35,"column":0},"end":{"line":35,"column":1}},"36":{"start":{"line":37,"column":0},"end":{"line":37,"column":93}},"37":{"start":{"line":38,"column":0},"end":{"line":38,"column":24}},"38":{"start":{"line":39,"column":0},"end":{"line":39,"column":46}},"39":{"start":{"line":40,"column":0},"end":{"line":40,"column":1}},"41":{"start":{"line":42,"column":0},"end":{"line":42,"column":96}},"42":{"start":{"line":43,"column":0},"end":{"line":43,"column":24}},"43":{"start":{"line":44,"column":0},"end":{"line":44,"column":47}},"44":{"start":{"line":45,"column":0},"end":{"line":45,"column":1}}},"s":{"31":1,"32":221,"33":221,"34":221,"36":1,"37":87,"38":87,"39":87,"41":1,"42":87,"43":87,"44":87},"branchMap":{"0":{"type":"branch","line":32,"loc":{"start":{"line":32,"column":7},"end":{"line":35,"column":1}},"locations":[{"start":{"line":32,"column":7},"end":{"line":35,"column":1}}]},"1":{"type":"branch","line":34,"loc":{"start":{"line":34,"column":22},"end":{"line":34,"column":37}},"locations":[{"start":{"line":34,"column":22},"end":{"line":34,"column":37}}]},"2":{"type":"branch","line":34,"loc":{"start":{"line":34,"column":33},"end":{"line":34,"column":46}},"locations":[{"start":{"line":34,"column":33},"end":{"line":34,"column":46}}]},"3":{"type":"branch","line":37,"loc":{"start":{"line":37,"column":7},"end":{"line":40,"column":1}},"locations":[{"start":{"line":37,"column":7},"end":{"line":40,"column":1}}]},"4":{"type":"branch","line":39,"loc":{"start":{"line":39,"column":22},"end":{"line":39,"column":37}},"locations":[{"start":{"line":39,"column":22},"end":{"line":39,"column":37}}]},"5":{"type":"branch","line":39,"loc":{"start":{"line":39,"column":33},"end":{"line":39,"column":46}},"locations":[{"start":{"line":39,"column":33},"end":{"line":39,"column":46}}]},"6":{"type":"branch","line":42,"loc":{"start":{"line":42,"column":7},"end":{"line":45,"column":1}},"locations":[{"start":{"line":42,"column":7},"end":{"line":45,"column":1}}]},"7":{"type":"branch","line":44,"loc":{"start":{"line":44,"column":22},"end":{"line":44,"column":38}},"locations":[{"start":{"line":44,"column":22},"end":{"line":44,"column":38}}]},"8":{"type":"branch","line":44,"loc":{"start":{"line":44,"column":34},"end":{"line":44,"column":47}},"locations":[{"start":{"line":44,"column":34},"end":{"line":44,"column":47}}]}},"b":{"0":[221],"1":[220],"2":[1],"3":[87],"4":[86],"5":[1],"6":[87],"7":[16],"8":[71]},"fnMap":{"0":{"name":"num","decl":{"start":{"line":32,"column":7},"end":{"line":35,"column":1}},"loc":{"start":{"line":32,"column":7},"end":{"line":35,"column":1}},"line":32},"1":{"name":"str","decl":{"start":{"line":37,"column":7},"end":{"line":40,"column":1}},"loc":{"start":{"line":37,"column":7},"end":{"line":40,"column":1}},"line":37},"2":{"name":"bool","decl":{"start":{"line":42,"column":7},"end":{"line":45,"column":1}},"loc":{"start":{"line":42,"column":7},"end":{"line":45,"column":1}},"line":42}},"f":{"0":221,"1":87,"2":87}}
}
