{"/Users/dmitri/dev/agent-skills-lint/src/cli.ts": {"path":"/Users/dmitri/dev/agent-skills-lint/src/cli.ts","all":false,"statementMap":{"0":{"start":{"line":1,"column":0},"end":{"line":1,"column":33}},"2":{"start":{"line":3,"column":0},"end":{"line":3,"column":5}},"3":{"start":{"line":4,"column":0},"end":{"line":4,"column":49}},"4":{"start":{"line":5,"column":0},"end":{"line":5,"column":15}},"5":{"start":{"line":6,"column":0},"end":{"line":6,"column":64}},"6":{"start":{"line":7,"column":0},"end":{"line":7,"column":23}},"7":{"start":{"line":8,"column":0},"end":{"line":8,"column":1}}},"s":{"0":1,"2":1,"3":1,"4":1,"5":1,"6":1,"7":1},"branchMap":{"0":{"type":"branch","line":5,"loc":{"start":{"line":5,"column":0},"end":{"line":8,"column":1}},"locations":[{"start":{"line":5,"column":0},"end":{"line":8,"column":1}}]}},"b":{"0":[1]},"fnMap":{},"f":{}}
,"/Users/dmitri/dev/agent-skills-lint/src/diagnostic.ts": {"path":"/Users/dmitri/dev/agent-skills-lint/src/diagnostic.ts","all":false,"statementMap":{"23":{"start":{"line":24,"column":0},"end":{"line":24,"column":74}},"24":{"start":{"line":25,"column":0},"end":{"line":25,"column":57}},"25":{"start":{"line":26,"column":0},"end":{"line":26,"column":38}},"26":{"start":{"line":27,"column":0},"end":{"line":27,"column":38}},"27":{"start":{"line":28,"column":0},"end":{"line":28,"column":32}},"28":{"start":{"line":29,"column":0},"end":{"line":29,"column":72}},"29":{"start":{"line":30,"column":0},"end":{"line":30,"column":56}},"30":{"start":{"line":31,"column":0},"end":{"line":31,"column":1}}},"s":{"23":1,"24":32,"25":32,"26":32,"27":32,"28":31,"29":32,"30":32},"branchMap":{"0":{"type":"branch","line":24,"loc":{"start":{"line":24,"column":7},"end":{"line":31,"column":1}},"locations":[{"start":{"line":24,"column":7},"end":{"line":31,"column":1}}]},"1":{"type":"branch","line":25,"loc":{"start":{"line":25,"column":25},"end":{"line":25,"column":57}},"locations":[{"start":{"line":25,"column":25},"end":{"line":25,"column":57}}]},"2":{"type":"branch","line":25,"loc":{"start":{"line":25,"column":43},"end":{"line":25,"column":55}},"locations":[{"start":{"line":25,"column":43},"end":{"line":25,"column":55}}]},"3":{"type":"branch","line":25,"loc":{"start":{"line":25,"column":50},"end":{"line":25,"column":57}},"locations":[{"start":{"line":25,"column":50},"end":{"line":25,"column":57}}]},"4":{"type":"branch","line":25,"loc":{"start":{"line":25,"column":55},"end":{"line":26,"column":22}},"locations":[{"start":{"line":25,"column":55},"end":{"line":26,"column":22}}]},"5":{"type":"branch","line":26,"loc":{"start":{"line":26,"column":15},"end":{"line":26,"column":28}},"locations":[{"start":{"line":26,"column":15},"end":{"line":26,"column":28}}]},"6":{"type":"branch","line":26,"loc":{"start":{"line":26,"column":28},"end":{"line":26,"column":38}},"locations":[{"start":{"line":26,"column":28},"end":{"line":26,"column":38}}]},"7":{"type":"branch","line":27,"loc":{"start":{"line":27,"column":15},"end":{"line":27,"column":28}},"locations":[{"start":{"line":27,"column":15},"end":{"line":27,"column":28}}]},"8":{"type":"branch","line":27,"loc":{"start":{"line":27,"column":28},"end":{"line":27,"column":38}},"locations":[{"start":{"line":27,"column":28},"end":{"line":27,"column":38}}]},"9":{"type":"branch","line":28,"loc":{"start":{"line":28,"column":17},"end":{"line":28,"column":32}},"locations":[{"start":{"line":28,"column":17},"end":{"line":28,"column":32}}]},"10":{"type":"branch","line":28,"loc":{"start":{"line":28,"column":29},"end":{"line":29,"column":72}},"locations":[{"start":{"line":28,"column":29},"end":{"line":29,"column":72}}]},"11":{"type":"branch","line":28,"loc":{"start":{"line":28,"column":29},"end":{"line":29,"column":40}},"locations":[{"start":{"line":28,"column":29},"end":{"line":29,"column":40}}]},"12":{"type":"branch","line":29,"loc":{"start":{"line":29,"column":33},"end":{"line":29,"column":72}},"locations":[{"start":{"line":29,"column":33},"end":{"line":29,"column":72}}]},"13":{"type":"branch","line":29,"loc":{"start":{"line":29,"column":55},"end":{"line":29,"column":70}},"locations":[{"start":{"line":29,"column":55},"end":{"line":29,"column":70}}]},"14":{"type":"branch","line":29,"loc":{"start":{"line":29,"column":65},"end":{"line":29,"column":72}},"locations":[{"start":{"line":29,"column":65},"end":{"line":29,"column":72}}]},"15":{"type":"branch","line":29,"loc":{"start":{"line":29,"column":70},"end":{"line":30,"column":32}},"locations":[{"start":{"line":29,"column":70},"end":{"line":30,"column":32}}]},"16":{"type":"branch","line":29,"loc":{"start":{"line":29,"column":70},"end":{"line":30,"column":27}},"locations":[{"start":{"line":29,"column":70},"end":{"line":30,"column":27}}]},"17":{"type":"branch","line":30,"loc":{"start":{"line":30,"column":20},"end":{"line":30,"column":32}},"locations":[{"start":{"line":30,"column":20},"end":{"line":30,"column":32}}]},"18":{"type":"branch","line":30,"loc":{"start":{"line":30,"column":27},"end":{"line":30,"column":56}},"locations":[{"start":{"line":30,"column":27},"end":{"line":30,"column":56}}]},"19":{"type":"branch","line":30,"loc":{"start":{"line":30,"column":43},"end":{"line":30,"column":54}},"locations":[{"start":{"line":30,"column":43},"end":{"line":30,"column":54}}]},"20":{"type":"branch","line":30,"loc":{"start":{"line":30,"column":50},"end":{"line":30,"column":56}},"locations":[{"start":{"line":30,"column":50},"end":{"line":30,"column":56}}]}},"b":{"0":[32],"1":[8],"2":[4],"3":[4],"4":[24],"5":[2],"6":[22],"7":[2],"8":[22],"9":[2],"10":[31],"11":[22],"12":[7],"13":[1],"14":[6],"15":[30],"16":[15],"17":[2],"18":[13],"19":[1],"20":[12]},"fnMap":{"0":{"name":"compareDiagnostics","decl":{"start":{"line":24,"column":7},"end":{"line":31,"column":1}},"loc":{"start":{"line":24,"column":7},"end":{"line":31,"column":1}},"line":24}},"f":{"0":32}}
,"/Users/dmitri/dev/agent-skills-lint/src/main.ts": {"path":"/Users/dmitri/dev/agent-skills-lint/src/main.ts","all":false,"statementMap":{"0":{"start":{"line":1,"column":0},"end":{"line":1,"column":39}},"1":{"start":{"line":2,"column":0},"end":{"line":2,"column":33}},"2":{"start":{"line":3,"column":0},"end":{"line":3,"column":38}},"4":{"start":{"line":5,"column":0},"end":{"line":5,"column":76}},"5":{"start":{"line":6,"column":0},"end":{"line":6,"column":51}},"6":{"start":{"line":7,"column":0},"end":{"line":7,"column":38}},"7":{"start":{"line":8,"column":0},"end":{"line":8,"column":53}},"8":{"start":{"line":9,"column":0},"end":{"line":9,"column":49}},"9":{"start":{"line":10,"column":0},"end":{"line":10,"column":51}},"10":{"start":{"line":11,"column":0},"end":{"line":11,"column":49}},"12":{"start":{"line":13,"column":0},"end":{"line":13,"column":24}},"14":{"start":{"line":15,"column":0},"end":{"line":15,"column":83}},"38":{"start":{"line":39,"column":0},"end":{"line":39,"column":31}},"39":{"start":{"line":40,"column":0},"end":{"line":40,"column":7}},"40":{"start":{"line":41,"column":0},"end":{"line":41,"column":98}},"41":{"start":{"line":42,"column":0},"end":{"line":42,"column":11}},"42":{"start":{"line":43,"column":0},"end":{"line":43,"column":14}},"43":{"start":{"line":44,"column":0},"end":{"line":44,"column":3}},"44":{"start":{"line":45,"column":0},"end":{"line":45,"column":1}},"47":{"start":{"line":48,"column":0},"end":{"line":48,"column":77}},"48":{"start":{"line":49,"column":0},"end":{"line":49,"column":31}},"49":{"start":{"line":50,"column":0},"end":{"line":50,"column":40}},"50":{"start":{"line":51,"column":0},"end":{"line":51,"column":74}},"51":{"start":{"line":52,"column":0},"end":{"line":52,"column":4}},"52":{"start":{"line":53,"column":0},"end":{"line":53,"column":71}},"53":{"start":{"line":54,"column":0},"end":{"line":54,"column":98}},"54":{"start":{"line":55,"column":0},"end":{"line":55,"column":91}},"55":{"start":{"line":56,"column":0},"end":{"line":56,"column":87}},"56":{"start":{"line":57,"column":0},"end":{"line":57,"column":17}},"57":{"start":{"line":58,"column":0},"end":{"line":58,"column":1}},"59":{"start":{"line":60,"column":0},"end":{"line":60,"column":46}},"60":{"start":{"line":61,"column":0},"end":{"line":61,"column":45}},"61":{"start":{"line":62,"column":0},"end":{"line":62,"column":15}},"62":{"start":{"line":63,"column":0},"end":{"line":63,"column":27}},"63":{"start":{"line":64,"column":0},"end":{"line":64,"column":14}},"64":{"start":{"line":65,"column":0},"end":{"line":65,"column":50}},"65":{"start":{"line":66,"column":0},"end":{"line":66,"column":50}},"66":{"start":{"line":67,"column":0},"end":{"line":67,"column":52}},"67":{"start":{"line":68,"column":0},"end":{"line":68,"column":50}},"68":{"start":{"line":69,"column":0},"end":{"line":69,"column":51}},"69":{"start":{"line":70,"column":0},"end":{"line":70,"column":48}},"70":{"start":{"line":71,"column":0},"end":{"line":71,"column":6}},"71":{"start":{"line":72,"column":0},"end":{"line":72,"column":5}},"73":{"start":{"line":74,"column":0},"end":{"line":74,"column":20}},"74":{"start":{"line":75,"column":0},"end":{"line":75,"column":22}},"75":{"start":{"line":76,"column":0},"end":{"line":76,"column":13}},"76":{"start":{"line":77,"column":0},"end":{"line":77,"column":3}},"77":{"start":{"line":78,"column":0},"end":{"line":78,"column":23}},"78":{"start":{"line":79,"column":0},"end":{"line":79,"column":25}},"79":{"start":{"line":80,"column":0},"end":{"line":80,"column":13}},"80":{"start":{"line":81,"column":0},"end":{"line":81,"column":3}},"82":{"start":{"line":83,"column":0},"end":{"line":83,"column":30}},"83":{"start":{"line":84,"column":0},"end":{"line":84,"column":61}},"84":{"start":{"line":85,"column":0},"end":{"line":85,"column":57}},"86":{"start":{"line":87,"column":0},"end":{"line":87,"column":84}},"87":{"start":{"line":88,"column":0},"end":{"line":88,"column":30}},"88":{"start":{"line":89,"column":0},"end":{"line":89,"column":33}},"89":{"start":{"line":90,"column":0},"end":{"line":90,"column":47}},"91":{"start":{"line":92,"column":0},"end":{"line":92,"column":63}},"92":{"start":{"line":93,"column":0},"end":{"line":93,"column":59}},"94":{"start":{"line":95,"column":0},"end":{"line":95,"column":47}},"95":{"start":{"line":96,"column":0},"end":{"line":96,"column":64}},"96":{"start":{"line":97,"column":0},"end":{"line":97,"column":22}},"97":{"start":{"line":98,"column":0},"end":{"line":98,"column":34}},"98":{"start":{"line":99,"column":0},"end":{"line":99,"column":83}},"99":{"start":{"line":100,"column":0},"end":{"line":100,"column":6}},"100":{"start":{"line":101,"column":0},"end":{"line":101,"column":3}},"102":{"start":{"line":103,"column":0},"end":{"line":103,"column":16}},"103":{"start":{"line":104,"column":0},"end":{"line":104,"column":97}},"104":{"start":{"line":105,"column":0},"end":{"line":105,"column":26}},"105":{"start":{"line":106,"column":0},"end":{"line":106,"column":53}},"106":{"start":{"line":107,"column":0},"end":{"line":107,"column":34}},"107":{"start":{"line":108,"column":0},"end":{"line":108,"column":51}},"108":{"start":{"line":109,"column":0},"end":{"line":109,"column":35}},"109":{"start":{"line":110,"column":0},"end":{"line":110,"column":55}},"110":{"start":{"line":111,"column":0},"end":{"line":111,"column":33}},"111":{"start":{"line":112,"column":0},"end":{"line":112,"column":53}},"112":{"start":{"line":113,"column":0},"end":{"line":113,"column":10}},"113":{"start":{"line":114,"column":0},"end":{"line":114,"column":90}},"114":{"start":{"line":115,"column":0},"end":{"line":115,"column":13}},"115":{"start":{"line":116,"column":0},"end":{"line":116,"column":3}},"117":{"start":{"line":118,"column":0},"end":{"line":118,"column":65}},"118":{"start":{"line":119,"column":0},"end":{"line":119,"column":1}}},"s":{"0":1,"1":1,"2":1,"4":1,"5":1,"6":1,"7":1,"8":1,"9":1,"10":1,"12":1,"14":1,"38":49,"39":49,"40":49,"41":49,"42":47,"43":47,"44":49,"47":25,"48":25,"49":25,"50":26,"51":25,"52":25,"53":25,"54":25,"55":25,"56":25,"57":25,"59":1,"60":52,"61":52,"62":52,"63":52,"64":52,"65":52,"66":52,"67":52,"68":52,"69":52,"70":52,"71":52,"73":52,"74":1,"75":1,"76":1,"77":52,"78":2,"79":2,"80":2,"82":49,"83":52,"84":52,"86":52,"87":52,"88":20,"89":25,"91":52,"92":52,"94":52,"95":52,"96":52,"97":2,"98":2,"99":2,"100":2,"102":44,"103":52,"104":52,"105":4,"106":52,"107":2,"108":40,"109":3,"110":38,"111":34,"112":35,"113":1,"114":1,"115":1,"117":52,"118":52},"branchMap":{"0":{"type":"branch","line":39,"loc":{"start":{"line":39,"column":0},"end":{"line":45,"column":1}},"locations":[{"start":{"line":39,"column":0},"end":{"line":45,"column":1}}]},"1":{"type":"branch","line":42,"loc":{"start":{"line":42,"column":2},"end":{"line":44,"column":3}},"locations":[{"start":{"line":42,"column":2},"end":{"line":44,"column":3}}]},"2":{"type":"branch","line":48,"loc":{"start":{"line":48,"column":0},"end":{"line":58,"column":1}},"locations":[{"start":{"line":48,"column":0},"end":{"line":58,"column":1}}]},"3":{"type":"branch","line":55,"loc":{"start":{"line":55,"column":6},"end":{"line":55,"column":68}},"locations":[{"start":{"line":55,"column":6},"end":{"line":55,"column":68}}]},"4":{"type":"branch","line":55,"loc":{"start":{"line":55,"column":68},"end":{"line":55,"column":91}},"locations":[{"start":{"line":55,"column":68},"end":{"line":55,"column":91}}]},"5":{"type":"branch","line":56,"loc":{"start":{"line":56,"column":65},"end":{"line":56,"column":87}},"locations":[{"start":{"line":56,"column":65},"end":{"line":56,"column":87}}]},"6":{"type":"branch","line":50,"loc":{"start":{"line":50,"column":34},"end":{"line":51,"column":74}},"locations":[{"start":{"line":50,"column":34},"end":{"line":51,"column":74}}]},"7":{"type":"branch","line":51,"loc":{"start":{"line":51,"column":15},"end":{"line":51,"column":32}},"locations":[{"start":{"line":51,"column":15},"end":{"line":51,"column":32}}]},"8":{"type":"branch","line":51,"loc":{"start":{"line":51,"column":28},"end":{"line":51,"column":74}},"locations":[{"start":{"line":51,"column":28},"end":{"line":51,"column":74}}]},"9":{"type":"branch","line":51,"loc":{"start":{"line":51,"column":43},"end":{"line":51,"column":71}},"locations":[{"start":{"line":51,"column":43},"end":{"line":51,"column":71}}]},"10":{"type":"branch","line":51,"loc":{"start":{"line":51,"column":61},"end":{"line":51,"column":74}},"locations":[{"start":{"line":51,"column":61},"end":{"line":51,"column":74}}]},"11":{"type":"branch","line":53,"loc":{"start":{"line":53,"column":38},"end":{"line":53,"column":69}},"locations":[{"start":{"line":53,"column":38},"end":{"line":53,"column":69}}]},"12":{"type":"branch","line":54,"loc":{"start":{"line":54,"column":36},"end":{"line":54,"column":96}},"locations":[{"start":{"line":54,"column":36},"end":{"line":54,"column":96}}]},"13":{"type":"branch","line":54,"loc":{"start":{"line":54,"column":54},"end":{"line":54,"column":96}},"locations":[{"start":{"line":54,"column":54},"end":{"line":54,"column":96}}]},"14":{"type":"branch","line":55,"loc":{"start":{"line":55,"column":37},"end":{"line":55,"column":65}},"locations":[{"start":{"line":55,"column":37},"end":{"line":55,"column":65}}]},"15":{"type":"branch","line":56,"loc":{"start":{"line":56,"column":35},"end":{"line":56,"column":62}},"locations":[{"start":{"line":56,"column":35},"end":{"line":56,"column":62}}]},"16":{"type":"branch","line":60,"loc":{"start":{"line":60,"column":7},"end":{"line":119,"column":1}},"locations":[{"start":{"line":60,"column":7},"end":{"line":119,"column":1}}]},"17":{"type":"branch","line":74,"loc":{"start":{"line":74,"column":19},"end":{"line":77,"column":3}},"locations":[{"start":{"line":74,"column":19},"end":{"line":77,"column":3}}]},"18":{"type":"branch","line":77,"loc":{"start":{"line":77,"column":2},"end":{"line":78,"column":22}},"locations":[{"start":{"line":77,"column":2},"end":{"line":78,"column":22}}]},"19":{"type":"branch","line":78,"loc":{"start":{"line":78,"column":22},"end":{"line":81,"column":3}},"locations":[{"start":{"line":78,"column":22},"end":{"line":81,"column":3}}]},"20":{"type":"branch","line":81,"loc":{"start":{"line":81,"column":2},"end":{"line":84,"column":41}},"locations":[{"start":{"line":81,"column":2},"end":{"line":84,"column":41}}]},"21":{"type":"branch","line":84,"loc":{"start":{"line":84,"column":37},"end":{"line":84,"column":55}},"locations":[{"start":{"line":84,"column":37},"end":{"line":84,"column":55}}]},"22":{"type":"branch","line":84,"loc":{"start":{"line":84,"column":41},"end":{"line":84,"column":61}},"locations":[{"start":{"line":84,"column":41},"end":{"line":84,"column":61}}]},"23":{"type":"branch","line":87,"loc":{"start":{"line":87,"column":27},"end":{"line":87,"column":44}},"locations":[{"start":{"line":87,"column":27},"end":{"line":87,"column":44}}]},"24":{"type":"branch","line":87,"loc":{"start":{"line":87,"column":63},"end":{"line":87,"column":84}},"locations":[{"start":{"line":87,"column":63},"end":{"line":87,"column":84}}]},"25":{"type":"branch","line":88,"loc":{"start":{"line":88,"column":21},"end":{"line":89,"column":33}},"locations":[{"start":{"line":88,"column":21},"end":{"line":89,"column":33}}]},"26":{"type":"branch","line":89,"loc":{"start":{"line":89,"column":32},"end":{"line":90,"column":47}},"locations":[{"start":{"line":89,"column":32},"end":{"line":90,"column":47}}]},"27":{"type":"branch","line":92,"loc":{"start":{"line":92,"column":26},"end":{"line":92,"column":63}},"locations":[{"start":{"line":92,"column":26},"end":{"line":92,"column":63}}]},"28":{"type":"branch","line":95,"loc":{"start":{"line":95,"column":33},"end":{"line":95,"column":45}},"locations":[{"start":{"line":95,"column":33},"end":{"line":95,"column":45}}]},"29":{"type":"branch","line":97,"loc":{"start":{"line":97,"column":21},"end":{"line":101,"column":3}},"locations":[{"start":{"line":97,"column":21},"end":{"line":101,"column":3}}]},"30":{"type":"branch","line":101,"loc":{"start":{"line":101,"column":2},"end":{"line":104,"column":32}},"locations":[{"start":{"line":101,"column":2},"end":{"line":104,"column":32}}]},"31":{"type":"branch","line":104,"loc":{"start":{"line":104,"column":22},"end":{"line":104,"column":72}},"locations":[{"start":{"line":104,"column":22},"end":{"line":104,"column":72}}]},"32":{"type":"branch","line":104,"loc":{"start":{"line":104,"column":63},"end":{"line":104,"column":88}},"locations":[{"start":{"line":104,"column":63},"end":{"line":104,"column":88}}]},"33":{"type":"branch","line":104,"loc":{"start":{"line":104,"column":79},"end":{"line":104,"column":97}},"locations":[{"start":{"line":104,"column":79},"end":{"line":104,"column":97}}]},"34":{"type":"branch","line":105,"loc":{"start":{"line":105,"column":25},"end":{"line":107,"column":13}},"locations":[{"start":{"line":105,"column":25},"end":{"line":107,"column":13}}]},"35":{"type":"branch","line":107,"loc":{"start":{"line":107,"column":2},"end":{"line":116,"column":3}},"locations":[{"start":{"line":107,"column":2},"end":{"line":116,"column":3}}]},"36":{"type":"branch","line":107,"loc":{"start":{"line":107,"column":33},"end":{"line":109,"column":13}},"locations":[{"start":{"line":107,"column":33},"end":{"line":109,"column":13}}]},"37":{"type":"branch","line":109,"loc":{"start":{"line":109,"column":2},"end":{"line":116,"column":3}},"locations":[{"start":{"line":109,"column":2},"end":{"line":116,"column":3}}]},"38":{"type":"branch","line":109,"loc":{"start":{"line":109,"column":34},"end":{"line":111,"column":13}},"locations":[{"start":{"line":109,"column":34},"end":{"line":111,"column":13}}]},"39":{"type":"branch","line":111,"loc":{"start":{"line":111,"column":2},"end":{"line":116,"column":3}},"locations":[{"start":{"line":111,"column":2},"end":{"line":116,"column":3}}]},"40":{"type":"branch","line":111,"loc":{"start":{"line":111,"column":32},"end":{"line":113,"column":9}},"locations":[{"start":{"line":111,"column":32},"end":{"line":113,"column":9}}]},"41":{"type":"branch","line":113,"loc":{"start":{"line":113,"column":2},"end":{"line":116,"column":3}},"locations":[{"start":{"line":113,"column":2},"end":{"line":116,"column":3}}]},"42":{"type":"branch","line":116,"loc":{"start":{"line":116,"column":2},"end":{"line":118,"column":59}},"locations":[{"start":{"line":116,"column":2},"end":{"line":118,"column":59}}]},"43":{"type":"branch","line":118,"loc":{"start":{"line":118,"column":55},"end":{"line":118,"column":63}},"locations":[{"start":{"line":118,"column":55},"end":{"line":118,"column":63}}]},"44":{"type":"branch","line":118,"loc":{"start":{"line":118,"column":59},"end":{"line":118,"column":65}},"locations":[{"start":{"line":118,"column":59},"end":{"line":118,"column":65}}]},"45":{"type":"branch","line":85,"loc":{"start":{"line":85,"column":32},"end":{"line":85,"column":55}},"locations":[{"start":{"line":85,"column":32},"end":{"line":85,"column":55}}]},"46":{"type":"branch","line":87,"loc":{"start":{"line":87,"column":44},"end":{"line":87,"column":63}},"locations":[{"start":{"line":87,"column":44},"end":{"line":87,"column":63}}]},"47":{"type":"branch","line":96,"loc":{"start":{"line":96,"column":35},"end":{"line":96,"column":62}},"locations":[{"start":{"line":96,"column":35},"end":{"line":96,"column":62}}]},"48":{"type":"branch","line":99,"loc":{"start":{"line":99,"column":6},"end":{"line":99,"column":83}},"locations":[{"start":{"line":99,"column":6},"end":{"line":99,"column":83}}]},"49":{"type":"branch","line":99,"loc":{"start":{"line":99,"column":41},"end":{"line":99,"column":80}},"locations":[{"start":{"line":99,"column":41},"end":{"line":99,"column":80}}]},"50":{"type":"branch","line":99,"loc":{"start":{"line":99,"column":76},"end":{"line":99,"column":83}},"locations":[{"start":{"line":99,"column":76},"end":{"line":99,"column":83}}]},"51":{"type":"branch","line":118,"loc":{"start":{"line":118,"column":26},"end":{"line":118,"column":55}},"locations":[{"start":{"line":118,"column":26},"end":{"line":118,"column":55}}]}},"b":{"0":[49],"1":[47],"2":[25],"3":[24],"4":[2],"5":[1],"6":[26],"7":[7],"8":[19],"9":[1],"10":[18],"11":[26],"12":[26],"13":[8],"14":[7],"15":[8],"16":[52],"17":[1],"18":[51],"19":[2],"20":[49],"21":[46],"22":[3],"23":[19],"24":[26],"25":[20],"26":[25],"27":[42],"28":[42],"29":[2],"30":[44],"31":[35],"32":[43],"33":[1],"34":[4],"35":[40],"36":[2],"37":[38],"38":[3],"39":[35],"40":[34],"41":[1],"42":[43],"43":[25],"44":[18],"45":[50],"46":[20],"47":[53],"48":[4],"49":[2],"50":[2],"51":[34]},"fnMap":{"0":{"name":"loadConfig","decl":{"start":{"line":39,"column":0},"end":{"line":45,"column":1}},"loc":{"start":{"line":39,"column":0},"end":{"line":45,"column":1}},"line":39},"1":{"name":"detectVendors","decl":{"start":{"line":48,"column":0},"end":{"line":58,"column":1}},"loc":{"start":{"line":48,"column":0},"end":{"line":58,"column":1}},"line":48},"2":{"name":"main","decl":{"start":{"line":60,"column":7},"end":{"line":119,"column":1}},"loc":{"start":{"line":60,"column":7},"end":{"line":119,"column":1}},"line":60}},"f":{"0":49,"1":25,"2":52}}
,"/Users/dmitri/dev/agent-skills-lint/src/dialects/registry.ts": {"path":"/Users/dmitri/dev/agent-skills-lint/src/dialects/registry.ts","all":false,"statementMap":{"0":{"start":{"line":1,"column":0},"end":{"line":1,"column":56}},"1":{"start":{"line":2,"column":0},"end":{"line":2,"column":45}},"2":{"start":{"line":3,"column":0},"end":{"line":3,"column":60}},"3":{"start":{"line":4,"column":0},"end":{"line":4,"column":57}},"6":{"start":{"line":7,"column":0},"end":{"line":7,"column":43}},"7":{"start":{"line":8,"column":0},"end":{"line":8,"column":85}},"8":{"start":{"line":9,"column":0},"end":{"line":9,"column":24}},"9":{"start":{"line":10,"column":0},"end":{"line":10,"column":1}},"16":{"start":{"line":17,"column":0},"end":{"line":17,"column":43}},"17":{"start":{"line":18,"column":0},"end":{"line":18,"column":37}},"18":{"start":{"line":19,"column":0},"end":{"line":19,"column":43}},"19":{"start":{"line":20,"column":0},"end":{"line":20,"column":34}},"20":{"start":{"line":21,"column":0},"end":{"line":21,"column":41}},"21":{"start":{"line":22,"column":0},"end":{"line":22,"column":27}},"22":{"start":{"line":23,"column":0},"end":{"line":23,"column":53}},"23":{"start":{"line":24,"column":0},"end":{"line":24,"column":24}},"24":{"start":{"line":25,"column":0},"end":{"line":25,"column":2}},"31":{"start":{"line":32,"column":0},"end":{"line":32,"column":61}},"32":{"start":{"line":33,"column":0},"end":{"line":33,"column":27}},"33":{"start":{"line":34,"column":0},"end":{"line":34,"column":29}},"34":{"start":{"line":35,"column":0},"end":{"line":35,"column":45}},"35":{"start":{"line":36,"column":0},"end":{"line":36,"column":32}},"36":{"start":{"line":37,"column":0},"end":{"line":37,"column":26}},"37":{"start":{"line":38,"column":0},"end":{"line":38,"column":82}},"38":{"start":{"line":39,"column":0},"end":{"line":39,"column":73}},"39":{"start":{"line":40,"column":0},"end":{"line":40,"column":7}},"40":{"start":{"line":41,"column":0},"end":{"line":41,"column":42}},"41":{"start":{"line":42,"column":0},"end":{"line":42,"column":5}},"42":{"start":{"line":43,"column":0},"end":{"line":43,"column":3}},"43":{"start":{"line":44,"column":0},"end":{"line":44,"column":13}},"44":{"start":{"line":45,"column":0},"end":{"line":45,"column":1}},"47":{"start":{"line":48,"column":0},"end":{"line":48,"column":34}},"48":{"start":{"line":49,"column":0},"end":{"line":49,"column":33}},"49":{"start":{"line":50,"column":0},"end":{"line":50,"column":39}},"50":{"start":{"line":51,"column":0},"end":{"line":51,"column":29}},"51":{"start":{"line":52,"column":0},"end":{"line":52,"column":54}},"52":{"start":{"line":53,"column":0},"end":{"line":53,"column":60}},"53":{"start":{"line":54,"column":0},"end":{"line":54,"column":28}},"54":{"start":{"line":55,"column":0},"end":{"line":55,"column":27}},"55":{"start":{"line":56,"column":0},"end":{"line":56,"column":12}},"56":{"start":{"line":57,"column":0},"end":{"line":57,"column":55}},"57":{"start":{"line":58,"column":0},"end":{"line":58,"column":5}},"58":{"start":{"line":59,"column":0},"end":{"line":59,"column":3}},"59":{"start":{"line":60,"column":0},"end":{"line":60,"column":15}},"60":{"start":{"line":61,"column":0},"end":{"line":61,"column":1}},"62":{"start":{"line":63,"column":0},"end":{"line":63,"column":61}},"63":{"start":{"line":64,"column":0},"end":{"line":64,"column":27}},"64":{"start":{"line":65,"column":0},"end":{"line":65,"column":60}},"65":{"start":{"line":66,"column":0},"end":{"line":66,"column":68}},"66":{"start":{"line":67,"column":0},"end":{"line":67,"column":59}},"67":{"start":{"line":68,"column":0},"end":{"line":68,"column":1}},"69":{"start":{"line":70,"column":0},"end":{"line":70,"column":68}},"71":{"start":{"line":72,"column":0},"end":{"line":72,"column":48}},"72":{"start":{"line":73,"column":0},"end":{"line":73,"column":1}}},"s":{"0":1,"1":1,"2":1,"3":1,"6":1,"7":1,"8":32,"9":32,"16":1,"17":1,"18":1,"19":1,"20":1,"21":1,"22":1,"23":1,"24":1,"31":1,"32":69,"33":69,"34":83,"35":83,"36":135,"37":1,"38":1,"39":1,"40":134,"41":135,"42":82,"43":68,"44":68,"47":1,"48":158,"49":158,"50":158,"51":158,"52":158,"53":596,"54":1,"55":596,"56":595,"57":595,"58":596,"59":158,"60":158,"62":1,"63":158,"64":158,"65":158,"66":158,"67":158,"69":1,"71":26,"72":26},"branchMap":{"0":{"type":"branch","line":8,"loc":{"start":{"line":8,"column":84},"end":{"line":10,"column":1}},"locations":[{"start":{"line":8,"column":84},"end":{"line":10,"column":1}}]},"1":{"type":"branch","line":32,"loc":{"start":{"line":32,"column":7},"end":{"line":45,"column":1}},"locations":[{"start":{"line":32,"column":7},"end":{"line":45,"column":1}}]},"2":{"type":"branch","line":34,"loc":{"start":{"line":34,"column":28},"end":{"line":43,"column":3}},"locations":[{"start":{"line":34,"column":28},"end":{"line":43,"column":3}}]},"3":{"type":"branch","line":35,"loc":{"start":{"line":35,"column":33},"end":{"line":35,"column":45}},"locations":[{"start":{"line":35,"column":33},"end":{"line":35,"column":45}}]},"4":{"type":"branch","line":36,"loc":{"start":{"line":36,"column":31},"end":{"line":42,"column":5}},"locations":[{"start":{"line":36,"column":31},"end":{"line":42,"column":5}}]},"5":{"type":"branch","line":37,"loc":{"start":{"line":37,"column":25},"end":{"line":40,"column":7}},"locations":[{"start":{"line":37,"column":25},"end":{"line":40,"column":7}}]},"6":{"type":"branch","line":40,"loc":{"start":{"line":40,"column":6},"end":{"line":41,"column":42}},"locations":[{"start":{"line":40,"column":6},"end":{"line":41,"column":42}}]},"7":{"type":"branch","line":41,"loc":{"start":{"line":41,"column":29},"end":{"line":41,"column":42}},"locations":[{"start":{"line":41,"column":29},"end":{"line":41,"column":42}}]},"8":{"type":"branch","line":42,"loc":{"start":{"line":42,"column":4},"end":{"line":43,"column":3}},"locations":[{"start":{"line":42,"column":4},"end":{"line":43,"column":3}}]},"9":{"type":"branch","line":43,"loc":{"start":{"line":43,"column":2},"end":{"line":45,"column":1}},"locations":[{"start":{"line":43,"column":2},"end":{"line":45,"column":1}}]},"10":{"type":"branch","line":48,"loc":{"start":{"line":48,"column":7},"end":{"line":61,"column":1}},"locations":[{"start":{"line":48,"column":7},"end":{"line":61,"column":1}}]},"11":{"type":"branch","line":53,"loc":{"start":{"line":53,"column":59},"end":{"line":59,"column":3}},"locations":[{"start":{"line":53,"column":59},"end":{"line":59,"column":3}}]},"12":{"type":"branch","line":54,"loc":{"start":{"line":54,"column":27},"end":{"line":56,"column":11}},"locations":[{"start":{"line":54,"column":27},"end":{"line":56,"column":11}}]},"13":{"type":"branch","line":56,"loc":{"start":{"line":56,"column":4},"end":{"line":58,"column":5}},"locations":[{"start":{"line":56,"column":4},"end":{"line":58,"column":5}}]},"14":{"type":"branch","line":63,"loc":{"start":{"line":63,"column":7},"end":{"line":68,"column":1}},"locations":[{"start":{"line":63,"column":7},"end":{"line":68,"column":1}}]},"15":{"type":"branch","line":65,"loc":{"start":{"line":65,"column":12},"end":{"line":65,"column":60}},"locations":[{"start":{"line":65,"column":12},"end":{"line":65,"column":60}}]},"16":{"type":"branch","line":65,"loc":{"start":{"line":65,"column":58},"end":{"line":66,"column":29}},"locations":[{"start":{"line":65,"column":58},"end":{"line":66,"column":29}}]},"17":{"type":"branch","line":66,"loc":{"start":{"line":66,"column":19},"end":{"line":66,"column":65}},"locations":[{"start":{"line":66,"column":19},"end":{"line":66,"column":65}}]},"18":{"type":"branch","line":66,"loc":{"start":{"line":66,"column":57},"end":{"line":66,"column":68}},"locations":[{"start":{"line":66,"column":57},"end":{"line":66,"column":68}}]},"19":{"type":"branch","line":70,"loc":{"start":{"line":70,"column":7},"end":{"line":73,"column":1}},"locations":[{"start":{"line":70,"column":7},"end":{"line":73,"column":1}}]}},"b":{"0":[32],"1":[69],"2":[83],"3":[2],"4":[135],"5":[1],"6":[134],"7":[132],"8":[82],"9":[68],"10":[158],"11":[596],"12":[1],"13":[595],"14":[158],"15":[1],"16":[157],"17":[31],"18":[126],"19":[26]},"fnMap":{"0":{"name":"resolveSelection","decl":{"start":{"line":32,"column":7},"end":{"line":45,"column":1}},"loc":{"start":{"line":32,"column":7},"end":{"line":45,"column":1}},"line":32},"1":{"name":"applyRuleSettings","decl":{"start":{"line":48,"column":7},"end":{"line":61,"column":1}},"loc":{"start":{"line":48,"column":7},"end":{"line":61,"column":1}},"line":48},"2":{"name":"resolveDialect","decl":{"start":{"line":63,"column":7},"end":{"line":68,"column":1}},"loc":{"start":{"line":63,"column":7},"end":{"line":68,"column":1}},"line":63},"3":{"name":"defaultSelection","decl":{"start":{"line":70,"column":7},"end":{"line":73,"column":1}},"loc":{"start":{"line":70,"column":7},"end":{"line":73,"column":1}},"line":70}},"f":{"0":69,"1":158,"2":158,"3":26}}
,"/Users/dmitri/dev/agent-skills-lint/src/dialects/types.ts": {"path":"/Users/dmitri/dev/agent-skills-lint/src/dialects/types.ts","all":false,"statementMap":{"15":{"start":{"line":16,"column":0},"end":{"line":16,"column":60}},"16":{"start":{"line":17,"column":0},"end":{"line":17,"column":13}},"17":{"start":{"line":18,"column":0},"end":{"line":18,"column":1}}},"s":{"15":1,"16":32,"17":32},"branchMap":{"0":{"type":"branch","line":16,"loc":{"start":{"line":16,"column":7},"end":{"line":18,"column":1}},"locations":[{"start":{"line":16,"column":7},"end":{"line":18,"column":1}}]}},"b":{"0":[32]},"fnMap":{"0":{"name":"defineDialect","decl":{"start":{"line":16,"column":7},"end":{"line":18,"column":1}},"loc":{"start":{"line":16,"column":7},"end":{"line":18,"column":1}},"line":16}},"f":{"0":32}}
,"/Users/dmitri/dev/agent-skills-lint/src/dialects/claude-code/2026-09.ts": {"path":"/Users/dmitri/dev/agent-skills-lint/src/dialects/claude-code/2026-09.ts","all":false,"statementMap":{"0":{"start":{"line":1,"column":0},"end":{"line":1,"column":44}},"8":{"start":{"line":9,"column":0},"end":{"line":9,"column":30}},"9":{"start":{"line":10,"column":0},"end":{"line":10,"column":28}},"10":{"start":{"line":11,"column":0},"end":{"line":11,"column":31}},"11":{"start":{"line":12,"column":0},"end":{"line":12,"column":9}},"12":{"start":{"line":13,"column":0},"end":{"line":13,"column":54}},"13":{"start":{"line":14,"column":0},"end":{"line":14,"column":115}},"14":{"start":{"line":15,"column":0},"end":{"line":15,"column":4}},"15":{"start":{"line":16,"column":0},"end":{"line":16,"column":10}},"16":{"start":{"line":17,"column":0},"end":{"line":17,"column":33}},"17":{"start":{"line":18,"column":0},"end":{"line":18,"column":23}},"18":{"start":{"line":19,"column":0},"end":{"line":19,"column":16}},"19":{"start":{"line":20,"column":0},"end":{"line":20,"column":29}},"20":{"start":{"line":21,"column":0},"end":{"line":21,"column":6}},"21":{"start":{"line":22,"column":0},"end":{"line":22,"column":52}},"22":{"start":{"line":23,"column":0},"end":{"line":23,"column":55}},"23":{"start":{"line":24,"column":0},"end":{"line":24,"column":55}},"24":{"start":{"line":25,"column":0},"end":{"line":25,"column":4}},"25":{"start":{"line":26,"column":0},"end":{"line":26,"column":3}}},"s":{"0":1,"8":1,"9":1,"10":1,"11":1,"12":1,"13":1,"14":1,"15":1,"16":1,"17":1,"18":1,"19":1,"20":1,"21":1,"22":1,"23":1,"24":1,"25":1},"branchMap":{},"b":{},"fnMap":{},"f":{}}
,"/Users/dmitri/dev/agent-skills-lint/src/dialects/codex/2026-09.ts": {"path":"/Users/dmitri/dev/agent-skills-lint/src/dialects/codex/2026-09.ts","all":false,"statementMap":{"0":{"start":{"line":1,"column":0},"end":{"line":1,"column":44}},"13":{"start":{"line":14,"column":0},"end":{"line":14,"column":30}},"14":{"start":{"line":15,"column":0},"end":{"line":15,"column":22}},"15":{"start":{"line":16,"column":0},"end":{"line":16,"column":31}},"16":{"start":{"line":17,"column":0},"end":{"line":17,"column":9}},"17":{"start":{"line":18,"column":0},"end":{"line":18,"column":90}},"18":{"start":{"line":19,"column":0},"end":{"line":19,"column":4}},"19":{"start":{"line":20,"column":0},"end":{"line":20,"column":10}},"20":{"start":{"line":21,"column":0},"end":{"line":21,"column":82}},"21":{"start":{"line":22,"column":0},"end":{"line":22,"column":68}},"22":{"start":{"line":23,"column":0},"end":{"line":23,"column":64}},"23":{"start":{"line":24,"column":0},"end":{"line":24,"column":66}},"24":{"start":{"line":25,"column":0},"end":{"line":25,"column":78}},"25":{"start":{"line":26,"column":0},"end":{"line":26,"column":4}},"26":{"start":{"line":27,"column":0},"end":{"line":27,"column":3}}},"s":{"0":1,"13":1,"14":1,"15":1,"16":1,"17":1,"18":1,"19":1,"20":1,"21":1,"22":1,"23":1,"24":1,"25":1,"26":1},"branchMap":{},"b":{},"fnMap":{},"f":{}}
,"/Users/dmitri/dev/agent-skills-lint/src/dialects/spec/agent-plugins-1.0.0.ts": {"path":"/Users/dmitri/dev/agent-skills-lint/src/dialects/spec/agent-plugins-1.0.0.ts","all":false,"statementMap":{"0":{"start":{"line":1,"column":0},"end":{"line":1,"column":44}},"7":{"start":{"line":8,"column":0},"end":{"line":8,"column":30}},"8":{"start":{"line":9,"column":0},"end":{"line":9,"column":28}},"9":{"start":{"line":10,"column":0},"end":{"line":10,"column":9}},"10":{"start":{"line":11,"column":0},"end":{"line":11,"column":41}},"11":{"start":{"line":12,"column":0},"end":{"line":12,"column":47}},"12":{"start":{"line":13,"column":0},"end":{"line":13,"column":4}},"13":{"start":{"line":14,"column":0},"end":{"line":14,"column":10}},"14":{"start":{"line":15,"column":0},"end":{"line":15,"column":54}},"15":{"start":{"line":16,"column":0},"end":{"line":16,"column":52}},"16":{"start":{"line":17,"column":0},"end":{"line":17,"column":52}},"17":{"start":{"line":18,"column":0},"end":{"line":18,"column":4}},"18":{"start":{"line":19,"column":0},"end":{"line":19,"column":3}}},"s":{"0":1,"7":1,"8":1,"9":1,"10":1,"11":1,"12":1,"13":1,"14":1,"15":1,"16":1,"17":1,"18":1},"branchMap":{},"b":{},"fnMap":{},"f":{}}
,"/Users/dmitri/dev/agent-skills-lint/src/dialects/spec/agentskills-1.0.0.ts": {"path":"/Users/dmitri/dev/agent-skills-lint/src/dialects/spec/agentskills-1.0.0.ts","all":false,"statementMap":{"0":{"start":{"line":1,"column":0},"end":{"line":1,"column":44}},"6":{"start":{"line":7,"column":0},"end":{"line":7,"column":30}},"7":{"start":{"line":8,"column":0},"end":{"line":8,"column":26}},"8":{"start":{"line":9,"column":0},"end":{"line":9,"column":9}},"9":{"start":{"line":10,"column":0},"end":{"line":10,"column":51}},"10":{"start":{"line":11,"column":0},"end":{"line":11,"column":4}},"11":{"start":{"line":12,"column":0},"end":{"line":12,"column":10}},"12":{"start":{"line":13,"column":0},"end":{"line":13,"column":54}},"13":{"start":{"line":14,"column":0},"end":{"line":14,"column":47}},"14":{"start":{"line":15,"column":0},"end":{"line":15,"column":80}},"15":{"start":{"line":16,"column":0},"end":{"line":16,"column":78}},"16":{"start":{"line":17,"column":0},"end":{"line":17,"column":4}},"17":{"start":{"line":18,"column":0},"end":{"line":18,"column":3}}},"s":{"0":1,"6":1,"7":1,"8":1,"9":1,"10":1,"11":1,"12":1,"13":1,"14":1,"15":1,"16":1,"17":1},"branchMap":{},"b":{},"fnMap":{},"f":{}}
,"/Users/dmitri/dev/agent-skills-lint/src/engine/detect.ts": {"path":"/Users/dmitri/dev/agent-skills-lint/src/engine/detect.ts","all":false,"statementMap":{"0":{"start":{"line":1,"column":0},"end":{"line":1,"column":48}},"1":{"start":{"line":2,"column":0},"end":{"line":2,"column":61}},"3":{"start":{"line":4,"column":0},"end":{"line":4,"column":84}},"5":{"start":{"line":6,"column":0},"end":{"line":6,"column":62}},"6":{"start":{"line":7,"column":0},"end":{"line":7,"column":7}},"7":{"start":{"line":8,"column":0},"end":{"line":8,"column":30}},"8":{"start":{"line":9,"column":0},"end":{"line":9,"column":60}},"9":{"start":{"line":10,"column":0},"end":{"line":10,"column":11}},"10":{"start":{"line":11,"column":0},"end":{"line":11,"column":17}},"11":{"start":{"line":12,"column":0},"end":{"line":12,"column":3}},"12":{"start":{"line":13,"column":0},"end":{"line":13,"column":1}},"14":{"start":{"line":15,"column":0},"end":{"line":15,"column":53}},"15":{"start":{"line":16,"column":0},"end":{"line":16,"column":10}},"16":{"start":{"line":17,"column":0},"end":{"line":17,"column":47}},"17":{"start":{"line":18,"column":0},"end":{"line":18,"column":65}},"18":{"start":{"line":19,"column":0},"end":{"line":19,"column":61}},"20":{"start":{"line":21,"column":0},"end":{"line":21,"column":1}},"22":{"start":{"line":23,"column":0},"end":{"line":23,"column":56}},"23":{"start":{"line":24,"column":0},"end":{"line":24,"column":82}},"24":{"start":{"line":25,"column":0},"end":{"line":25,"column":21}},"25":{"start":{"line":26,"column":0},"end":{"line":26,"column":66}},"26":{"start":{"line":27,"column":0},"end":{"line":27,"column":37}},"27":{"start":{"line":28,"column":0},"end":{"line":28,"column":39}},"28":{"start":{"line":29,"column":0},"end":{"line":29,"column":60}},"30":{"start":{"line":31,"column":0},"end":{"line":31,"column":66}},"31":{"start":{"line":32,"column":0},"end":{"line":32,"column":42}},"32":{"start":{"line":33,"column":0},"end":{"line":33,"column":68}},"33":{"start":{"line":34,"column":0},"end":{"line":34,"column":7}},"34":{"start":{"line":35,"column":0},"end":{"line":35,"column":5}},"35":{"start":{"line":36,"column":0},"end":{"line":36,"column":3}},"36":{"start":{"line":37,"column":0},"end":{"line":37,"column":50}},"37":{"start":{"line":38,"column":0},"end":{"line":38,"column":10}},"38":{"start":{"line":39,"column":0},"end":{"line":39,"column":24}},"39":{"start":{"line":40,"column":0},"end":{"line":40,"column":9}},"40":{"start":{"line":41,"column":0},"end":{"line":41,"column":13}},"41":{"start":{"line":42,"column":0},"end":{"line":42,"column":12}},"42":{"start":{"line":43,"column":0},"end":{"line":43,"column":66}},"43":{"start":{"line":44,"column":0},"end":{"line":44,"column":4}},"44":{"start":{"line":45,"column":0},"end":{"line":45,"column":1}},"53":{"start":{"line":54,"column":0},"end":{"line":54,"column":60}},"54":{"start":{"line":55,"column":0},"end":{"line":55,"column":34}},"56":{"start":{"line":57,"column":0},"end":{"line":57,"column":29}},"57":{"start":{"line":58,"column":0},"end":{"line":58,"column":73}},"58":{"start":{"line":59,"column":0},"end":{"line":59,"column":92}},"59":{"start":{"line":60,"column":0},"end":{"line":60,"column":3}},"60":{"start":{"line":61,"column":0},"end":{"line":61,"column":29}},"61":{"start":{"line":62,"column":0},"end":{"line":62,"column":52}},"62":{"start":{"line":63,"column":0},"end":{"line":63,"column":3}},"64":{"start":{"line":65,"column":0},"end":{"line":65,"column":71}},"67":{"start":{"line":68,"column":0},"end":{"line":68,"column":73}},"68":{"start":{"line":69,"column":0},"end":{"line":69,"column":35}},"69":{"start":{"line":70,"column":0},"end":{"line":70,"column":3}},"70":{"start":{"line":71,"column":0},"end":{"line":71,"column":74}},"71":{"start":{"line":72,"column":0},"end":{"line":72,"column":30}},"72":{"start":{"line":73,"column":0},"end":{"line":73,"column":3}},"74":{"start":{"line":75,"column":0},"end":{"line":75,"column":35}},"75":{"start":{"line":76,"column":0},"end":{"line":76,"column":67}},"76":{"start":{"line":77,"column":0},"end":{"line":77,"column":39}},"77":{"start":{"line":78,"column":0},"end":{"line":78,"column":70}},"78":{"start":{"line":79,"column":0},"end":{"line":79,"column":39}},"79":{"start":{"line":80,"column":0},"end":{"line":80,"column":5}},"80":{"start":{"line":81,"column":0},"end":{"line":81,"column":3}},"81":{"start":{"line":82,"column":0},"end":{"line":82,"column":49}},"83":{"start":{"line":84,"column":0},"end":{"line":84,"column":18}},"84":{"start":{"line":85,"column":0},"end":{"line":85,"column":109}},"85":{"start":{"line":86,"column":0},"end":{"line":86,"column":4}},"86":{"start":{"line":87,"column":0},"end":{"line":87,"column":1}}},"s":{"0":1,"1":1,"3":1,"5":318,"6":318,"7":318,"8":318,"9":318,"10":103,"11":103,"12":318,"14":27,"15":27,"16":27,"17":11,"18":9,"20":27,"22":9,"23":9,"24":9,"25":9,"26":9,"27":7,"28":12,"30":12,"31":8,"32":8,"33":8,"34":12,"35":7,"36":9,"37":9,"38":9,"39":9,"40":9,"41":9,"42":9,"43":9,"44":9,"53":1,"54":71,"56":71,"57":2,"58":1,"59":1,"60":71,"61":2,"62":2,"64":71,"67":64,"68":9,"69":9,"70":71,"71":23,"72":23,"74":4,"75":50,"76":7,"77":7,"78":4,"79":4,"80":7,"81":50,"83":1,"84":1,"85":1,"86":1},"branchMap":{"0":{"type":"branch","line":6,"loc":{"start":{"line":6,"column":0},"end":{"line":13,"column":1}},"locations":[{"start":{"line":6,"column":0},"end":{"line":13,"column":1}}]},"1":{"type":"branch","line":9,"loc":{"start":{"line":9,"column":20},"end":{"line":9,"column":43}},"locations":[{"start":{"line":9,"column":20},"end":{"line":9,"column":43}}]},"2":{"type":"branch","line":9,"loc":{"start":{"line":9,"column":39},"end":{"line":9,"column":60}},"locations":[{"start":{"line":9,"column":39},"end":{"line":9,"column":60}}]},"3":{"type":"branch","line":10,"loc":{"start":{"line":10,"column":2},"end":{"line":12,"column":3}},"locations":[{"start":{"line":10,"column":2},"end":{"line":12,"column":3}}]},"4":{"type":"branch","line":15,"loc":{"start":{"line":15,"column":0},"end":{"line":21,"column":1}},"locations":[{"start":{"line":15,"column":0},"end":{"line":21,"column":1}}]},"5":{"type":"branch","line":17,"loc":{"start":{"line":17,"column":43},"end":{"line":18,"column":65}},"locations":[{"start":{"line":17,"column":43},"end":{"line":18,"column":65}}]},"6":{"type":"branch","line":18,"loc":{"start":{"line":18,"column":61},"end":{"line":19,"column":61}},"locations":[{"start":{"line":18,"column":61},"end":{"line":19,"column":61}}]},"7":{"type":"branch","line":23,"loc":{"start":{"line":23,"column":0},"end":{"line":45,"column":1}},"locations":[{"start":{"line":23,"column":0},"end":{"line":45,"column":1}}]},"8":{"type":"branch","line":27,"loc":{"start":{"line":27,"column":20},"end":{"line":27,"column":33}},"locations":[{"start":{"line":27,"column":20},"end":{"line":27,"column":33}}]},"9":{"type":"branch","line":27,"loc":{"start":{"line":27,"column":36},"end":{"line":36,"column":3}},"locations":[{"start":{"line":27,"column":36},"end":{"line":36,"column":3}}]},"10":{"type":"branch","line":28,"loc":{"start":{"line":28,"column":38},"end":{"line":35,"column":5}},"locations":[{"start":{"line":28,"column":38},"end":{"line":35,"column":5}}]},"11":{"type":"branch","line":31,"loc":{"start":{"line":31,"column":28},"end":{"line":31,"column":65}},"locations":[{"start":{"line":31,"column":28},"end":{"line":31,"column":65}}]},"12":{"type":"branch","line":31,"loc":{"start":{"line":31,"column":65},"end":{"line":34,"column":7}},"locations":[{"start":{"line":31,"column":65},"end":{"line":34,"column":7}}]},"13":{"type":"branch","line":33,"loc":{"start":{"line":33,"column":32},"end":{"line":33,"column":68}},"locations":[{"start":{"line":33,"column":32},"end":{"line":33,"column":68}}]},"14":{"type":"branch","line":43,"loc":{"start":{"line":43,"column":28},"end":{"line":43,"column":62}},"locations":[{"start":{"line":43,"column":28},"end":{"line":43,"column":62}}]},"15":{"type":"branch","line":43,"loc":{"start":{"line":43,"column":58},"end":{"line":43,"column":66}},"locations":[{"start":{"line":43,"column":58},"end":{"line":43,"column":66}}]},"16":{"type":"branch","line":54,"loc":{"start":{"line":54,"column":7},"end":{"line":87,"column":1}},"locations":[{"start":{"line":54,"column":7},"end":{"line":87,"column":1}}]},"17":{"type":"branch","line":57,"loc":{"start":{"line":57,"column":28},"end":{"line":60,"column":3}},"locations":[{"start":{"line":57,"column":28},"end":{"line":60,"column":3}}]},"18":{"type":"branch","line":58,"loc":{"start":{"line":58,"column":39},"end":{"line":60,"column":3}},"locations":[{"start":{"line":58,"column":39},"end":{"line":60,"column":3}}]},"19":{"type":"branch","line":60,"loc":{"start":{"line":60,"column":2},"end":{"line":61,"column":28}},"locations":[{"start":{"line":60,"column":2},"end":{"line":61,"column":28}}]},"20":{"type":"branch","line":61,"loc":{"start":{"line":61,"column":28},"end":{"line":63,"column":3}},"locations":[{"start":{"line":61,"column":28},"end":{"line":63,"column":3}}]},"21":{"type":"branch","line":63,"loc":{"start":{"line":63,"column":2},"end":{"line":65,"column":53}},"locations":[{"start":{"line":63,"column":2},"end":{"line":65,"column":53}}]},"22":{"type":"branch","line":65,"loc":{"start":{"line":65,"column":46},"end":{"line":65,"column":71}},"locations":[{"start":{"line":65,"column":46},"end":{"line":65,"column":71}}]},"23":{"type":"branch","line":65,"loc":{"start":{"line":65,"column":69},"end":{"line":71,"column":73}},"locations":[{"start":{"line":65,"column":69},"end":{"line":71,"column":73}}]},"24":{"type":"branch","line":65,"loc":{"start":{"line":65,"column":69},"end":{"line":68,"column":72}},"locations":[{"start":{"line":65,"column":69},"end":{"line":68,"column":72}}]},"25":{"type":"branch","line":68,"loc":{"start":{"line":68,"column":72},"end":{"line":71,"column":36}},"locations":[{"start":{"line":68,"column":72},"end":{"line":71,"column":36}}]},"26":{"type":"branch","line":68,"loc":{"start":{"line":68,"column":72},"end":{"line":70,"column":3}},"locations":[{"start":{"line":68,"column":72},"end":{"line":70,"column":3}}]},"27":{"type":"branch","line":70,"loc":{"start":{"line":70,"column":2},"end":{"line":71,"column":36}},"locations":[{"start":{"line":70,"column":2},"end":{"line":71,"column":36}}]},"28":{"type":"branch","line":71,"loc":{"start":{"line":71,"column":31},"end":{"line":71,"column":73}},"locations":[{"start":{"line":71,"column":31},"end":{"line":71,"column":73}}]},"29":{"type":"branch","line":71,"loc":{"start":{"line":71,"column":73},"end":{"line":87,"column":1}},"locations":[{"start":{"line":71,"column":73},"end":{"line":87,"column":1}}]},"30":{"type":"branch","line":71,"loc":{"start":{"line":71,"column":73},"end":{"line":73,"column":3}},"locations":[{"start":{"line":71,"column":73},"end":{"line":73,"column":3}}]},"31":{"type":"branch","line":73,"loc":{"start":{"line":73,"column":2},"end":{"line":87,"column":1}},"locations":[{"start":{"line":73,"column":2},"end":{"line":87,"column":1}}]},"32":{"type":"branch","line":73,"loc":{"start":{"line":73,"column":2},"end":{"line":76,"column":66}},"locations":[{"start":{"line":73,"column":2},"end":{"line":76,"column":66}}]},"33":{"type":"branch","line":76,"loc":{"start":{"line":76,"column":66},"end":{"line":81,"column":3}},"locations":[{"start":{"line":76,"column":66},"end":{"line":81,"column":3}}]},"34":{"type":"branch","line":78,"loc":{"start":{"line":78,"column":25},"end":{"line":78,"column":69}},"locations":[{"start":{"line":78,"column":25},"end":{"line":78,"column":69}}]},"35":{"type":"branch","line":78,"loc":{"start":{"line":78,"column":69},"end":{"line":80,"column":5}},"locations":[{"start":{"line":78,"column":69},"end":{"line":80,"column":5}}]},"36":{"type":"branch","line":81,"loc":{"start":{"line":81,"column":2},"end":{"line":82,"column":37}},"locations":[{"start":{"line":81,"column":2},"end":{"line":82,"column":37}}]},"37":{"type":"branch","line":82,"loc":{"start":{"line":82,"column":30},"end":{"line":82,"column":49}},"locations":[{"start":{"line":82,"column":30},"end":{"line":82,"column":49}}]},"38":{"type":"branch","line":82,"loc":{"start":{"line":82,"column":37},"end":{"line":87,"column":1}},"locations":[{"start":{"line":82,"column":37},"end":{"line":87,"column":1}}]}},"b":{"0":[318],"1":[131],"2":[84],"3":[103],"4":[27],"5":[11],"6":[9],"7":[9],"8":[8],"9":[7],"10":[12],"11":[8],"12":[8],"13":[5],"14":[1],"15":[8],"16":[71],"17":[2],"18":[1],"19":[69],"20":[2],"21":[67],"22":[31],"23":[64],"24":[36],"25":[63],"26":[9],"27":[27],"28":[9],"29":[64],"30":[23],"31":[50],"32":[4],"33":[7],"34":[4],"35":[4],"36":[4],"37":[3],"38":[1]},"fnMap":{"0":{"name":"exists","decl":{"start":{"line":6,"column":0},"end":{"line":13,"column":1}},"loc":{"start":{"line":6,"column":0},"end":{"line":13,"column":1}},"line":6},"1":{"name":"hasAnyPluginManifest","decl":{"start":{"line":15,"column":0},"end":{"line":21,"column":1}},"loc":{"start":{"line":15,"column":0},"end":{"line":21,"column":1}},"line":15},"2":{"name":"readMarketplace","decl":{"start":{"line":23,"column":0},"end":{"line":45,"column":1}},"loc":{"start":{"line":23,"column":0},"end":{"line":45,"column":1}},"line":23},"3":{"name":"detectTargets","decl":{"start":{"line":54,"column":7},"end":{"line":87,"column":1}},"loc":{"start":{"line":54,"column":7},"end":{"line":87,"column":1}},"line":54}},"f":{"0":318,"1":27,"2":9,"3":71}}
,"/Users/dmitri/dev/agent-skills-lint/src/engine/parse.ts": {"path":"/Users/dmitri/dev/agent-skills-lint/src/engine/parse.ts","all":false,"statementMap":{"0":{"start":{"line":1,"column":0},"end":{"line":1,"column":62}},"1":{"start":{"line":2,"column":0},"end":{"line":2,"column":43}},"2":{"start":{"line":3,"column":0},"end":{"line":3,"column":67}},"6":{"start":{"line":7,"column":0},"end":{"line":7,"column":28}},"7":{"start":{"line":8,"column":0},"end":{"line":8,"column":37}},"9":{"start":{"line":10,"column":0},"end":{"line":10,"column":60}},"10":{"start":{"line":11,"column":0},"end":{"line":11,"column":86}},"11":{"start":{"line":12,"column":0},"end":{"line":12,"column":34}},"12":{"start":{"line":13,"column":0},"end":{"line":13,"column":25}},"13":{"start":{"line":14,"column":0},"end":{"line":14,"column":41}},"14":{"start":{"line":15,"column":0},"end":{"line":15,"column":37}},"15":{"start":{"line":16,"column":0},"end":{"line":16,"column":63}},"16":{"start":{"line":17,"column":0},"end":{"line":17,"column":44}},"18":{"start":{"line":19,"column":0},"end":{"line":19,"column":23}},"20":{"start":{"line":21,"column":0},"end":{"line":21,"column":31}},"21":{"start":{"line":22,"column":0},"end":{"line":22,"column":57}},"25":{"start":{"line":26,"column":0},"end":{"line":26,"column":37}},"26":{"start":{"line":27,"column":0},"end":{"line":27,"column":41}},"27":{"start":{"line":28,"column":0},"end":{"line":28,"column":35}},"28":{"start":{"line":29,"column":0},"end":{"line":29,"column":19}},"31":{"start":{"line":32,"column":0},"end":{"line":32,"column":95}},"32":{"start":{"line":33,"column":0},"end":{"line":33,"column":39}},"33":{"start":{"line":34,"column":0},"end":{"line":34,"column":31}},"34":{"start":{"line":35,"column":0},"end":{"line":35,"column":35}},"35":{"start":{"line":36,"column":0},"end":{"line":36,"column":60}},"36":{"start":{"line":37,"column":0},"end":{"line":37,"column":49}},"37":{"start":{"line":38,"column":0},"end":{"line":38,"column":5}},"38":{"start":{"line":39,"column":0},"end":{"line":39,"column":3}},"40":{"start":{"line":41,"column":0},"end":{"line":41,"column":41}},"41":{"start":{"line":42,"column":0},"end":{"line":42,"column":7}},"42":{"start":{"line":43,"column":0},"end":{"line":43,"column":57}},"43":{"start":{"line":44,"column":0},"end":{"line":44,"column":17}},"45":{"start":{"line":46,"column":0},"end":{"line":46,"column":57}},"46":{"start":{"line":47,"column":0},"end":{"line":47,"column":3}},"47":{"start":{"line":48,"column":0},"end":{"line":48,"column":58}},"48":{"start":{"line":49,"column":0},"end":{"line":49,"column":47}},"49":{"start":{"line":50,"column":0},"end":{"line":50,"column":44}},"50":{"start":{"line":51,"column":0},"end":{"line":51,"column":66}},"51":{"start":{"line":52,"column":0},"end":{"line":52,"column":64}},"57":{"start":{"line":58,"column":0},"end":{"line":58,"column":34}},"58":{"start":{"line":59,"column":0},"end":{"line":59,"column":32}},"59":{"start":{"line":60,"column":0},"end":{"line":60,"column":14}},"60":{"start":{"line":61,"column":0},"end":{"line":61,"column":57}},"61":{"start":{"line":62,"column":0},"end":{"line":62,"column":55}},"62":{"start":{"line":63,"column":0},"end":{"line":63,"column":8}},"63":{"start":{"line":64,"column":0},"end":{"line":64,"column":5}},"64":{"start":{"line":65,"column":0},"end":{"line":65,"column":21}},"65":{"start":{"line":66,"column":0},"end":{"line":66,"column":4}},"67":{"start":{"line":68,"column":0},"end":{"line":68,"column":10}},"68":{"start":{"line":69,"column":0},"end":{"line":69,"column":18}},"69":{"start":{"line":70,"column":0},"end":{"line":70,"column":9}},"70":{"start":{"line":71,"column":0},"end":{"line":71,"column":15}},"71":{"start":{"line":72,"column":0},"end":{"line":72,"column":56}},"72":{"start":{"line":73,"column":0},"end":{"line":73,"column":66}},"73":{"start":{"line":74,"column":0},"end":{"line":74,"column":4}},"74":{"start":{"line":75,"column":0},"end":{"line":75,"column":1}},"76":{"start":{"line":77,"column":0},"end":{"line":77,"column":50}},"77":{"start":{"line":78,"column":0},"end":{"line":78,"column":37}},"78":{"start":{"line":79,"column":0},"end":{"line":79,"column":41}},"79":{"start":{"line":80,"column":0},"end":{"line":80,"column":10}},"80":{"start":{"line":81,"column":0},"end":{"line":81,"column":18}},"81":{"start":{"line":82,"column":0},"end":{"line":82,"column":8}},"82":{"start":{"line":83,"column":0},"end":{"line":83,"column":9}},"83":{"start":{"line":84,"column":0},"end":{"line":84,"column":27}},"84":{"start":{"line":85,"column":0},"end":{"line":85,"column":30}},"85":{"start":{"line":86,"column":0},"end":{"line":86,"column":8}},"86":{"start":{"line":87,"column":0},"end":{"line":87,"column":34}},"87":{"start":{"line":88,"column":0},"end":{"line":88,"column":42}},"88":{"start":{"line":89,"column":0},"end":{"line":89,"column":4}},"89":{"start":{"line":90,"column":0},"end":{"line":90,"column":1}},"91":{"start":{"line":92,"column":0},"end":{"line":92,"column":58}},"92":{"start":{"line":93,"column":0},"end":{"line":93,"column":19}},"93":{"start":{"line":94,"column":0},"end":{"line":94,"column":7}},"94":{"start":{"line":95,"column":0},"end":{"line":95,"column":38}},"95":{"start":{"line":96,"column":0},"end":{"line":96,"column":11}},"96":{"start":{"line":97,"column":0},"end":{"line":97,"column":35}},"97":{"start":{"line":98,"column":0},"end":{"line":98,"column":3}},"98":{"start":{"line":99,"column":0},"end":{"line":99,"column":7}},"99":{"start":{"line":100,"column":0},"end":{"line":100,"column":58}},"100":{"start":{"line":101,"column":0},"end":{"line":101,"column":17}},"101":{"start":{"line":102,"column":0},"end":{"line":102,"column":70}},"102":{"start":{"line":103,"column":0},"end":{"line":103,"column":3}},"103":{"start":{"line":104,"column":0},"end":{"line":104,"column":1}},"105":{"start":{"line":106,"column":0},"end":{"line":106,"column":39}},"106":{"start":{"line":107,"column":0},"end":{"line":107,"column":7}},"107":{"start":{"line":108,"column":0},"end":{"line":108,"column":40}},"108":{"start":{"line":109,"column":0},"end":{"line":109,"column":11}},"109":{"start":{"line":110,"column":0},"end":{"line":110,"column":17}},"110":{"start":{"line":111,"column":0},"end":{"line":111,"column":3}},"111":{"start":{"line":112,"column":0},"end":{"line":112,"column":1}},"113":{"start":{"line":114,"column":0},"end":{"line":114,"column":40}},"114":{"start":{"line":115,"column":0},"end":{"line":115,"column":7}},"115":{"start":{"line":116,"column":0},"end":{"line":116,"column":35}},"116":{"start":{"line":117,"column":0},"end":{"line":117,"column":11}},"117":{"start":{"line":118,"column":0},"end":{"line":118,"column":17}},"118":{"start":{"line":119,"column":0},"end":{"line":119,"column":3}},"119":{"start":{"line":120,"column":0},"end":{"line":120,"column":1}},"121":{"start":{"line":122,"column":0},"end":{"line":122,"column":47}},"122":{"start":{"line":123,"column":0},"end":{"line":123,"column":7}},"123":{"start":{"line":124,"column":0},"end":{"line":124,"column":29}},"124":{"start":{"line":125,"column":0},"end":{"line":125,"column":11}},"125":{"start":{"line":126,"column":0},"end":{"line":126,"column":14}},"126":{"start":{"line":127,"column":0},"end":{"line":127,"column":3}},"127":{"start":{"line":128,"column":0},"end":{"line":128,"column":1}},"129":{"start":{"line":130,"column":0},"end":{"line":130,"column":69}},"130":{"start":{"line":131,"column":0},"end":{"line":131,"column":46}},"131":{"start":{"line":132,"column":0},"end":{"line":132,"column":38}},"132":{"start":{"line":133,"column":0},"end":{"line":133,"column":1}},"134":{"start":{"line":135,"column":0},"end":{"line":135,"column":77}},"135":{"start":{"line":136,"column":0},"end":{"line":136,"column":41}},"136":{"start":{"line":137,"column":0},"end":{"line":137,"column":43}},"137":{"start":{"line":138,"column":0},"end":{"line":138,"column":48}},"138":{"start":{"line":139,"column":0},"end":{"line":139,"column":32}},"140":{"start":{"line":141,"column":0},"end":{"line":141,"column":24}},"141":{"start":{"line":142,"column":0},"end":{"line":142,"column":74}},"143":{"start":{"line":144,"column":0},"end":{"line":144,"column":46}},"144":{"start":{"line":145,"column":0},"end":{"line":145,"column":32}},"145":{"start":{"line":146,"column":0},"end":{"line":146,"column":55}},"146":{"start":{"line":147,"column":0},"end":{"line":147,"column":67}},"147":{"start":{"line":148,"column":0},"end":{"line":148,"column":50}},"148":{"start":{"line":149,"column":0},"end":{"line":149,"column":5}},"149":{"start":{"line":150,"column":0},"end":{"line":150,"column":3}},"151":{"start":{"line":152,"column":0},"end":{"line":152,"column":50}},"152":{"start":{"line":153,"column":0},"end":{"line":153,"column":10}},"153":{"start":{"line":154,"column":0},"end":{"line":154,"column":19}},"154":{"start":{"line":155,"column":0},"end":{"line":155,"column":9}},"155":{"start":{"line":156,"column":0},"end":{"line":156,"column":58}},"156":{"start":{"line":157,"column":0},"end":{"line":157,"column":76}},"157":{"start":{"line":158,"column":0},"end":{"line":158,"column":74}},"158":{"start":{"line":159,"column":0},"end":{"line":159,"column":19}},"159":{"start":{"line":160,"column":0},"end":{"line":160,"column":71}},"160":{"start":{"line":161,"column":0},"end":{"line":161,"column":66}},"161":{"start":{"line":162,"column":0},"end":{"line":162,"column":20}},"162":{"start":{"line":163,"column":0},"end":{"line":163,"column":21}},"163":{"start":{"line":164,"column":0},"end":{"line":164,"column":11}},"164":{"start":{"line":165,"column":0},"end":{"line":165,"column":4}},"165":{"start":{"line":166,"column":0},"end":{"line":166,"column":1}}},"s":{"0":1,"1":1,"2":1,"6":1,"7":1,"9":1,"10":83,"11":83,"12":83,"13":81,"14":81,"15":83,"16":80,"18":80,"20":80,"21":80,"25":80,"26":80,"27":80,"28":83,"31":3,"32":3,"33":3,"34":3,"35":3,"36":3,"37":3,"38":3,"40":80,"41":80,"42":83,"43":83,"45":2,"46":2,"47":80,"48":101,"49":100,"50":113,"51":113,"57":99,"58":99,"59":99,"60":99,"61":99,"62":99,"63":99,"64":1,"65":101,"67":80,"68":80,"69":80,"70":80,"71":83,"72":83,"73":83,"74":83,"76":1,"77":78,"78":78,"79":78,"80":78,"81":78,"82":78,"83":78,"84":78,"85":78,"86":78,"87":78,"88":78,"89":78,"91":1,"92":93,"93":93,"94":93,"95":93,"96":51,"97":51,"98":42,"99":42,"100":93,"101":2,"102":2,"103":93,"105":115,"106":115,"107":115,"108":115,"109":35,"110":35,"111":115,"113":45,"114":45,"115":45,"116":45,"117":3,"118":3,"119":45,"121":28,"122":28,"123":28,"124":28,"125":19,"126":19,"127":28,"129":1,"130":37,"131":37,"132":37,"134":1,"135":28,"136":28,"137":28,"138":28,"140":28,"141":27,"143":50,"144":50,"145":45,"146":45,"147":48,"148":50,"149":27,"151":28,"152":28,"153":28,"154":28,"155":28,"156":28,"157":28,"158":28,"159":28,"160":28,"161":28,"162":28,"163":28,"164":28,"165":28},"branchMap":{"0":{"type":"branch","line":10,"loc":{"start":{"line":10,"column":7},"end":{"line":75,"column":1}},"locations":[{"start":{"line":10,"column":7},"end":{"line":75,"column":1}}]},"1":{"type":"branch","line":13,"loc":{"start":{"line":13,"column":13},"end":{"line":13,"column":25}},"locations":[{"start":{"line":13,"column":13},"end":{"line":13,"column":25}}]},"2":{"type":"branch","line":13,"loc":{"start":{"line":13,"column":20},"end":{"line":16,"column":51}},"locations":[{"start":{"line":13,"column":20},"end":{"line":16,"column":51}}]},"3":{"type":"branch","line":16,"loc":{"start":{"line":16,"column":16},"end":{"line":16,"column":51}},"locations":[{"start":{"line":16,"column":16},"end":{"line":16,"column":51}}]},"4":{"type":"branch","line":16,"loc":{"start":{"line":16,"column":51},"end":{"line":16,"column":63}},"locations":[{"start":{"line":16,"column":51},"end":{"line":16,"column":63}}]},"5":{"type":"branch","line":16,"loc":{"start":{"line":16,"column":58},"end":{"line":29,"column":18}},"locations":[{"start":{"line":16,"column":58},"end":{"line":29,"column":18}}]},"6":{"type":"branch","line":29,"loc":{"start":{"line":29,"column":18},"end":{"line":39,"column":3}},"locations":[{"start":{"line":29,"column":18},"end":{"line":39,"column":3}}]},"7":{"type":"branch","line":39,"loc":{"start":{"line":39,"column":2},"end":{"line":43,"column":26}},"locations":[{"start":{"line":39,"column":2},"end":{"line":43,"column":26}}]},"8":{"type":"branch","line":43,"loc":{"start":{"line":43,"column":21},"end":{"line":43,"column":57}},"locations":[{"start":{"line":43,"column":21},"end":{"line":43,"column":57}}]},"9":{"type":"branch","line":44,"loc":{"start":{"line":44,"column":2},"end":{"line":47,"column":3}},"locations":[{"start":{"line":44,"column":2},"end":{"line":47,"column":3}}]},"10":{"type":"branch","line":47,"loc":{"start":{"line":47,"column":2},"end":{"line":72,"column":35}},"locations":[{"start":{"line":47,"column":2},"end":{"line":72,"column":35}}]},"11":{"type":"branch","line":72,"loc":{"start":{"line":72,"column":23},"end":{"line":72,"column":52}},"locations":[{"start":{"line":72,"column":23},"end":{"line":72,"column":52}}]},"12":{"type":"branch","line":72,"loc":{"start":{"line":72,"column":48},"end":{"line":72,"column":56}},"locations":[{"start":{"line":72,"column":48},"end":{"line":72,"column":56}}]},"13":{"type":"branch","line":73,"loc":{"start":{"line":73,"column":28},"end":{"line":73,"column":62}},"locations":[{"start":{"line":73,"column":28},"end":{"line":73,"column":62}}]},"14":{"type":"branch","line":73,"loc":{"start":{"line":73,"column":58},"end":{"line":73,"column":66}},"locations":[{"start":{"line":73,"column":58},"end":{"line":73,"column":66}}]},"15":{"type":"branch","line":11,"loc":{"start":{"line":11,"column":68},"end":{"line":11,"column":84}},"locations":[{"start":{"line":11,"column":68},"end":{"line":11,"column":84}}]},"16":{"type":"branch","line":48,"loc":{"start":{"line":48,"column":21},"end":{"line":66,"column":4}},"locations":[{"start":{"line":48,"column":21},"end":{"line":66,"column":4}}]},"17":{"type":"branch","line":49,"loc":{"start":{"line":49,"column":30},"end":{"line":49,"column":47}},"locations":[{"start":{"line":49,"column":30},"end":{"line":49,"column":47}}]},"18":{"type":"branch","line":49,"loc":{"start":{"line":49,"column":37},"end":{"line":64,"column":5}},"locations":[{"start":{"line":49,"column":37},"end":{"line":64,"column":5}}]},"19":{"type":"branch","line":50,"loc":{"start":{"line":50,"column":43},"end":{"line":64,"column":5}},"locations":[{"start":{"line":50,"column":43},"end":{"line":64,"column":5}}]},"20":{"type":"branch","line":51,"loc":{"start":{"line":51,"column":57},"end":{"line":52,"column":42}},"locations":[{"start":{"line":51,"column":57},"end":{"line":52,"column":42}}]},"21":{"type":"branch","line":51,"loc":{"start":{"line":51,"column":57},"end":{"line":51,"column":66}},"locations":[{"start":{"line":51,"column":57},"end":{"line":51,"column":66}}]},"22":{"type":"branch","line":51,"loc":{"start":{"line":51,"column":57},"end":{"line":52,"column":42}},"locations":[{"start":{"line":51,"column":57},"end":{"line":52,"column":42}}]},"23":{"type":"branch","line":52,"loc":{"start":{"line":52,"column":38},"end":{"line":52,"column":55}},"locations":[{"start":{"line":52,"column":38},"end":{"line":52,"column":55}}]},"24":{"type":"branch","line":52,"loc":{"start":{"line":52,"column":47},"end":{"line":52,"column":64}},"locations":[{"start":{"line":52,"column":47},"end":{"line":52,"column":64}}]},"25":{"type":"branch","line":56,"loc":{"start":{"line":56,"column":34},"end":{"line":56,"column":46}},"locations":[{"start":{"line":56,"column":34},"end":{"line":56,"column":46}}]},"26":{"type":"branch","line":57,"loc":{"start":{"line":57,"column":20},"end":{"line":57,"column":52}},"locations":[{"start":{"line":57,"column":20},"end":{"line":57,"column":52}}]},"27":{"type":"branch","line":57,"loc":{"start":{"line":57,"column":52},"end":{"line":57,"column":69}},"locations":[{"start":{"line":57,"column":52},"end":{"line":57,"column":69}}]},"28":{"type":"branch","line":57,"loc":{"start":{"line":57,"column":59},"end":{"line":64,"column":5}},"locations":[{"start":{"line":57,"column":59},"end":{"line":64,"column":5}}]},"29":{"type":"branch","line":64,"loc":{"start":{"line":64,"column":4},"end":{"line":65,"column":21}},"locations":[{"start":{"line":64,"column":4},"end":{"line":65,"column":21}}]},"30":{"type":"branch","line":77,"loc":{"start":{"line":77,"column":7},"end":{"line":90,"column":1}},"locations":[{"start":{"line":77,"column":7},"end":{"line":90,"column":1}}]},"31":{"type":"branch","line":92,"loc":{"start":{"line":92,"column":7},"end":{"line":104,"column":1}},"locations":[{"start":{"line":92,"column":7},"end":{"line":104,"column":1}}]},"32":{"type":"branch","line":96,"loc":{"start":{"line":96,"column":2},"end":{"line":98,"column":3}},"locations":[{"start":{"line":96,"column":2},"end":{"line":98,"column":3}}]},"33":{"type":"branch","line":98,"loc":{"start":{"line":98,"column":2},"end":{"line":101,"column":11}},"locations":[{"start":{"line":98,"column":2},"end":{"line":101,"column":11}}]},"34":{"type":"branch","line":101,"loc":{"start":{"line":101,"column":2},"end":{"line":103,"column":3}},"locations":[{"start":{"line":101,"column":2},"end":{"line":103,"column":3}}]},"35":{"type":"branch","line":106,"loc":{"start":{"line":106,"column":0},"end":{"line":112,"column":1}},"locations":[{"start":{"line":106,"column":0},"end":{"line":112,"column":1}}]},"36":{"type":"branch","line":109,"loc":{"start":{"line":109,"column":2},"end":{"line":111,"column":3}},"locations":[{"start":{"line":109,"column":2},"end":{"line":111,"column":3}}]},"37":{"type":"branch","line":114,"loc":{"start":{"line":114,"column":0},"end":{"line":120,"column":1}},"locations":[{"start":{"line":114,"column":0},"end":{"line":120,"column":1}}]},"38":{"type":"branch","line":117,"loc":{"start":{"line":117,"column":2},"end":{"line":119,"column":3}},"locations":[{"start":{"line":117,"column":2},"end":{"line":119,"column":3}}]},"39":{"type":"branch","line":122,"loc":{"start":{"line":122,"column":0},"end":{"line":128,"column":1}},"locations":[{"start":{"line":122,"column":0},"end":{"line":128,"column":1}}]},"40":{"type":"branch","line":125,"loc":{"start":{"line":125,"column":2},"end":{"line":127,"column":3}},"locations":[{"start":{"line":125,"column":2},"end":{"line":127,"column":3}}]},"41":{"type":"branch","line":130,"loc":{"start":{"line":130,"column":7},"end":{"line":133,"column":1}},"locations":[{"start":{"line":130,"column":7},"end":{"line":133,"column":1}}]},"42":{"type":"branch","line":132,"loc":{"start":{"line":132,"column":18},"end":{"line":132,"column":28}},"locations":[{"start":{"line":132,"column":18},"end":{"line":132,"column":28}}]},"43":{"type":"branch","line":132,"loc":{"start":{"line":132,"column":22},"end":{"line":132,"column":38}},"locations":[{"start":{"line":132,"column":22},"end":{"line":132,"column":38}}]},"44":{"type":"branch","line":135,"loc":{"start":{"line":135,"column":7},"end":{"line":166,"column":1}},"locations":[{"start":{"line":135,"column":7},"end":{"line":166,"column":1}}]},"45":{"type":"branch","line":141,"loc":{"start":{"line":141,"column":23},"end":{"line":150,"column":3}},"locations":[{"start":{"line":141,"column":23},"end":{"line":150,"column":3}}]},"46":{"type":"branch","line":142,"loc":{"start":{"line":142,"column":73},"end":{"line":149,"column":5}},"locations":[{"start":{"line":142,"column":73},"end":{"line":149,"column":5}}]},"47":{"type":"branch","line":145,"loc":{"start":{"line":145,"column":23},"end":{"line":145,"column":32}},"locations":[{"start":{"line":145,"column":23},"end":{"line":145,"column":32}}]},"48":{"type":"branch","line":145,"loc":{"start":{"line":145,"column":23},"end":{"line":148,"column":50}},"locations":[{"start":{"line":145,"column":23},"end":{"line":148,"column":50}}]},"49":{"type":"branch","line":145,"loc":{"start":{"line":145,"column":23},"end":{"line":148,"column":29}},"locations":[{"start":{"line":145,"column":23},"end":{"line":148,"column":29}}]},"50":{"type":"branch","line":148,"loc":{"start":{"line":148,"column":22},"end":{"line":148,"column":50}},"locations":[{"start":{"line":148,"column":22},"end":{"line":148,"column":50}}]},"51":{"type":"branch","line":161,"loc":{"start":{"line":161,"column":28},"end":{"line":161,"column":62}},"locations":[{"start":{"line":161,"column":28},"end":{"line":161,"column":62}}]},"52":{"type":"branch","line":161,"loc":{"start":{"line":161,"column":58},"end":{"line":161,"column":66}},"locations":[{"start":{"line":161,"column":58},"end":{"line":161,"column":66}}]}},"b":{"0":[83],"1":[2],"2":[81],"3":[80],"4":[1],"5":[80],"6":[3],"7":[80],"8":[1],"9":[2],"10":[80],"11":[4],"12":[76],"13":[3],"14":[77],"15":[1],"16":[101],"17":[1],"18":[100],"19":[113],"20":[112],"21":[14],"22":[99],"23":[98],"24":[1],"25":[1],"26":[1],"27":[1],"28":[1],"29":[1],"30":[78],"31":[93],"32":[51],"33":[42],"34":[2],"35":[115],"36":[35],"37":[45],"38":[3],"39":[28],"40":[19],"41":[37],"42":[3],"43":[34],"44":[28],"45":[27],"46":[50],"47":[5],"48":[48],"49":[45],"50":[42],"51":[2],"52":[26]},"fnMap":{"0":{"name":"parseFrontmatter","decl":{"start":{"line":10,"column":7},"end":{"line":75,"column":1}},"loc":{"start":{"line":10,"column":7},"end":{"line":75,"column":1}},"line":10},"1":{"name":"valueRange","decl":{"start":{"line":11,"column":68},"end":{"line":11,"column":84}},"loc":{"start":{"line":11,"column":68},"end":{"line":11,"column":84}},"line":11},"2":{"name":"valueRange","decl":{"start":{"line":48,"column":21},"end":{"line":66,"column":4}},"loc":{"start":{"line":48,"column":21},"end":{"line":66,"column":4}},"line":48},"3":{"name":"readSkill","decl":{"start":{"line":77,"column":7},"end":{"line":90,"column":1}},"loc":{"start":{"line":77,"column":7},"end":{"line":90,"column":1}},"line":77},"4":{"name":"readManifest","decl":{"start":{"line":92,"column":7},"end":{"line":104,"column":1}},"loc":{"start":{"line":92,"column":7},"end":{"line":104,"column":1}},"line":92},"5":{"name":"isDir","decl":{"start":{"line":106,"column":0},"end":{"line":112,"column":1}},"loc":{"start":{"line":106,"column":0},"end":{"line":112,"column":1}},"line":106},"6":{"name":"isFile","decl":{"start":{"line":114,"column":0},"end":{"line":120,"column":1}},"loc":{"start":{"line":114,"column":0},"end":{"line":120,"column":1}},"line":114},"7":{"name":"listDirNames","decl":{"start":{"line":122,"column":0},"end":{"line":128,"column":1}},"loc":{"start":{"line":122,"column":0},"end":{"line":128,"column":1}},"line":122},"8":{"name":"agentsSkillsDirOf","decl":{"start":{"line":130,"column":7},"end":{"line":133,"column":1}},"loc":{"start":{"line":130,"column":7},"end":{"line":133,"column":1}},"line":130},"9":{"name":"readPlugin","decl":{"start":{"line":135,"column":7},"end":{"line":166,"column":1}},"loc":{"start":{"line":135,"column":7},"end":{"line":166,"column":1}},"line":135}},"f":{"0":83,"1":1,"2":101,"3":78,"4":93,"5":115,"6":45,"7":28,"8":37,"9":28}}
,"/Users/dmitri/dev/agent-skills-lint/src/engine/run.ts": {"path":"/Users/dmitri/dev/agent-skills-lint/src/engine/run.ts","all":false,"statementMap":{"0":{"start":{"line":1,"column":0},"end":{"line":1,"column":37}},"1":{"start":{"line":2,"column":0},"end":{"line":2,"column":86}},"2":{"start":{"line":3,"column":0},"end":{"line":3,"column":57}},"3":{"start":{"line":4,"column":0},"end":{"line":4,"column":49}},"4":{"start":{"line":5,"column":0},"end":{"line":5,"column":47}},"5":{"start":{"line":6,"column":0},"end":{"line":6,"column":49}},"6":{"start":{"line":7,"column":0},"end":{"line":7,"column":47}},"10":{"start":{"line":11,"column":0},"end":{"line":11,"column":45}},"11":{"start":{"line":12,"column":0},"end":{"line":12,"column":84}},"12":{"start":{"line":13,"column":0},"end":{"line":13,"column":42}},"13":{"start":{"line":14,"column":0},"end":{"line":14,"column":1}},"15":{"start":{"line":16,"column":0},"end":{"line":16,"column":70}},"16":{"start":{"line":17,"column":0},"end":{"line":17,"column":40}},"17":{"start":{"line":18,"column":0},"end":{"line":18,"column":87}},"18":{"start":{"line":19,"column":0},"end":{"line":19,"column":14}},"19":{"start":{"line":20,"column":0},"end":{"line":20,"column":1}},"28":{"start":{"line":29,"column":0},"end":{"line":29,"column":50}},"29":{"start":{"line":30,"column":0},"end":{"line":30,"column":74}},"30":{"start":{"line":31,"column":0},"end":{"line":31,"column":33}},"31":{"start":{"line":32,"column":0},"end":{"line":32,"column":58}},"32":{"start":{"line":33,"column":0},"end":{"line":33,"column":60}},"33":{"start":{"line":34,"column":0},"end":{"line":34,"column":40}},"34":{"start":{"line":35,"column":0},"end":{"line":35,"column":37}},"35":{"start":{"line":36,"column":0},"end":{"line":36,"column":43}},"36":{"start":{"line":37,"column":0},"end":{"line":37,"column":5}},"37":{"start":{"line":38,"column":0},"end":{"line":38,"column":3}},"38":{"start":{"line":39,"column":0},"end":{"line":39,"column":72}},"39":{"start":{"line":40,"column":0},"end":{"line":40,"column":14}},"40":{"start":{"line":41,"column":0},"end":{"line":41,"column":1}},"46":{"start":{"line":47,"column":0},"end":{"line":47,"column":99}},"47":{"start":{"line":48,"column":0},"end":{"line":48,"column":32}},"48":{"start":{"line":49,"column":0},"end":{"line":49,"column":37}},"50":{"start":{"line":51,"column":0},"end":{"line":51,"column":39}},"51":{"start":{"line":52,"column":0},"end":{"line":52,"column":46}},"52":{"start":{"line":53,"column":0},"end":{"line":53,"column":68}},"53":{"start":{"line":54,"column":0},"end":{"line":54,"column":64}},"54":{"start":{"line":55,"column":0},"end":{"line":55,"column":50}},"55":{"start":{"line":56,"column":0},"end":{"line":56,"column":74}},"56":{"start":{"line":57,"column":0},"end":{"line":57,"column":28}},"57":{"start":{"line":58,"column":0},"end":{"line":58,"column":34}},"58":{"start":{"line":59,"column":0},"end":{"line":59,"column":23}},"59":{"start":{"line":60,"column":0},"end":{"line":60,"column":39}},"60":{"start":{"line":61,"column":0},"end":{"line":61,"column":26}},"61":{"start":{"line":62,"column":0},"end":{"line":62,"column":32}},"62":{"start":{"line":63,"column":0},"end":{"line":63,"column":44}},"63":{"start":{"line":64,"column":0},"end":{"line":64,"column":20}},"65":{"start":{"line":66,"column":0},"end":{"line":66,"column":34}},"66":{"start":{"line":67,"column":0},"end":{"line":67,"column":29}},"67":{"start":{"line":68,"column":0},"end":{"line":68,"column":19}},"68":{"start":{"line":69,"column":0},"end":{"line":69,"column":26}},"69":{"start":{"line":70,"column":0},"end":{"line":70,"column":32}},"70":{"start":{"line":71,"column":0},"end":{"line":71,"column":28}},"71":{"start":{"line":72,"column":0},"end":{"line":72,"column":27}},"72":{"start":{"line":73,"column":0},"end":{"line":73,"column":36}},"73":{"start":{"line":74,"column":0},"end":{"line":74,"column":23}},"74":{"start":{"line":75,"column":0},"end":{"line":75,"column":65}},"75":{"start":{"line":76,"column":0},"end":{"line":76,"column":39}},"76":{"start":{"line":77,"column":0},"end":{"line":77,"column":65}},"77":{"start":{"line":78,"column":0},"end":{"line":78,"column":15}},"78":{"start":{"line":79,"column":0},"end":{"line":79,"column":12}},"79":{"start":{"line":80,"column":0},"end":{"line":80,"column":11}},"80":{"start":{"line":81,"column":0},"end":{"line":81,"column":7}},"81":{"start":{"line":82,"column":0},"end":{"line":82,"column":5}},"82":{"start":{"line":83,"column":0},"end":{"line":83,"column":3}},"84":{"start":{"line":85,"column":0},"end":{"line":85,"column":61}},"85":{"start":{"line":86,"column":0},"end":{"line":86,"column":65}},"86":{"start":{"line":87,"column":0},"end":{"line":87,"column":1}},"93":{"start":{"line":94,"column":0},"end":{"line":94,"column":87}},"94":{"start":{"line":95,"column":0},"end":{"line":95,"column":31}},"95":{"start":{"line":96,"column":0},"end":{"line":96,"column":72}},"96":{"start":{"line":97,"column":0},"end":{"line":97,"column":70}},"97":{"start":{"line":98,"column":0},"end":{"line":98,"column":37}},"99":{"start":{"line":100,"column":0},"end":{"line":100,"column":38}},"100":{"start":{"line":101,"column":0},"end":{"line":101,"column":44}},"101":{"start":{"line":102,"column":0},"end":{"line":102,"column":73}},"102":{"start":{"line":103,"column":0},"end":{"line":103,"column":80}},"103":{"start":{"line":104,"column":0},"end":{"line":104,"column":24}},"104":{"start":{"line":105,"column":0},"end":{"line":105,"column":79}},"105":{"start":{"line":106,"column":0},"end":{"line":106,"column":59}},"106":{"start":{"line":107,"column":0},"end":{"line":107,"column":14}},"107":{"start":{"line":108,"column":0},"end":{"line":108,"column":35}},"108":{"start":{"line":109,"column":0},"end":{"line":109,"column":33}},"109":{"start":{"line":110,"column":0},"end":{"line":110,"column":23}},"110":{"start":{"line":111,"column":0},"end":{"line":111,"column":56}},"111":{"start":{"line":112,"column":0},"end":{"line":112,"column":14}},"112":{"start":{"line":113,"column":0},"end":{"line":113,"column":68}},"113":{"start":{"line":114,"column":0},"end":{"line":114,"column":90}},"114":{"start":{"line":115,"column":0},"end":{"line":115,"column":7}},"115":{"start":{"line":116,"column":0},"end":{"line":116,"column":3}},"116":{"start":{"line":117,"column":0},"end":{"line":117,"
[...]
,"/Users/dmitri/dev/agent-skills-lint/src/rules/skill.ts": {"path":"/Users/dmitri/dev/agent-skills-lint/src/rules/skill.ts","all":false,"statementMap":{"1":{"start":{"line":2,"column":0},"end":{"line":2,"column":44}},"4":{"start":{"line":5,"column":0},"end":{"line":5,"column":48}},"6":{"start":{"line":7,"column":0},"end":{"line":7,"column":45}},"7":{"start":{"line":8,"column":0},"end":{"line":8,"column":33}},"8":{"start":{"line":9,"column":0},"end":{"line":9,"column":21}},"9":{"start":{"line":10,"column":0},"end":{"line":10,"column":27}},"10":{"start":{"line":11,"column":0},"end":{"line":11,"column":29}},"11":{"start":{"line":12,"column":0},"end":{"line":12,"column":32}},"12":{"start":{"line":13,"column":0},"end":{"line":13,"column":22}},"13":{"start":{"line":14,"column":0},"end":{"line":14,"column":14}},"14":{"start":{"line":15,"column":0},"end":{"line":15,"column":19}},"15":{"start":{"line":16,"column":0},"end":{"line":16,"column":79}},"16":{"start":{"line":17,"column":0},"end":{"line":17,"column":9}},"17":{"start":{"line":18,"column":0},"end":{"line":18,"column":13}},"18":{"start":{"line":19,"column":0},"end":{"line":19,"column":5}},"19":{"start":{"line":20,"column":0},"end":{"line":20,"column":24}},"22":{"start":{"line":23,"column":0},"end":{"line":23,"column":14}},"23":{"start":{"line":24,"column":0},"end":{"line":24,"column":19}},"24":{"start":{"line":25,"column":0},"end":{"line":25,"column":67}},"25":{"start":{"line":26,"column":0},"end":{"line":26,"column":34}},"26":{"start":{"line":27,"column":0},"end":{"line":27,"column":9}},"27":{"start":{"line":28,"column":0},"end":{"line":28,"column":13}},"28":{"start":{"line":29,"column":0},"end":{"line":29,"column":5}},"29":{"start":{"line":30,"column":0},"end":{"line":30,"column":57}},"30":{"start":{"line":31,"column":0},"end":{"line":31,"column":33}},"31":{"start":{"line":32,"column":0},"end":{"line":32,"column":50}},"32":{"start":{"line":33,"column":0},"end":{"line":33,"column":92}},"33":{"start":{"line":34,"column":0},"end":{"line":34,"column":68}},"34":{"start":{"line":35,"column":0},"end":{"line":35,"column":16}},"35":{"start":{"line":36,"column":0},"end":{"line":36,"column":21}},"36":{"start":{"line":37,"column":0},"end":{"line":37,"column":77}},"37":{"start":{"line":38,"column":0},"end":{"line":38,"column":36}},"38":{"start":{"line":39,"column":0},"end":{"line":39,"column":11}},"39":{"start":{"line":40,"column":0},"end":{"line":40,"column":7}},"40":{"start":{"line":41,"column":0},"end":{"line":41,"column":5}},"41":{"start":{"line":42,"column":0},"end":{"line":42,"column":48}},"42":{"start":{"line":43,"column":0},"end":{"line":43,"column":74}},"43":{"start":{"line":44,"column":0},"end":{"line":44,"column":14}},"44":{"start":{"line":45,"column":0},"end":{"line":45,"column":19}},"45":{"start":{"line":46,"column":0},"end":{"line":46,"column":85}},"46":{"start":{"line":47,"column":0},"end":{"line":47,"column":46}},"47":{"start":{"line":48,"column":0},"end":{"line":48,"column":9}},"48":{"start":{"line":49,"column":0},"end":{"line":49,"column":5}},"49":{"start":{"line":50,"column":0},"end":{"line":50,"column":4}},"50":{"start":{"line":51,"column":0},"end":{"line":51,"column":2}},"52":{"start":{"line":53,"column":0},"end":{"line":53,"column":38}},"53":{"start":{"line":54,"column":0},"end":{"line":54,"column":26}},"54":{"start":{"line":55,"column":0},"end":{"line":55,"column":21}},"55":{"start":{"line":56,"column":0},"end":{"line":56,"column":27}},"56":{"start":{"line":57,"column":0},"end":{"line":57,"column":29}},"57":{"start":{"line":58,"column":0},"end":{"line":58,"column":37}},"58":{"start":{"line":59,"column":0},"end":{"line":59,"column":91}},"59":{"start":{"line":60,"column":0},"end":{"line":60,"column":47}},"60":{"start":{"line":61,"column":0},"end":{"line":61,"column":27}},"61":{"start":{"line":62,"column":0},"end":{"line":62,"column":14}},"62":{"start":{"line":63,"column":0},"end":{"line":63,"column":26}},"63":{"start":{"line":64,"column":0},"end":{"line":64,"column":57}},"64":{"start":{"line":65,"column":0},"end":{"line":65,"column":14}},"65":{"start":{"line":66,"column":0},"end":{"line":66,"column":9}},"66":{"start":{"line":67,"column":0},"end":{"line":67,"column":5}},"67":{"start":{"line":68,"column":0},"end":{"line":68,"column":35}},"68":{"start":{"line":69,"column":0},"end":{"line":69,"column":14}},"69":{"start":{"line":70,"column":0},"end":{"line":70,"column":26}},"70":{"start":{"line":71,"column":0},"end":{"line":71,"column":16}},"71":{"start":{"line":72,"column":0},"end":{"line":72,"column":97}},"73":{"start":{"line":74,"column":0},"end":{"line":74,"column":14}},"74":{"start":{"line":75,"column":0},"end":{"line":75,"column":9}},"75":{"start":{"line":76,"column":0},"end":{"line":76,"column":5}},"76":{"start":{"line":77,"column":0},"end":{"line":77,"column":34}},"77":{"start":{"line":78,"column":0},"end":{"line":78,"column":14}},"78":{"start":{"line":79,"column":0},"end":{"line":79,"column":26}},"79":{"start":{"line":80,"column":0},"end":{"line":80,"column":94}},"80":{"start":{"line":81,"column":0},"end":{"line":81,"column":14}},"81":{"start":{"line":82,"column":0},"end":{"line":82,"column":9}},"82":{"start":{"line":83,"column":0},"end":{"line":83,"column":5}},"83":{"start":{"line":84,"column":0},"end":{"line":84,"column":4}},"84":{"start":{"line":85,"column":0},"end":{"line":85,"column":2}},"86":{"start":{"line":87,"column":0},"end":{"line":87,"column":45}},"87":{"start":{"line":88,"column":0},"end":{"line":88,"column":33}},"88":{"start":{"line":89,"column":0},"end":{"line":89,"column":21}},"89":{"start":{"line":90,"column":0},"end":{"line":90,"column":27}},"90":{"start":{"line":91,"column":0},"end":{"line":91,"column":37}},"91":{"start":{"line":92,"column":0},"end":{"line":92,"column":51}},"92":{"start":{"line":93,"column":0},"end":{"line":93,"column":83}},"93":{"start":{"line":94,"column":0},"end":{"line":94,"column":41}},"94":{"start":{"line":95,"column":0},"end":{"line":95,"column":46}},"95":{"start":{"line":96,"column":0},"end":{"line":96,"column":69}},"97":{"start":{"line":98,"column":0},"end":{"line":98,"column":27}},"98":{"start":{"line":99,"column":0},"end":{"line":99,"column":29}},"99":{"start":{"line":100,"column":0},"end":{"line":100,"column":49}},"100":{"start":{"line":101,"column":0},"end":{"line":101,"column":60}},"101":{"start":{"line":102,"column":0},"end":{"line":102,"column":43}},"102":{"start":{"line":103,"column":0},"end":{"line":103,"column":41}},"103":{"start":{"line":104,"column":0},"end":{"line":104,"column":5}},"104":{"start":{"line":105,"column":0},"end":{"line":105,"column":87}},"105":{"start":{"line":106,"column":0},"end":{"line":106,"column":21}},"106":{"start":{"line":107,"column":0},"end":{"line":107,"column":14}},"107":{"start":{"line":108,"column":0},"end":{"line":108,"column":26}},"108":{"start":{"line":109,"column":0},"end":{"line":109,"column":59}},"109":{"start":{"line":110,"column":0},"end":{"line":110,"column":51}},"110":{"start":{"line":111,"column":0},"end":{"line":111,"column":9}},"111":{"start":{"line":112,"column":0},"end":{"line":112,"column":5}},"112":{"start":{"line":113,"column":0},"end":{"line":113,"column":4}},"113":{"start":{"line":114,"column":0},"end":{"line":114,"column":2}},"115":{"start":{"line":116,"column":0},"end":{"line":116,"column":36}},"116":{"start":{"line":117,"column":0},"end":{"line":117,"column":24}},"117":{"start":{"line":118,"column":0},"end":{"line":118,"column":21}},"118":{"start":{"line":119,"column":0},"end":{"line":119,"column":26}},"119":{"start":{"line":120,"column":0},"end":{"line":120,"column":37}},"120":{"start":{"line":121,"column":0},"end":{"line":121,"column":50}},"121":{"start":{"line":122,"column":0},"end":{"line":122,"column":34}},"122":{"start":{"line":123,"column":0},"end":{"line":123,"column":14}},"123":{"start":{"line":124,"column":0},"end":{"line":124,"column":26}},"124":{"start":{"line":125,"column":0},"end":{"line":125,"column":16}},"125":{"start":{"line":126,"column":0},"end":{"line":126,"column":81}},"127":{"start":{"line":128,"column":0},"end":{"line":128,"column":9}},"128":{"start":{"line":129,"column":0},"end":{"line":129,"column":5}},"129":{"start":{"line":130,"column":0},"end":{"line":130,"column":4}},"130":{"start":{"line":131,"column":0},"end":{"line":131,"column":2}},"132":{"start":{"line":133,"column":0},"end":{"line":133,"column":100}}},"s":{"1":1,"4":1,"6":1,"7":1,"8":1,"9":1,"10":1,"11":90,"12":90,"13":2,"14":2,"15":2,"16":2,"17":2,"18":2,"19":90,"22":4,"23":4,"24":4,"25":4,"26":4,"27":4,"28":4,"29":90,"30":168,"31":168,"32":1,"33":168,"34":2,"35":2,"36":2,"37":2,"38":2,"39":2,"40":168,"41":84,"42":90,"43":1,"44":1,"45":1,"46":1,"47":1,"48":1,"49":90,"50":1,"52":1,"53":1,"54":1,"55":1,"56":1,"57":90,"58":90,"59":85,"60":90,"61":1,"62":1,"63":1,"64":1,"65":1,"66":1,"67":90,"68":1,"69":1,"70":1,"71":1,"73":1,"74":1,"75":1,"76":90,"77":1,"78":1,"79":1,"80":1,"81":1,"82":1,"83":90,"84":1,"86":1,"87":1,"88":1,"89":1,"90":1,"91":91,"92":91,"93":83,"94":83,"95":83,"97":83,"98":83,"99":83,"100":91,"101":4,"102":4,"103":4,"104":91,"105":91,"106":11,"107":11,"108":11,"109":11,"110":11,"111":11,"112":91,"113":1,"115":1,"116":1,"117":1,"118":1,"119":1,"120":90,"121":90,"122":8,"123":8,"124":8,"125":8,"127":8,"128":8,"129":90,"130":1,"132":1},"branchMap":{"0":{"type":"branch","line":11,"loc":{"start":{"line":11,"column":2},"end":{"line":50,"column":4}},"locations":[{"start":{"line":11,"column":2},"end":{"line":50,"column":4}}]},"1":{"type":"branch","line":13,"loc":{"start":{"line":13,"column":21},"end":{"line":19,"column":5}},"locations":[{"start":{"line":13,"column":21},"end":{"line":19,"column":5}}]},"2":{"type":"branch","line":19,"loc":{"start":{"line":19,"column":4},"end":{"line":20,"column":23}},"locations":[{"start":{"line":19,"column":4},"end":{"line":20,"column":23}}]},"3":{"type":"branch","line":20,"loc":{"start":{"line":20,"column":23},"end":{"line":29,"column":5}},"locations":[{"start":{"line":20,"column":23},"end":{"line":29,"column":5}}]},"4":{"type":"branch","line":29,"loc":{"start":{"line":29,"column":4},"end":{"line":30,"column":56}},"locations":[{"start":{"line":29,"column":4},"end":{"line":30,"column":56}}]},"5":{"type":"branch","line":30,"loc":{"start":{"line":30,"column":56},"end":{"line":41,"column":5}},"locations":[{"start":{"line":30,"column":56},"end":{"line":41,"column":5}}]},"6":{"type":"branch","line":32,"loc":{"start":{"line":32,"column":20},"end":{"line":32,"column":49}},"locations":[{"start":{"line":32,"column":20},"end":{"line":32,"column":49}}]},"7":{"type":"branch","line":32,"loc":{"start":{"line":32,"column":49},"end":{"line":34,"column":17}},"locations":[{"start":{"line":32,"column":49},"end":{"line":34,"column":17}}]},"8":{"type":"branch","line":34,"loc":{"start":{"line":34,"column":6},"end":{"line":40,"column":7}},"locations":[{"start":{"line":34,"column":6},"end":{"line":40,"column":7}}]},"9":{"type":"branch","line":34,"loc":{"start":{"line":34,"column":34},"end":{"line":34,"column":67}},"locations":[{"start":{"line":34,"column":34},"end":{"line":34,"column":67}}]},"10":{"type":"branch","line":34,"loc":{"start":{"line":34,"column":67},"end":{"line":40,"column":7}},"locations":[{"start":{"line":34,"column":67},"end":{"line":40,"column":7}}]},"11":{"type":"branch","line":41,"loc":{"start":{"line":41,"column":4},"end":{"line":43,"column":45}},"locations":[{"start":{"line":41,"column":4},"end":{"line":43,"column":45}}]},"12":{"type":"branch","line":43,"loc":{"start":{"line":43,"column":33},"end":{"line":43,"column":73}},"locations":[{"start":{"line":43,"column":33},"end":{"line":43,"column":73}}]},"13":{"type":"branch","line":43,"loc":{"start":{"line":43,"column":73},"end":{"line":49,"column":5}},"locations":[{"start":{"line":43,"column":73},"end":{"line":49,"column":5}}]},"14":{"type":"branch","line":57,"loc":{"start":{"line":57,"column":2},"end":{"line":84,"column":4}},"locations":[{"start":{"line":57,"column":2},"end":{"line":84,"column":4}}]},"15":{"type":"branch","line":59,"loc":{"start":{"line":59,"column":24},"end":{"line":59,"column":49}},"locations":[{"start":{"line":59,"column":24},"end":{"line":59,"column":49}}]},"16":{"type":"branch","line":59,"loc":{"start":{"line":59,"column":49},"end":{"line":59,"column":91}},"locations":[{"start":{"line":59,"column":49},"end":{"line":59,"column":91}}]},"17":{"type":"branch","line":59,"loc":{"start":{"line":59,"column":49},"end":{"line":61,"column":26}},"locations":[{"start":{"line":59,"column":49},"end":{"line":61,"column":26}}]},"18":{"type":"branch","line":61,"loc":{"start":{"line":61,"column":26},"end":{"line":67,"column":5}},"locations":[{"start":{"line":61,"column":26},"end":{"line":67,"column":5}}]},"19":{"type":"branch","line":67,"loc":{"start":{"line":67,"column":4},"end":{"line":68,"column":34}},"locations":[{"start":{"line":67,"column":4},"end":{"line":68,"column":34}}]},"20":{"type":"branch","line":68,"loc":{"start":{"line":68,"column":34},"end":{"line":76,"column":5}},"locations":[{"start":{"line":68,"column":34},"end":{"line":76,"column":5}}]},"21":{"type":"branch","line":76,"loc":{"start":{"line":76,"column":4},"end":{"line":77,"column":33}},"locations":[{"start":{"line":76,"column":4},"end":{"line":77,"column":33}}]},"22":{"type":"branch","line":77,"loc":{"start":{"line":77,"column":33},"end":{"line":83,"column":5}},"locations":[{"start":{"line":77,"column":33},"end":{"line":83,"column":5}}]},"23":{"type":"branch","line":91,"loc":{"start":{"line":91,"column":2},"end":{"line":113,"column":4}},"locations":[{"start":{"line":91,"column":2},"end":{"line":113,"column":4}}]},"24":{"type":"branch","line":93,"loc":{"start":{"line":93,"column":41},"end":{"line":93,"column":83}},"locations":[{"start":{"line":93,"column":41},"end":{"line":93,"column":83}}]},"25":{"type":"branch","line":93,"loc":{"start":{"line":93,"column":41},"end":{"line":101,"column":28}},"locations":[{"start":{"line":93,"column":41},"end":{"line":101,"column":28}}]},"26":{"type":"branch","line":101,"loc":{"start":{"line":101,"column":8},"end":{"line":101,"column":59}},"locations":[{"start":{"line":101,"column":8},"end":{"line":101,"column":59}}]},"27":{"type":"branch","line":101,"loc":{"start":{"line":101,"column":59},"end":{"line":104,"column":5}},"locations":[{"start":{"line":101,"column":59},"end":{"line":104,"column":5}}]},"28":{"type":"branch","line":104,"loc":{"start":{"line":104,"column":4},"end":{"line":105,"column":36}},"locations":[{"start":{"line":104,"column":4},"end":{"line":105,"column":36}}]},"29":{"type":"branch","line":105,"loc":{"start":{"line":105,"column":26},"end":{"line":105,"column":70}},"locations":[{"start":{"line":105,"column":26},"end":{"line":105,"column":70}}]},"30":{"type":"branch","line":105,"loc":{"start":{"line":105,"column":66},"end":{"line":105,"column":87}},"locations":[{"start":{"line":105,"column":66},"end":{"line":105,"column":87}}]},"31":{"type":"branch","line":106,"loc":{"start":{"line":106,"column":20},"end":{"line":112,"column":5}},"locations":[{"start":{"line":106,"column":20},"end":{"line":112,"column":5}}]},"32":{"type":"branch","line":120,"loc":{"start":{"line":120,"column":2},"end":{"line":130,"column":4}},"locations":[{"start":{"line":120,"column":2},"end":{"line":130,"column":4}}]},"33":{"type":"branch","line":122,"loc":{"start":{"line":122,"column":33},"end":{"line":129,"column":5}},"locations":[{"start":{"line":122,"column":33},"end":{"line":129,"column":5}}]}},"b":{"0":[90],"1":[2],"2":[88],"3":[4],"4":[84],"5":[168],"6":[167],"7":[1],"8":[167],"9":[165],"10":[2],"11":[84],"12":[12],"13":[1],"14":[90],"15":[85],"16":[5],"17":[85],"18":[1],"19":[85],"20":[1],"21":[85],"22":[1],"23":[91],"24":[8],"25":[83],"26":[15],"27":[4],"28":[83],"29":[1],"30":[82],"31":[11],"32":[90],"33":[8]},"fnMap":{"0":{"name":"check","decl":{"start":{"line":11,"column":2},"end":{"line":50,"column":4}},"loc":{"start":{"line":11,"column":2},"end":{"line":50,"column":4}},"line":11},"1":{"name":"check","decl":{"start":{"line":57,"column":2},"end":{"line":84,"column":4}},"loc":{"start":{"line":57,"column":2},"end":{"line":84,"column":4}},"line":57},"2":{"name":"check","decl":{"start":{"line":91,"column":2},"end":{"line":113,"column":4}},"loc":{"start":{"line":91,"column":2},"end":{"line":113,"column":4}},"line":91},"3":{"name":"check","decl":{"start":{"line":120,"column":2},"end":{"line":130,"column":4}},"loc":{"start":{"line":120,"column":2},"end":{"line":130,"column":4}},"line":120}},"f":{"0":90,"1":90,"2":91,"3":90}}
,"/Users/dmitri/dev/agent-skills-lint/src/rules/types.ts": {"path":"/Users/dmitri/dev/agent-skills-lint/src/rules/types.ts","all":false,"statementMap":{"31":{"start":{"line":32,"column":0},"end":{"line":32,"column":93}},"32":{"start":{"line":33,"column":0},"end":{"line":33,"column":24}},"33":{"start":{"line":34,"column":0},"end":{"line":34,"column":46}},"34":{"start":{"line":35,"column":0},"end":{"line":35,"column":1}},"36":{"start":{"line":37,"column":0},"end":{"line":37,"column":93}},"37":{"start":{"line":38,"column":0},"end":{"line":38,"column":24}},"38":{"start":{"line":39,"column":0},"end":{"line":39,"column":46}},"39":{"start":{"line":40,"column":0},"end":{"line":40,"column":1}},"41":{"start":{"line":42,"column":0},"end":{"line":42,"column":96}},"42":{"start":{"line":43,"column":0},"end":{"line":43,"column":24}},"43":{"start":{"line":44,"column":0},"end":{"line":44,"column":47}},"44":{"start":{"line":45,"column":0},"end":{"line":45,"column":1}}},"s":{"31":1,"32":208,"33":208,"34":208,"36":1,"37":84,"38":84,"39":84,"41":1,"42":84,"43":84,"44":84},"branchMap":{"0":{"type":"branch","line":32,"loc":{"start":{"line":32,"column":7},"end":{"line":35,"column":1}},"locations":[{"start":{"line":32,"column":7},"end":{"line":35,"column":1}}]},"1":{"type":"branch","line":34,"loc":{"start":{"line":34,"column":22},"end":{"line":34,"column":37}},"locations":[{"start":{"line":34,"column":22},"end":{"line":34,"column":37}}]},"2":{"type":"branch","line":34,"loc":{"start":{"line":34,"column":33},"end":{"line":34,"column":46}},"locations":[{"start":{"line":34,"column":33},"end":{"line":34,"column":46}}]},"3":{"type":"branch","line":37,"loc":{"start":{"line":37,"column":7},"end":{"line":40,"column":1}},"locations":[{"start":{"line":37,"column":7},"end":{"line":40,"column":1}}]},"4":{"type":"branch","line":39,"loc":{"start":{"line":39,"column":22},"end":{"line":39,"column":37}},"locations":[{"start":{"line":39,"column":22},"end":{"line":39,"column":37}}]},"5":{"type":"branch","line":39,"loc":{"start":{"line":39,"column":33},"end":{"line":39,"column":46}},"locations":[{"start":{"line":39,"column":33},"end":{"line":39,"column":46}}]},"6":{"type":"branch","line":42,"loc":{"start":{"line":42,"column":7},"end":{"line":45,"column":1}},"locations":[{"start":{"line":42,"column":7},"end":{"line":45,"column":1}}]},"7":{"type":"branch","line":44,"loc":{"start":{"line":44,"column":22},"end":{"line":44,"column":38}},"locations":[{"start":{"line":44,"column":22},"end":{"line":44,"column":38}}]},"8":{"type":"branch","line":44,"loc":{"start":{"line":44,"column":34},"end":{"line":44,"column":47}},"locations":[{"start":{"line":44,"column":34},"end":{"line":44,"column":47}}]}},"b":{"0":[208],"1":[207],"2":[1],"3":[84],"4":[83],"5":[1],"6":[84],"7":[15],"8":[69]},"fnMap":{"0":{"name":"num","decl":{"start":{"line":32,"column":7},"end":{"line":35,"column":1}},"loc":{"start":{"line":32,"column":7},"end":{"line":35,"column":1}},"line":32},"1":{"name":"str","decl":{"start":{"line":37,"column":7},"end":{"line":40,"column":1}},"loc":{"start":{"line":37,"column":7},"end":{"line":40,"column":1}},"line":37},"2":{"name":"bool","decl":{"start":{"line":42,"column":7},"end":{"line":45,"column":1}},"loc":{"start":{"line":42,"column":7},"end":{"line":45,"column":1}},"line":42}},"f":{"0":208,"1":84,"2":84}}
}
